[16:06:07][NioProcessor-3] - 打开一个客户端连接/127.0.0.1:47491
[16:06:11][NioProcessor-3] - 收到消息-->ReqLoginMessage [accountId=10000, password=winturn]
[16:06:16][NioProcessor-3] - 收到消息-->ReqKapaiNewMessage [id=0, dalei=1, bingzhong=1011]
[16:06:16][message-task-handler-thread-1] - KapaiListener捕捉到事件EventKapaiNew [playerId=10000,eventType=KAPAI_NEW, dalei=1, bingzhong=1011]
[16:06:16][message-task-handler-thread-1] - 
java.lang.reflect.InvocationTargetException
	at sun.reflect.NativeMethodAccessorImpl.invoke0(Native Method)
	at sun.reflect.NativeMethodAccessorImpl.invoke(Unknown Source)
	at sun.reflect.DelegatingMethodAccessorImpl.invoke(Unknown Source)
	at java.lang.reflect.Method.invoke(Unknown Source)
	at game_server_parent.master.listener.ListenerManager.fireEvent(ListenerManager.java:69)
	at game_server_parent.master.listener.EventDispatcher.lambda$0(EventDispatcher.java:79)
	at java.util.concurrent.CopyOnWriteArrayList.forEach(Unknown Source)
	at java.util.concurrent.CopyOnWriteArraySet.forEach(Unknown Source)
	at game_server_parent.master.listener.EventDispatcher.triggerEvent(EventDispatcher.java:77)
	at game_server_parent.master.listener.EventDispatcher.fireEvent(EventDispatcher.java:65)
	at game_server_parent.master.game.kapai.KapaiController.reqKapaiNew(KapaiController.java:34)
	at sun.reflect.NativeMethodAccessorImpl.invoke0(Native Method)
	at sun.reflect.NativeMethodAccessorImpl.invoke(Unknown Source)
	at sun.reflect.DelegatingMethodAccessorImpl.invoke(Unknown Source)
	at java.lang.reflect.Method.invoke(Unknown Source)
	at game_server_parent.master.net.context.MessageTask.action(MessageTask.java:44)
	at game_server_parent.master.net.context.TaskHandlerContext$TaskWorker.run(TaskHandlerContext.java:80)
	at java.lang.Thread.run(Unknown Source)
Caused by: java.lang.NullPointerException
	at game_server_parent.master.game.kapai.KapaiManager.getNextId(KapaiManager.java:63)
	at game_server_parent.master.game.kapai.KapaiManager.createNewKapai(KapaiManager.java:38)
	at game_server_parent.master.game.kapai.KapaiListener.onKapaiNew(KapaiListener.java:41)
	... 18 more
[16:06:38][NioProcessor-3] - 客户端连接错误/127.0.0.1:47491， server exception 远程主机强迫关闭了一个现有的连接。
[16:06:38][NioProcessor-3] - 客户端/127.0.0.1:47491 断开连接
[16:11:22][main] - 本服serverId为10001,后台端口为8080
[16:11:22][main] - 初始化数据库连接池……
[16:11:22][main] - Proxool 0.9.1 (23-Aug-2008 11:10)
[16:11:22][HouseKeeper] - Proxool statistics legend: "s - r  (a/t/o)" > s=served, r=refused (only shown if non-zero), a=active, t=total, o=offline (being tested)
[16:11:23][main] - socket启动端口为9528,正在监听客户端的连接
[16:11:23][main] - 
java.net.BindException: Address already in use: bind
	at sun.nio.ch.Net.bind0(Native Method)
	at sun.nio.ch.Net.bind(Unknown Source)
	at sun.nio.ch.Net.bind(Unknown Source)
	at sun.nio.ch.ServerSocketChannelImpl.bind(Unknown Source)
	at sun.nio.ch.ServerSocketAdaptor.bind(Unknown Source)
	at org.apache.mina.transport.socket.nio.NioSocketAcceptor.open(NioSocketAcceptor.java:198)
	at org.apache.mina.transport.socket.nio.NioSocketAcceptor.open(NioSocketAcceptor.java:51)
	at org.apache.mina.core.polling.AbstractPollingIoAcceptor.registerHandles(AbstractPollingIoAcceptor.java:547)
	at org.apache.mina.core.polling.AbstractPollingIoAcceptor.access$400(AbstractPollingIoAcceptor.java:68)
	at org.apache.mina.core.polling.AbstractPollingIoAcceptor$Acceptor.run(AbstractPollingIoAcceptor.java:422)
	at org.apache.mina.util.NamePreservingRunnable.run(NamePreservingRunnable.java:64)
	at java.util.concurrent.ThreadPoolExecutor.runWorker(Unknown Source)
	at java.util.concurrent.ThreadPoolExecutor$Worker.run(Unknown Source)
	at java.lang.Thread.run(Unknown Source)
[16:11:23][main] - 
java.net.BindException: Address already in use: bind
	at sun.nio.ch.Net.bind0(Native Method)
	at sun.nio.ch.Net.bind(Unknown Source)
	at sun.nio.ch.Net.bind(Unknown Source)
	at sun.nio.ch.ServerSocketChannelImpl.bind(Unknown Source)
	at sun.nio.ch.ServerSocketAdaptor.bind(Unknown Source)
	at org.apache.mina.transport.socket.nio.NioSocketAcceptor.open(NioSocketAcceptor.java:198)
	at org.apache.mina.transport.socket.nio.NioSocketAcceptor.open(NioSocketAcceptor.java:51)
	at org.apache.mina.core.polling.AbstractPollingIoAcceptor.registerHandles(AbstractPollingIoAcceptor.java:547)
	at org.apache.mina.core.polling.AbstractPollingIoAcceptor.access$400(AbstractPollingIoAcceptor.java:68)
	at org.apache.mina.core.polling.AbstractPollingIoAcceptor$Acceptor.run(AbstractPollingIoAcceptor.java:422)
	at org.apache.mina.util.NamePreservingRunnable.run(NamePreservingRunnable.java:64)
	at java.util.concurrent.ThreadPoolExecutor.runWorker(Unknown Source)
	at java.util.concurrent.ThreadPoolExecutor$Worker.run(Unknown Source)
	at java.lang.Thread.run(Unknown Source)
[16:11:23][main] - 游戏服务启动，耗时[976]毫秒
[16:12:04][main] - 本服serverId为10001,后台端口为8080
[16:12:04][main] - 初始化数据库连接池……
[16:12:04][main] - Proxool 0.9.1 (23-Aug-2008 11:10)
[16:12:04][HouseKeeper] - Proxool statistics legend: "s - r  (a/t/o)" > s=served, r=refused (only shown if non-zero), a=active, t=total, o=offline (being tested)
[16:12:05][main] - socket启动端口为9528,正在监听客户端的连接
[16:12:05][main] - 游戏服务启动，耗时[799]毫秒
[16:12:14][NioProcessor-2] - 打开一个客户端连接/127.0.0.1:47708
[16:12:27][NioProcessor-2] - 收到消息-->ReqLoginMessage [accountId=10000, password=winturn]
[16:12:54][NioProcessor-2] - 收到消息-->ReqKapaiNewMessage [id=0, dalei=1, bingzhong=1011]
[16:12:54][message-task-handler-thread-1] - KapaiListener捕捉到事件EventKapaiNew [playerId=10000,eventType=KAPAI_NEW, dalei=1, bingzhong=1011]
[16:12:54][message-task-handler-thread-1] - 
java.lang.reflect.InvocationTargetException
	at sun.reflect.NativeMethodAccessorImpl.invoke0(Native Method)
	at sun.reflect.NativeMethodAccessorImpl.invoke(Unknown Source)
	at sun.reflect.DelegatingMethodAccessorImpl.invoke(Unknown Source)
	at java.lang.reflect.Method.invoke(Unknown Source)
	at game_server_parent.master.listener.ListenerManager.fireEvent(ListenerManager.java:69)
	at game_server_parent.master.listener.EventDispatcher.lambda$0(EventDispatcher.java:79)
	at java.util.concurrent.CopyOnWriteArrayList.forEach(Unknown Source)
	at java.util.concurrent.CopyOnWriteArraySet.forEach(Unknown Source)
	at game_server_parent.master.listener.EventDispatcher.triggerEvent(EventDispatcher.java:77)
	at game_server_parent.master.listener.EventDispatcher.fireEvent(EventDispatcher.java:65)
	at game_server_parent.master.game.kapai.KapaiController.reqKapaiNew(KapaiController.java:34)
	at sun.reflect.NativeMethodAccessorImpl.invoke0(Native Method)
	at sun.reflect.NativeMethodAccessorImpl.invoke(Unknown Source)
	at sun.reflect.DelegatingMethodAccessorImpl.invoke(Unknown Source)
	at java.lang.reflect.Method.invoke(Unknown Source)
	at game_server_parent.master.net.context.MessageTask.action(MessageTask.java:44)
	at game_server_parent.master.net.context.TaskHandlerContext$TaskWorker.run(TaskHandlerContext.java:80)
	at java.lang.Thread.run(Unknown Source)
Caused by: java.lang.NullPointerException
	at game_server_parent.master.game.kapai.KapaiManager.getNextId(KapaiManager.java:63)
	at game_server_parent.master.game.kapai.KapaiManager.createNewKapai(KapaiManager.java:38)
	at game_server_parent.master.game.kapai.KapaiListener.onKapaiNew(KapaiListener.java:39)
	... 18 more
[16:16:30][main] - 本服serverId为10001,后台端口为8080
[16:16:30][main] - 初始化数据库连接池……
[16:16:30][main] - Proxool 0.9.1 (23-Aug-2008 11:10)
[16:16:30][HouseKeeper] - Proxool statistics legend: "s - r  (a/t/o)" > s=served, r=refused (only shown if non-zero), a=active, t=total, o=offline (being tested)
[16:16:31][main] - socket启动端口为9528,正在监听客户端的连接
[16:16:31][main] - 游戏服务启动，耗时[931]毫秒
[16:17:05][NioProcessor-2] - 打开一个客户端连接/127.0.0.1:47931
[16:17:11][NioProcessor-2] - 客户端连接错误/127.0.0.1:47931， server exception 远程主机强迫关闭了一个现有的连接。
[16:17:11][NioProcessor-2] - 客户端/127.0.0.1:47931 断开连接
[16:18:22][NioProcessor-3] - 打开一个客户端连接/127.0.0.1:47968
[16:18:26][NioProcessor-3] - 收到消息-->ReqLoginMessage [accountId=10000, password=winturn]
[16:18:33][NioProcessor-3] - 收到消息-->ReqKapaiNewMessage [id=0, dalei=1, bingzhong=1011]
[16:18:33][message-task-handler-thread-1] - KapaiListener捕捉到事件EventKapaiNew [playerId=10000,eventType=KAPAI_NEW, dalei=1, bingzhong=1011]
[16:18:59][message-task-handler-thread-1] - 
java.lang.reflect.InvocationTargetException
	at sun.reflect.NativeMethodAccessorImpl.invoke0(Native Method)
	at sun.reflect.NativeMethodAccessorImpl.invoke(Unknown Source)
	at sun.reflect.DelegatingMethodAccessorImpl.invoke(Unknown Source)
	at java.lang.reflect.Method.invoke(Unknown Source)
	at game_server_parent.master.listener.ListenerManager.fireEvent(ListenerManager.java:69)
	at game_server_parent.master.listener.EventDispatcher.lambda$0(EventDispatcher.java:79)
	at java.util.concurrent.CopyOnWriteArrayList.forEach(Unknown Source)
	at java.util.concurrent.CopyOnWriteArraySet.forEach(Unknown Source)
	at game_server_parent.master.listener.EventDispatcher.triggerEvent(EventDispatcher.java:77)
	at game_server_parent.master.listener.EventDispatcher.fireEvent(EventDispatcher.java:65)
	at game_server_parent.master.game.kapai.KapaiController.reqKapaiNew(KapaiController.java:34)
	at sun.reflect.NativeMethodAccessorImpl.invoke0(Native Method)
	at sun.reflect.NativeMethodAccessorImpl.invoke(Unknown Source)
	at sun.reflect.DelegatingMethodAccessorImpl.invoke(Unknown Source)
	at java.lang.reflect.Method.invoke(Unknown Source)
	at game_server_parent.master.net.context.MessageTask.action(MessageTask.java:44)
	at game_server_parent.master.net.context.TaskHandlerContext$TaskWorker.run(TaskHandlerContext.java:80)
	at java.lang.Thread.run(Unknown Source)
Caused by: java.lang.NullPointerException
	at game_server_parent.master.game.kapai.KapaiManager.getNextId(KapaiManager.java:63)
	at game_server_parent.master.game.kapai.KapaiManager.createNewKapai(KapaiManager.java:38)
	at game_server_parent.master.game.kapai.KapaiListener.onKapaiNew(KapaiListener.java:39)
	... 18 more
[16:25:36][main] - 初始化数据库连接池……
[16:25:36][main] - Proxool 0.9.1 (23-Aug-2008 11:10)
[16:25:36][HouseKeeper] - Proxool statistics legend: "s - r  (a/t/o)" > s=served, r=refused (only shown if non-zero), a=active, t=total, o=offline (being tested)
[16:25:37][Shutdown Hook] - Shutting down 'user' pool immediately [Shutdown Hook]
[16:25:37][Shutdown Hook] - 'user' pool has been closed down by Shutdown Hook in 2 milliseconds.
[16:25:37][Shutdown Hook] - Shutting down 'data' pool immediately [Shutdown Hook]
[16:25:37][Shutdown Hook] - 'data' pool has been closed down by Shutdown Hook in 3 milliseconds.
[16:25:37][Shutdown Hook] - Stopping Prototyper thread
[16:25:37][Shutdown Hook] - Stopping HouseKeeper thread
[16:27:06][main] - 初始化数据库连接池……
[16:27:06][main] - Proxool 0.9.1 (23-Aug-2008 11:10)
[16:27:06][HouseKeeper] - Proxool statistics legend: "s - r  (a/t/o)" > s=served, r=refused (only shown if non-zero), a=active, t=total, o=offline (being tested)
[16:28:14][main] - 初始化数据库连接池……
[16:28:14][main] - Proxool 0.9.1 (23-Aug-2008 11:10)
[16:28:14][HouseKeeper] - Proxool statistics legend: "s - r  (a/t/o)" > s=served, r=refused (only shown if non-zero), a=active, t=total, o=offline (being tested)
[16:28:15][Shutdown Hook] - Shutting down 'user' pool immediately [Shutdown Hook]
[16:28:15][Shutdown Hook] - 'user' pool has been closed down by Shutdown Hook in 2 milliseconds.
[16:28:15][Shutdown Hook] - Shutting down 'data' pool immediately [Shutdown Hook]
[16:28:15][Shutdown Hook] - 'data' pool has been closed down by Shutdown Hook in 1 milliseconds.
[16:28:15][Shutdown Hook] - Stopping Prototyper thread
[16:28:15][Shutdown Hook] - Stopping HouseKeeper thread
[16:29:43][main] - 初始化数据库连接池……
[16:29:43][main] - Proxool 0.9.1 (23-Aug-2008 11:10)
[16:29:43][HouseKeeper] - Proxool statistics legend: "s - r  (a/t/o)" > s=served, r=refused (only shown if non-zero), a=active, t=total, o=offline (being tested)
[16:29:44][Shutdown Hook] - Shutting down 'user' pool immediately [Shutdown Hook]
[16:29:44][Shutdown Hook] - 'user' pool has been closed down by Shutdown Hook in 2 milliseconds.
[16:29:44][Shutdown Hook] - Shutting down 'data' pool immediately [Shutdown Hook]
[16:29:44][Shutdown Hook] - 'data' pool has been closed down by Shutdown Hook in 1 milliseconds.
[16:29:44][Shutdown Hook] - Stopping Prototyper thread
[16:29:44][Shutdown Hook] - Stopping HouseKeeper thread
[16:30:45][main] - 本服serverId为10001,后台端口为8080
[16:30:45][main] - 初始化数据库连接池……
[16:30:45][main] - Proxool 0.9.1 (23-Aug-2008 11:10)
[16:30:45][HouseKeeper] - Proxool statistics legend: "s - r  (a/t/o)" > s=served, r=refused (only shown if non-zero), a=active, t=total, o=offline (being tested)
[16:30:45][main] - DbUtils queryMany failed
com.mysql.jdbc.exceptions.jdbc4.MySQLSyntaxErrorException: Table 'game_data_001.configplayerlevel' doesn't exist
	at sun.reflect.NativeConstructorAccessorImpl.newInstance0(Native Method)
	at sun.reflect.NativeConstructorAccessorImpl.newInstance(Unknown Source)
	at sun.reflect.DelegatingConstructorAccessorImpl.newInstance(Unknown Source)
	at java.lang.reflect.Constructor.newInstance(Unknown Source)
	at com.mysql.jdbc.Util.handleNewInstance(Util.java:377)
	at com.mysql.jdbc.Util.getInstance(Util.java:360)
	at com.mysql.jdbc.SQLError.createSQLException(SQLError.java:978)
	at com.mysql.jdbc.MysqlIO.checkErrorPacket(MysqlIO.java:3887)
	at com.mysql.jdbc.MysqlIO.checkErrorPacket(MysqlIO.java:3823)
	at com.mysql.jdbc.MysqlIO.sendCommand(MysqlIO.java:2435)
	at com.mysql.jdbc.MysqlIO.sqlQueryDirect(MysqlIO.java:2582)
	at com.mysql.jdbc.ConnectionImpl.execSQL(ConnectionImpl.java:2526)
	at com.mysql.jdbc.ConnectionImpl.execSQL(ConnectionImpl.java:2484)
	at com.mysql.jdbc.StatementImpl.executeQuery(StatementImpl.java:1446)
	at sun.reflect.NativeMethodAccessorImpl.invoke0(Native Method)
	at sun.reflect.NativeMethodAccessorImpl.invoke(Unknown Source)
	at sun.reflect.DelegatingMethodAccessorImpl.invoke(Unknown Source)
	at java.lang.reflect.Method.invoke(Unknown Source)
	at org.logicalcobwebs.proxool.ProxyStatement.invoke(ProxyStatement.java:100)
	at org.logicalcobwebs.proxool.ProxyStatement.intercept(ProxyStatement.java:57)
	at $java.sql.Wrapper$$EnhancerByProxool$$12cec05f.executeQuery(<generated>)
	at game_server_parent.master.orm.utils.DbUtils.queryMany(DbUtils.java:108)
	at game_server_parent.master.game.database.config.container.ConfigPlayerLevelContainer.reload(ConfigPlayerLevelContainer.java:34)
	at game_server_parent.master.game.database.config.ConfigDatasPool.loadAllConfigs(ConfigDatasPool.java:42)
	at game_server_parent.master.GameServer.frameworkStart(GameServer.java:86)
	at game_server_parent.master.GameServer.start(GameServer.java:55)
	at game_server_parent.master.ServerStartup.main(ServerStartup.java:24)
[16:30:45][main] - socket启动端口为9528,正在监听客户端的连接
[16:30:45][main] - 游戏服务启动，耗时[895]毫秒
[16:33:00][main] - 本服serverId为10001,后台端口为8080
[16:33:00][main] - 初始化数据库连接池……
[16:33:00][main] - Proxool 0.9.1 (23-Aug-2008 11:10)
[16:33:00][HouseKeeper] - Proxool statistics legend: "s - r  (a/t/o)" > s=served, r=refused (only shown if non-zero), a=active, t=total, o=offline (being tested)
[16:33:00][main] - DbUtils queryMany failed
com.mysql.jdbc.exceptions.jdbc4.MySQLSyntaxErrorException: Table 'game_data_001.configplayerlevel' doesn't exist
	at sun.reflect.NativeConstructorAccessorImpl.newInstance0(Native Method)
	at sun.reflect.NativeConstructorAccessorImpl.newInstance(Unknown Source)
	at sun.reflect.DelegatingConstructorAccessorImpl.newInstance(Unknown Source)
	at java.lang.reflect.Constructor.newInstance(Unknown Source)
	at com.mysql.jdbc.Util.handleNewInstance(Util.java:377)
	at com.mysql.jdbc.Util.getInstance(Util.java:360)
	at com.mysql.jdbc.SQLError.createSQLException(SQLError.java:978)
	at com.mysql.jdbc.MysqlIO.checkErrorPacket(MysqlIO.java:3887)
	at com.mysql.jdbc.MysqlIO.checkErrorPacket(MysqlIO.java:3823)
	at com.mysql.jdbc.MysqlIO.sendCommand(MysqlIO.java:2435)
	at com.mysql.jdbc.MysqlIO.sqlQueryDirect(MysqlIO.java:2582)
	at com.mysql.jdbc.ConnectionImpl.execSQL(ConnectionImpl.java:2526)
	at com.mysql.jdbc.ConnectionImpl.execSQL(ConnectionImpl.java:2484)
	at com.mysql.jdbc.StatementImpl.executeQuery(StatementImpl.java:1446)
	at sun.reflect.NativeMethodAccessorImpl.invoke0(Native Method)
	at sun.reflect.NativeMethodAccessorImpl.invoke(Unknown Source)
	at sun.reflect.DelegatingMethodAccessorImpl.invoke(Unknown Source)
	at java.lang.reflect.Method.invoke(Unknown Source)
	at org.logicalcobwebs.proxool.ProxyStatement.invoke(ProxyStatement.java:100)
	at org.logicalcobwebs.proxool.ProxyStatement.intercept(ProxyStatement.java:57)
	at $java.sql.Wrapper$$EnhancerByProxool$$78e1be65.executeQuery(<generated>)
	at game_server_parent.master.orm.utils.DbUtils.queryMany(DbUtils.java:108)
	at game_server_parent.master.game.database.config.container.ConfigPlayerLevelContainer.reload(ConfigPlayerLevelContainer.java:34)
	at game_server_parent.master.game.database.config.ConfigDatasPool.loadAllConfigs(ConfigDatasPool.java:42)
	at game_server_parent.master.GameServer.frameworkStart(GameServer.java:86)
	at game_server_parent.master.GameServer.start(GameServer.java:55)
	at game_server_parent.master.ServerStartup.main(ServerStartup.java:24)
[16:33:00][main] - socket启动端口为9528,正在监听客户端的连接
[16:33:00][main] - 游戏服务启动，耗时[806]毫秒
[16:33:08][NioProcessor-2] - 打开一个客户端连接/127.0.0.1:48481
[16:33:11][NioProcessor-2] - 收到消息-->ReqLoginMessage [accountId=10000, password=winturn]
[16:33:18][NioProcessor-2] - 收到消息-->ReqKapaiNewMessage [id=0, dalei=1, bingzhong=1011]
[16:33:18][message-task-handler-thread-1] - KapaiListener捕捉到事件EventKapaiNew [playerId=10000,eventType=KAPAI_NEW, dalei=1, bingzhong=1011]
[16:33:18][db-save-service-thread-1] - [save] INSERT INTO kapai (`player_id`,`kapai_id`,`xingji`,`id`,`s_dengji`,`bingzhong`,`pinzhi`,`dalei`,`jiachengbi`,`jingyan`) VALUES ('10000','10005','0','2815129898535747591','0','1011','0','1','0','0')
[16:34:50][NioProcessor-2] - 客户端连接错误/127.0.0.1:48481， server exception 远程主机强迫关闭了一个现有的连接。
[16:34:50][NioProcessor-2] - 客户端/127.0.0.1:48481 断开连接
[16:34:53][NioProcessor-3] - 打开一个客户端连接/127.0.0.1:48532
[16:34:56][NioProcessor-3] - 收到消息-->ReqLoginMessage [accountId=10000, password=winturn]
[16:35:02][NioProcessor-3] - 客户端连接错误/127.0.0.1:48532， server exception 远程主机强迫关闭了一个现有的连接。
[16:35:02][NioProcessor-3] - 客户端/127.0.0.1:48532 断开连接
[16:36:12][main] - 本服serverId为10001,后台端口为8080
[16:36:12][main] - 初始化数据库连接池……
[16:36:12][main] - Proxool 0.9.1 (23-Aug-2008 11:10)
[16:36:12][HouseKeeper] - Proxool statistics legend: "s - r  (a/t/o)" > s=served, r=refused (only shown if non-zero), a=active, t=total, o=offline (being tested)
[16:36:13][main] - DbUtils queryMany failed
com.mysql.jdbc.exceptions.jdbc4.MySQLSyntaxErrorException: Table 'game_data_001.configplayerlevel' doesn't exist
	at sun.reflect.NativeConstructorAccessorImpl.newInstance0(Native Method)
	at sun.reflect.NativeConstructorAccessorImpl.newInstance(Unknown Source)
	at sun.reflect.DelegatingConstructorAccessorImpl.newInstance(Unknown Source)
	at java.lang.reflect.Constructor.newInstance(Unknown Source)
	at com.mysql.jdbc.Util.handleNewInstance(Util.java:377)
	at com.mysql.jdbc.Util.getInstance(Util.java:360)
	at com.mysql.jdbc.SQLError.createSQLException(SQLError.java:978)
	at com.mysql.jdbc.MysqlIO.checkErrorPacket(MysqlIO.java:3887)
	at com.mysql.jdbc.MysqlIO.checkErrorPacket(MysqlIO.java:3823)
	at com.mysql.jdbc.MysqlIO.sendCommand(MysqlIO.java:2435)
	at com.mysql.jdbc.MysqlIO.sqlQueryDirect(MysqlIO.java:2582)
	at com.mysql.jdbc.ConnectionImpl.execSQL(ConnectionImpl.java:2526)
	at com.mysql.jdbc.ConnectionImpl.execSQL(ConnectionImpl.java:2484)
	at com.mysql.jdbc.StatementImpl.executeQuery(StatementImpl.java:1446)
	at sun.reflect.NativeMethodAccessorImpl.invoke0(Native Method)
	at sun.reflect.NativeMethodAccessorImpl.invoke(Unknown Source)
	at sun.reflect.DelegatingMethodAccessorImpl.invoke(Unknown Source)
	at java.lang.reflect.Method.invoke(Unknown Source)
	at org.logicalcobwebs.proxool.ProxyStatement.invoke(ProxyStatement.java:100)
	at org.logicalcobwebs.proxool.ProxyStatement.intercept(ProxyStatement.java:57)
	at $java.sql.Wrapper$$EnhancerByProxool$$d69f24ad.executeQuery(<generated>)
	at game_server_parent.master.orm.utils.DbUtils.queryMany(DbUtils.java:108)
	at game_server_parent.master.game.database.config.container.ConfigPlayerLevelContainer.reload(ConfigPlayerLevelContainer.java:34)
	at game_server_parent.master.game.database.config.ConfigDatasPool.loadAllConfigs(ConfigDatasPool.java:42)
	at game_server_parent.master.GameServer.frameworkStart(GameServer.java:86)
	at game_server_parent.master.GameServer.start(GameServer.java:55)
	at game_server_parent.master.ServerStartup.main(ServerStartup.java:24)
[16:36:13][main] - socket启动端口为9528,正在监听客户端的连接
[16:36:13][main] - 游戏服务启动，耗时[789]毫秒
[16:36:42][NioProcessor-2] - 打开一个客户端连接/127.0.0.1:48620
[16:36:46][NioProcessor-2] - 收到消息-->ReqLoginMessage [accountId=10000, password=winturn]
[16:36:51][NioProcessor-2] - 收到消息-->ReqKapaiNewMessage [id=0, dalei=1, bingzhong=1011]
[16:36:51][message-task-handler-thread-1] - KapaiListener捕捉到事件EventKapaiNew [playerId=10000,eventType=KAPAI_NEW, dalei=1, bingzhong=1011]
[16:36:51][db-save-service-thread-1] - [save] INSERT INTO kapai (`player_id`,`kapai_id`,`xingji`,`id`,`s_dengji`,`bingzhong`,`pinzhi`,`dalei`,`jiachengbi`,`jingyan`) VALUES ('10000','10006','1','2815129898549706760','1','1011','1','1','0','0')
[16:37:15][NioProcessor-2] - 收到消息-->ReqKapaiNewMessage [id=0, dalei=1, bingzhong=1011]
[16:37:15][message-task-handler-thread-1] - KapaiListener捕捉到事件EventKapaiNew [playerId=10000,eventType=KAPAI_NEW, dalei=1, bingzhong=1011]
[16:37:15][db-save-service-thread-1] - [save] INSERT INTO kapai (`player_id`,`kapai_id`,`xingji`,`id`,`s_dengji`,`bingzhong`,`pinzhi`,`dalei`,`jiachengbi`,`jingyan`) VALUES ('10000','10007','1','2815129898551279625','1','1011','1','1','0','0')
[16:48:21][main] - 本服serverId为10001,后台端口为8080
[16:48:21][main] - 初始化数据库连接池……
[16:48:21][main] - Proxool 0.9.1 (23-Aug-2008 11:10)
[16:48:21][HouseKeeper] - Proxool statistics legend: "s - r  (a/t/o)" > s=served, r=refused (only shown if non-zero), a=active, t=total, o=offline (being tested)
[16:48:22][main] - socket启动端口为9528,正在监听客户端的连接
[16:48:22][main] - 游戏服务启动，耗时[792]毫秒
[16:51:45][NioProcessor-2] - 打开一个客户端连接/127.0.0.1:49031
[16:51:49][NioProcessor-2] - 收到消息-->ReqLoginMessage [accountId=10000, password=winturn]
[16:52:02][NioProcessor-2] - 收到消息-->ReqKapaiUpdateMessage [kapais count=2]
[16:52:02][message-task-handler-thread-1] - 
java.lang.IllegalArgumentException: argument type mismatch
	at sun.reflect.NativeMethodAccessorImpl.invoke0(Native Method)
	at sun.reflect.NativeMethodAccessorImpl.invoke(Unknown Source)
	at sun.reflect.DelegatingMethodAccessorImpl.invoke(Unknown Source)
	at java.lang.reflect.Method.invoke(Unknown Source)
	at game_server_parent.master.listener.ListenerManager.fireEvent(ListenerManager.java:69)
	at game_server_parent.master.listener.EventDispatcher.lambda$0(EventDispatcher.java:79)
	at java.util.concurrent.CopyOnWriteArrayList.forEach(Unknown Source)
	at java.util.concurrent.CopyOnWriteArraySet.forEach(Unknown Source)
	at game_server_parent.master.listener.EventDispatcher.triggerEvent(EventDispatcher.java:77)
	at game_server_parent.master.listener.EventDispatcher.fireEvent(EventDispatcher.java:65)
	at game_server_parent.master.game.kapai.KapaiController.reqKapaiUpdate(KapaiController.java:41)
	at sun.reflect.NativeMethodAccessorImpl.invoke0(Native Method)
	at sun.reflect.NativeMethodAccessorImpl.invoke(Unknown Source)
	at sun.reflect.DelegatingMethodAccessorImpl.invoke(Unknown Source)
	at java.lang.reflect.Method.invoke(Unknown Source)
	at game_server_parent.master.net.context.MessageTask.action(MessageTask.java:44)
	at game_server_parent.master.net.context.TaskHandlerContext$TaskWorker.run(TaskHandlerContext.java:80)
	at java.lang.Thread.run(Unknown Source)
[16:53:51][main] - 本服serverId为10001,后台端口为8080
[16:53:51][main] - 初始化数据库连接池……
[16:53:51][main] - Proxool 0.9.1 (23-Aug-2008 11:10)
[16:53:51][HouseKeeper] - Proxool statistics legend: "s - r  (a/t/o)" > s=served, r=refused (only shown if non-zero), a=active, t=total, o=offline (being tested)
[16:53:52][main] - socket启动端口为9528,正在监听客户端的连接
[16:53:52][main] - 游戏服务启动，耗时[829]毫秒
[16:57:07][NioProcessor-2] - 打开一个客户端连接/127.0.0.1:49239
[16:57:12][NioProcessor-2] - 收到消息-->ReqLoginMessage [accountId=10000, password=winturn]
[16:57:22][NioProcessor-2] - 收到消息-->ReqKapaiUpdateMessage [kapais count=2]
[16:57:22][message-task-handler-thread-1] - KapaiListener捕捉到事件EventKapaiUpdate [playerId=10000,eventType=KAPAI_UPDATE]
[16:57:58][main] - 本服serverId为10001,后台端口为8080
[16:57:58][main] - 初始化数据库连接池……
[16:57:58][main] - Proxool 0.9.1 (23-Aug-2008 11:10)
[16:57:58][HouseKeeper] - Proxool statistics legend: "s - r  (a/t/o)" > s=served, r=refused (only shown if non-zero), a=active, t=total, o=offline (being tested)
[16:57:59][main] - socket启动端口为9528,正在监听客户端的连接
[16:57:59][main] - 游戏服务启动，耗时[923]毫秒
[16:58:16][NioProcessor-2] - 打开一个客户端连接/127.0.0.1:49313
[16:58:42][NioProcessor-2] - 收到消息-->ReqKapaiUpdateMessage [kapais count=2]
[16:59:03][NioProcessor-2] - 收到消息-->ReqKapaiUpdateMessage [kapais count=2]
[16:59:16][NioProcessor-2] - 客户端连接错误/127.0.0.1:49313， server exception 远程主机强迫关闭了一个现有的连接。
[16:59:16][NioProcessor-2] - 客户端/127.0.0.1:49313 断开连接
[16:59:19][NioProcessor-3] - 打开一个客户端连接/127.0.0.1:49347
[16:59:24][NioProcessor-3] - 收到消息-->ReqLoginMessage [accountId=10000, password=winturn]
[16:59:30][NioProcessor-3] - 收到消息-->ReqKapaiUpdateMessage [kapais count=2]
[16:59:30][message-task-handler-thread-1] - KapaiListener捕捉到事件EventKapaiUpdate [playerId=10000,eventType=KAPAI_UPDATE]
