[17:02:05][game_server_parent.master.ServerStartup.main()] - Can't open configuration file.
java.io.FileNotFoundException: E:\Users\zjj\workspace\master\target\configs\configs\server.xml (系统找不到指定的路径。)
	at java.io.FileInputStream.open(Native Method)
	at java.io.FileInputStream.<init>(FileInputStream.java:146)
	at java.io.FileInputStream.<init>(FileInputStream.java:101)
	at sun.net.www.protocol.file.FileURLConnection.connect(FileURLConnection.java:90)
	at sun.net.www.protocol.file.FileURLConnection.getInputStream(FileURLConnection.java:188)
	at com.sun.org.apache.xerces.internal.impl.XMLEntityManager.setupCurrentEntity(XMLEntityManager.java:613)
	at com.sun.org.apache.xerces.internal.impl.XMLVersionDetector.determineDocVersion(XMLVersionDetector.java:189)
	at com.sun.org.apache.xerces.internal.parsers.XML11Configuration.parse(XML11Configuration.java:812)
	at com.sun.org.apache.xerces.internal.parsers.XML11Configuration.parse(XML11Configuration.java:777)
	at com.sun.org.apache.xerces.internal.parsers.XMLParser.parse(XMLParser.java:141)
	at com.sun.org.apache.xerces.internal.parsers.DOMParser.parse(DOMParser.java:243)
	at com.sun.org.apache.xerces.internal.jaxp.DocumentBuilderImpl.parse(DocumentBuilderImpl.java:347)
	at javax.xml.parsers.DocumentBuilder.parse(DocumentBuilder.java:177)
	at game_server_parent.master.utils.XmlUtils.loadConfigFile(XmlUtils.java:40)
	at game_server_parent.master.utils.XmlUtils.loadConfigRootElement(XmlUtils.java:65)
	at game_server_parent.master.ServerConfig.initFromConfigFile(ServerConfig.java:39)
	at game_server_parent.master.ServerStartup.main(ServerStartup.java:28)
	at sun.reflect.NativeMethodAccessorImpl.invoke0(Native Method)
	at sun.reflect.NativeMethodAccessorImpl.invoke(NativeMethodAccessorImpl.java:57)
	at sun.reflect.DelegatingMethodAccessorImpl.invoke(DelegatingMethodAccessorImpl.java:43)
	at java.lang.reflect.Method.invoke(Method.java:606)
	at org.codehaus.mojo.exec.ExecJavaMojo$1.run(ExecJavaMojo.java:282)
	at java.lang.Thread.run(Thread.java:744)
[17:02:41][game_server_parent.master.ServerStartup.main()] - 本服serverId为10001
[17:02:41][game_server_parent.master.ServerStartup.main()] - 初始化数据库连接池……
[17:02:41][game_server_parent.master.ServerStartup.main()] - 
org.logicalcobwebs.proxool.ProxoolException: java.io.FileNotFoundException: configs\proxool.xml (系统找不到指定的文件。)
	at org.logicalcobwebs.proxool.configuration.JAXPConfigurator.configure(JAXPConfigurator.java:58)
	at game_server_parent.master.orm.utils.DbUtils.init(DbUtils.java:50)
	at game_server_parent.master.ServerStartup.main(ServerStartup.java:34)
	at sun.reflect.NativeMethodAccessorImpl.invoke0(Native Method)
	at sun.reflect.NativeMethodAccessorImpl.invoke(NativeMethodAccessorImpl.java:57)
	at sun.reflect.DelegatingMethodAccessorImpl.invoke(DelegatingMethodAccessorImpl.java:43)
	at java.lang.reflect.Method.invoke(Method.java:606)
	at org.codehaus.mojo.exec.ExecJavaMojo$1.run(ExecJavaMojo.java:282)
	at java.lang.Thread.run(Thread.java:744)
Caused by: java.io.FileNotFoundException: configs\proxool.xml (系统找不到指定的文件。)
	at java.io.FileInputStream.open(Native Method)
	at java.io.FileInputStream.<init>(FileInputStream.java:146)
	at java.io.FileInputStream.<init>(FileInputStream.java:101)
	at java.io.FileReader.<init>(FileReader.java:58)
	at org.logicalcobwebs.proxool.configuration.JAXPConfigurator.configure(JAXPConfigurator.java:56)
	... 8 more

Caused by:
java.io.FileNotFoundException: configs\proxool.xml (系统找不到指定的文件。)
	at java.io.FileInputStream.open(Native Method)
	at java.io.FileInputStream.<init>(FileInputStream.java:146)
	at java.io.FileInputStream.<init>(FileInputStream.java:101)
	at java.io.FileReader.<init>(FileReader.java:58)
	at org.logicalcobwebs.proxool.configuration.JAXPConfigurator.configure(JAXPConfigurator.java:56)
	at game_server_parent.master.orm.utils.DbUtils.init(DbUtils.java:50)
	at game_server_parent.master.ServerStartup.main(ServerStartup.java:34)
	at sun.reflect.NativeMethodAccessorImpl.invoke0(Native Method)
	at sun.reflect.NativeMethodAccessorImpl.invoke(NativeMethodAccessorImpl.java:57)
	at sun.reflect.DelegatingMethodAccessorImpl.invoke(DelegatingMethodAccessorImpl.java:43)
	at java.lang.reflect.Method.invoke(Method.java:606)
	at org.codehaus.mojo.exec.ExecJavaMojo$1.run(ExecJavaMojo.java:282)
	at java.lang.Thread.run(Thread.java:744)
[17:03:35][game_server_parent.master.ServerStartup.main()] - 本服serverId为10001
[17:03:35][game_server_parent.master.ServerStartup.main()] - 初始化数据库连接池……
[17:03:35][game_server_parent.master.ServerStartup.main()] - Proxool 0.9.1 (23-Aug-2008 11:10)
[17:07:07][game_server_parent.master.ServerStartup.main()] - Can't open configuration file.
java.io.FileNotFoundException: E:\Users\zjj\workspace\master\configs\server.xml (系统找不到指定的文件。)
	at java.io.FileInputStream.open(Native Method)
	at java.io.FileInputStream.<init>(FileInputStream.java:146)
	at java.io.FileInputStream.<init>(FileInputStream.java:101)
	at sun.net.www.protocol.file.FileURLConnection.connect(FileURLConnection.java:90)
	at sun.net.www.protocol.file.FileURLConnection.getInputStream(FileURLConnection.java:188)
	at com.sun.org.apache.xerces.internal.impl.XMLEntityManager.setupCurrentEntity(XMLEntityManager.java:613)
	at com.sun.org.apache.xerces.internal.impl.XMLVersionDetector.determineDocVersion(XMLVersionDetector.java:189)
	at com.sun.org.apache.xerces.internal.parsers.XML11Configuration.parse(XML11Configuration.java:812)
	at com.sun.org.apache.xerces.internal.parsers.XML11Configuration.parse(XML11Configuration.java:777)
	at com.sun.org.apache.xerces.internal.parsers.XMLParser.parse(XMLParser.java:141)
	at com.sun.org.apache.xerces.internal.parsers.DOMParser.parse(DOMParser.java:243)
	at com.sun.org.apache.xerces.internal.jaxp.DocumentBuilderImpl.parse(DocumentBuilderImpl.java:347)
	at javax.xml.parsers.DocumentBuilder.parse(DocumentBuilder.java:177)
	at game_server_parent.master.utils.XmlUtils.loadConfigFile(XmlUtils.java:40)
	at game_server_parent.master.utils.XmlUtils.loadConfigRootElement(XmlUtils.java:65)
	at game_server_parent.master.ServerConfig.initFromConfigFile(ServerConfig.java:39)
	at game_server_parent.master.ServerStartup.main(ServerStartup.java:28)
	at sun.reflect.NativeMethodAccessorImpl.invoke0(Native Method)
	at sun.reflect.NativeMethodAccessorImpl.invoke(NativeMethodAccessorImpl.java:57)
	at sun.reflect.DelegatingMethodAccessorImpl.invoke(DelegatingMethodAccessorImpl.java:43)
	at java.lang.reflect.Method.invoke(Method.java:606)
	at org.codehaus.mojo.exec.ExecJavaMojo$1.run(ExecJavaMojo.java:282)
	at java.lang.Thread.run(Thread.java:744)
[17:09:37][game_server_parent.master.ServerStartup.main()] - 本服serverId为10001
[17:11:11][game_server_parent.master.ServerStartup.main()] - 本服serverId为10001
[17:11:11][game_server_parent.master.ServerStartup.main()] - 初始化数据库连接池……
[17:11:12][game_server_parent.master.ServerStartup.main()] - Proxool 0.9.1 (23-Aug-2008 11:10)
[17:11:12][game_server_parent.master.ServerStartup.main()] - Couldn't load class com.mysql.cj.jdbc.Driver
java.lang.ClassNotFoundException: com.mysql.cj.jdbc.Driver
	at java.net.URLClassLoader$1.run(URLClassLoader.java:366)
	at java.net.URLClassLoader$1.run(URLClassLoader.java:355)
	at java.security.AccessController.doPrivileged(Native Method)
	at java.net.URLClassLoader.findClass(URLClassLoader.java:354)
	at java.lang.ClassLoader.loadClass(ClassLoader.java:425)
	at java.lang.ClassLoader.loadClass(ClassLoader.java:358)
	at java.lang.Class.forName0(Native Method)
	at java.lang.Class.forName(Class.java:190)
	at org.logicalcobwebs.proxool.ConnectionPool.setDefinition(ConnectionPool.java:740)
	at org.logicalcobwebs.proxool.ConnectionPool.<init>(ConnectionPool.java:115)
	at org.logicalcobwebs.proxool.ConnectionPoolManager.createConnectionPool(ConnectionPoolManager.java:93)
	at org.logicalcobwebs.proxool.ProxoolFacade.registerConnectionPool(ProxoolFacade.java:109)
	at org.logicalcobwebs.proxool.ProxoolFacade.registerConnectionPool(ProxoolFacade.java:97)
	at org.logicalcobwebs.proxool.ProxoolFacade.registerConnectionPool(ProxoolFacade.java:69)
	at org.logicalcobwebs.proxool.configuration.XMLConfigurator.endElement(XMLConfigurator.java:196)
	at com.sun.org.apache.xerces.internal.parsers.AbstractSAXParser.endElement(AbstractSAXParser.java:609)
	at com.sun.org.apache.xerces.internal.impl.dtd.XMLNSDTDValidator.endNamespaceScope(XMLNSDTDValidator.java:266)
	at com.sun.org.apache.xerces.internal.impl.dtd.XMLDTDValidator.handleEndElement(XMLDTDValidator.java:2005)
	at com.sun.org.apache.xerces.internal.impl.dtd.XMLDTDValidator.endElement(XMLDTDValidator.java:879)
	at com.sun.org.apache.xerces.internal.impl.XMLDocumentFragmentScannerImpl.scanEndElement(XMLDocumentFragmentScannerImpl.java:1789)
	at com.sun.org.apache.xerces.internal.impl.XMLDocumentFragmentScannerImpl$FragmentContentDriver.next(XMLDocumentFragmentScannerImpl.java:2965)
	at com.sun.org.apache.xerces.internal.impl.XMLDocumentScannerImpl.next(XMLDocumentScannerImpl.java:606)
	at com.sun.org.apache.xerces.internal.impl.XMLNSDocumentScannerImpl.next(XMLNSDocumentScannerImpl.java:117)
	at com.sun.org.apache.xerces.internal.impl.XMLDocumentFragmentScannerImpl.scanDocument(XMLDocumentFragmentScannerImpl.java:510)
	at com.sun.org.apache.xerces.internal.parsers.XML11Configuration.parse(XML11Configuration.java:848)
	at com.sun.org.apache.xerces.internal.parsers.XML11Configuration.parse(XML11Configuration.java:777)
	at com.sun.org.apache.xerces.internal.parsers.XMLParser.parse(XMLParser.java:141)
	at com.sun.org.apache.xerces.internal.parsers.AbstractSAXParser.parse(AbstractSAXParser.java:1213)
	at com.sun.org.apache.xerces.internal.jaxp.SAXParserImpl$JAXPSAXParser.parse(SAXParserImpl.java:649)
	at com.sun.org.apache.xerces.internal.jaxp.SAXParserImpl.parse(SAXParserImpl.java:333)
	at org.logicalcobwebs.proxool.configuration.JAXPConfigurator.configure(JAXPConfigurator.java:87)
	at org.logicalcobwebs.proxool.configuration.JAXPConfigurator.configure(JAXPConfigurator.java:56)
	at game_server_parent.master.orm.utils.DbUtils.init(DbUtils.java:50)
	at game_server_parent.master.ServerStartup.main(ServerStartup.java:34)
	at sun.reflect.NativeMethodAccessorImpl.invoke0(Native Method)
	at sun.reflect.NativeMethodAccessorImpl.invoke(NativeMethodAccessorImpl.java:57)
	at sun.reflect.DelegatingMethodAccessorImpl.invoke(DelegatingMethodAccessorImpl.java:43)
	at java.lang.reflect.Method.invoke(Method.java:606)
	at org.codehaus.mojo.exec.ExecJavaMojo$1.run(ExecJavaMojo.java:282)
	at java.lang.Thread.run(Thread.java:744)
[17:11:12][game_server_parent.master.ServerStartup.main()] - 
org.logicalcobwebs.proxool.ProxoolException: Parsing failed.
	at org.logicalcobwebs.proxool.configuration.JAXPConfigurator.configure(JAXPConfigurator.java:91)
	at org.logicalcobwebs.proxool.configuration.JAXPConfigurator.configure(JAXPConfigurator.java:56)
	at game_server_parent.master.orm.utils.DbUtils.init(DbUtils.java:50)
	at game_server_parent.master.ServerStartup.main(ServerStartup.java:34)
	at sun.reflect.NativeMethodAccessorImpl.invoke0(Native Method)
	at sun.reflect.NativeMethodAccessorImpl.invoke(NativeMethodAccessorImpl.java:57)
	at sun.reflect.DelegatingMethodAccessorImpl.invoke(DelegatingMethodAccessorImpl.java:43)
	at java.lang.reflect.Method.invoke(Method.java:606)
	at org.codehaus.mojo.exec.ExecJavaMojo$1.run(ExecJavaMojo.java:282)
	at java.lang.Thread.run(Thread.java:744)
Caused by: org.xml.sax.SAXException: Couldn't load class com.mysql.cj.jdbc.Driver
org.logicalcobwebs.proxool.ProxoolException: Couldn't load class com.mysql.cj.jdbc.Driver
	at org.logicalcobwebs.proxool.configuration.XMLConfigurator.endElement(XMLConfigurator.java:198)
	at com.sun.org.apache.xerces.internal.parsers.AbstractSAXParser.endElement(AbstractSAXParser.java:609)
	at com.sun.org.apache.xerces.internal.impl.dtd.XMLNSDTDValidator.endNamespaceScope(XMLNSDTDValidator.java:266)
	at com.sun.org.apache.xerces.internal.impl.dtd.XMLDTDValidator.handleEndElement(XMLDTDValidator.java:2005)
	at com.sun.org.apache.xerces.internal.impl.dtd.XMLDTDValidator.endElement(XMLDTDValidator.java:879)
	at com.sun.org.apache.xerces.internal.impl.XMLDocumentFragmentScannerImpl.scanEndElement(XMLDocumentFragmentScannerImpl.java:1789)
	at com.sun.org.apache.xerces.internal.impl.XMLDocumentFragmentScannerImpl$FragmentContentDriver.next(XMLDocumentFragmentScannerImpl.java:2965)
	at com.sun.org.apache.xerces.internal.impl.XMLDocumentScannerImpl.next(XMLDocumentScannerImpl.java:606)
	at com.sun.org.apache.xerces.internal.impl.XMLNSDocumentScannerImpl.next(XMLNSDocumentScannerImpl.java:117)
	at com.sun.org.apache.xerces.internal.impl.XMLDocumentFragmentScannerImpl.scanDocument(XMLDocumentFragmentScannerImpl.java:510)
	at com.sun.org.apache.xerces.internal.parsers.XML11Configuration.parse(XML11Configuration.java:848)
	at com.sun.org.apache.xerces.internal.parsers.XML11Configuration.parse(XML11Configuration.java:777)
	at com.sun.org.apache.xerces.internal.parsers.XMLParser.parse(XMLParser.java:141)
	at com.sun.org.apache.xerces.internal.parsers.AbstractSAXParser.parse(AbstractSAXParser.java:1213)
	at com.sun.org.apache.xerces.internal.jaxp.SAXParserImpl$JAXPSAXParser.parse(SAXParserImpl.java:649)
	at com.sun.org.apache.xerces.internal.jaxp.SAXParserImpl.parse(SAXParserImpl.java:333)
	at org.logicalcobwebs.proxool.configuration.JAXPConfigurator.configure(JAXPConfigurator.java:87)
	... 9 more
Caused by: org.logicalcobwebs.proxool.ProxoolException: Couldn't load class com.mysql.cj.jdbc.Driver
	at org.logicalcobwebs.proxool.ConnectionPool.setDefinition(ConnectionPool.java:743)
	at org.logicalcobwebs.proxool.ConnectionPool.<init>(ConnectionPool.java:115)
	at org.logicalcobwebs.proxool.ConnectionPoolManager.createConnectionPool(ConnectionPoolManager.java:93)
	at org.logicalcobwebs.proxool.ProxoolFacade.registerConnectionPool(ProxoolFacade.java:109)
	at org.logicalcobwebs.proxool.ProxoolFacade.registerConnectionPool(ProxoolFacade.java:97)
	at org.logicalcobwebs.proxool.ProxoolFacade.registerConnectionPool(ProxoolFacade.java:69)
	at org.logicalcobwebs.proxool.configuration.XMLConfigurator.endElement(XMLConfigurator.java:196)
	... 25 more

Caused by:
org.xml.sax.SAXException: Couldn't load class com.mysql.cj.jdbc.Driver
org.logicalcobwebs.proxool.ProxoolException: Couldn't load class com.mysql.cj.jdbc.Driver
	at org.logicalcobwebs.proxool.configuration.XMLConfigurator.endElement(XMLConfigurator.java:198)
	at com.sun.org.apache.xerces.internal.parsers.AbstractSAXParser.endElement(AbstractSAXParser.java:609)
	at com.sun.org.apache.xerces.internal.impl.dtd.XMLNSDTDValidator.endNamespaceScope(XMLNSDTDValidator.java:266)
	at com.sun.org.apache.xerces.internal.impl.dtd.XMLDTDValidator.handleEndElement(XMLDTDValidator.java:2005)
	at com.sun.org.apache.xerces.internal.impl.dtd.XMLDTDValidator.endElement(XMLDTDValidator.java:879)
	at com.sun.org.apache.xerces.internal.impl.XMLDocumentFragmentScannerImpl.scanEndElement(XMLDocumentFragmentScannerImpl.java:1789)
	at com.sun.org.apache.xerces.internal.impl.XMLDocumentFragmentScannerImpl$FragmentContentDriver.next(XMLDocumentFragmentScannerImpl.java:2965)
	at com.sun.org.apache.xerces.internal.impl.XMLDocumentScannerImpl.next(XMLDocumentScannerImpl.java:606)
	at com.sun.org.apache.xerces.internal.impl.XMLNSDocumentScannerImpl.next(XMLNSDocumentScannerImpl.java:117)
	at com.sun.org.apache.xerces.internal.impl.XMLDocumentFragmentScannerImpl.scanDocument(XMLDocumentFragmentScannerImpl.java:510)
	at com.sun.org.apache.xerces.internal.parsers.XML11Configuration.parse(XML11Configuration.java:848)
	at com.sun.org.apache.xerces.internal.parsers.XML11Configuration.parse(XML11Configuration.java:777)
	at com.sun.org.apache.xerces.internal.parsers.XMLParser.parse(XMLParser.java:141)
	at com.sun.org.apache.xerces.internal.parsers.AbstractSAXParser.parse(AbstractSAXParser.java:1213)
	at com.sun.org.apache.xerces.internal.jaxp.SAXParserImpl$JAXPSAXParser.parse(SAXParserImpl.java:649)
	at com.sun.org.apache.xerces.internal.jaxp.SAXParserImpl.parse(SAXParserImpl.java:333)
	at org.logicalcobwebs.proxool.configuration.JAXPConfigurator.configure(JAXPConfigurator.java:87)
	at org.logicalcobwebs.proxool.configuration.JAXPConfigurator.configure(JAXPConfigurator.java:56)
	at game_server_parent.master.orm.utils.DbUtils.init(DbUtils.java:50)
	at game_server_parent.master.ServerStartup.main(ServerStartup.java:34)
	at sun.reflect.NativeMethodAccessorImpl.invoke0(Native Method)
	at sun.reflect.NativeMethodAccessorImpl.invoke(NativeMethodAccessorImpl.java:57)
	at sun.reflect.DelegatingMethodAccessorImpl.invoke(DelegatingMethodAccessorImpl.java:43)
	at java.lang.reflect.Method.invoke(Method.java:606)
	at org.codehaus.mojo.exec.ExecJavaMojo$1.run(ExecJavaMojo.java:282)
	at java.lang.Thread.run(Thread.java:744)
Caused by: org.logicalcobwebs.proxool.ProxoolException: Couldn't load class com.mysql.cj.jdbc.Driver
	at org.logicalcobwebs.proxool.ConnectionPool.setDefinition(ConnectionPool.java:743)
	at org.logicalcobwebs.proxool.ConnectionPool.<init>(ConnectionPool.java:115)
	at org.logicalcobwebs.proxool.ConnectionPoolManager.createConnectionPool(ConnectionPoolManager.java:93)
	at org.logicalcobwebs.proxool.ProxoolFacade.registerConnectionPool(ProxoolFacade.java:109)
	at org.logicalcobwebs.proxool.ProxoolFacade.registerConnectionPool(ProxoolFacade.java:97)
	at org.logicalcobwebs.proxool.ProxoolFacade.registerConnectionPool(ProxoolFacade.java:69)
	at org.logicalcobwebs.proxool.configuration.XMLConfigurator.endElement(XMLConfigurator.java:196)
	... 25 more
[17:14:38][game_server_parent.master.ServerStartup.main()] - 本服serverId为10001
[17:14:38][game_server_parent.master.ServerStartup.main()] - 初始化数据库连接池……
[17:14:38][game_server_parent.master.ServerStartup.main()] - Proxool 0.9.1 (23-Aug-2008 11:10)
[17:14:38][game_server_parent.master.ServerStartup.main()] - Couldn't load class com.mysql.cj.jdbc.Driver
java.lang.ClassNotFoundException: com.mysql.cj.jdbc.Driver
	at java.net.URLClassLoader$1.run(URLClassLoader.java:366)
	at java.net.URLClassLoader$1.run(URLClassLoader.java:355)
	at java.security.AccessController.doPrivileged(Native Method)
	at java.net.URLClassLoader.findClass(URLClassLoader.java:354)
	at java.lang.ClassLoader.loadClass(ClassLoader.java:425)
	at java.lang.ClassLoader.loadClass(ClassLoader.java:358)
	at java.lang.Class.forName0(Native Method)
	at java.lang.Class.forName(Class.java:190)
	at org.logicalcobwebs.proxool.ConnectionPool.setDefinition(ConnectionPool.java:740)
	at org.logicalcobwebs.proxool.ConnectionPool.<init>(ConnectionPool.java:115)
	at org.logicalcobwebs.proxool.ConnectionPoolManager.createConnectionPool(ConnectionPoolManager.java:93)
	at org.logicalcobwebs.proxool.ProxoolFacade.registerConnectionPool(ProxoolFacade.java:109)
	at org.logicalcobwebs.proxool.ProxoolFacade.registerConnectionPool(ProxoolFacade.java:97)
	at org.logicalcobwebs.proxool.ProxoolFacade.registerConnectionPool(ProxoolFacade.java:69)
	at org.logicalcobwebs.proxool.configuration.XMLConfigurator.endElement(XMLConfigurator.java:196)
	at com.sun.org.apache.xerces.internal.parsers.AbstractSAXParser.endElement(AbstractSAXParser.java:609)
	at com.sun.org.apache.xerces.internal.impl.dtd.XMLNSDTDValidator.endNamespaceScope(XMLNSDTDValidator.java:266)
	at com.sun.org.apache.xerces.internal.impl.dtd.XMLDTDValidator.handleEndElement(XMLDTDValidator.java:2005)
	at com.sun.org.apache.xerces.internal.impl.dtd.XMLDTDValidator.endElement(XMLDTDValidator.java:879)
	at com.sun.org.apache.xerces.internal.impl.XMLDocumentFragmentScannerImpl.scanEndElement(XMLDocumentFragmentScannerImpl.java:1789)
	at com.sun.org.apache.xerces.internal.impl.XMLDocumentFragmentScannerImpl$FragmentContentDriver.next(XMLDocumentFragmentScannerImpl.java:2965)
	at com.sun.org.apache.xerces.internal.impl.XMLDocumentScannerImpl.next(XMLDocumentScannerImpl.java:606)
	at com.sun.org.apache.xerces.internal.impl.XMLNSDocumentScannerImpl.next(XMLNSDocumentScannerImpl.java:117)
	at com.sun.org.apache.xerces.internal.impl.XMLDocumentFragmentScannerImpl.scanDocument(XMLDocumentFragmentScannerImpl.java:510)
	at com.sun.org.apache.xerces.internal.parsers.XML11Configuration.parse(XML11Configuration.java:848)
	at com.sun.org.apache.xerces.internal.parsers.XML11Configuration.parse(XML11Configuration.java:777)
	at com.sun.org.apache.xerces.internal.parsers.XMLParser.parse(XMLParser.java:141)
	at com.sun.org.apache.xerces.internal.parsers.AbstractSAXParser.parse(AbstractSAXParser.java:1213)
	at com.sun.org.apache.xerces.internal.jaxp.SAXParserImpl$JAXPSAXParser.parse(SAXParserImpl.java:649)
	at com.sun.org.apache.xerces.internal.jaxp.SAXParserImpl.parse(SAXParserImpl.java:333)
	at org.logicalcobwebs.proxool.configuration.JAXPConfigurator.configure(JAXPConfigurator.java:87)
	at org.logicalcobwebs.proxool.configuration.JAXPConfigurator.configure(JAXPConfigurator.java:56)
	at game_server_parent.master.orm.utils.DbUtils.init(DbUtils.java:50)
	at game_server_parent.master.ServerStartup.main(ServerStartup.java:34)
	at sun.reflect.NativeMethodAccessorImpl.invoke0(Native Method)
	at sun.reflect.NativeMethodAccessorImpl.invoke(NativeMethodAccessorImpl.java:57)
	at sun.reflect.DelegatingMethodAccessorImpl.invoke(DelegatingMethodAccessorImpl.java:43)
	at java.lang.reflect.Method.invoke(Method.java:606)
	at org.codehaus.mojo.exec.ExecJavaMojo$1.run(ExecJavaMojo.java:282)
	at java.lang.Thread.run(Thread.java:744)
[17:14:38][game_server_parent.master.ServerStartup.main()] - 
org.logicalcobwebs.proxool.ProxoolException: Parsing failed.
	at org.logicalcobwebs.proxool.configuration.JAXPConfigurator.configure(JAXPConfigurator.java:91)
	at org.logicalcobwebs.proxool.configuration.JAXPConfigurator.configure(JAXPConfigurator.java:56)
	at game_server_parent.master.orm.utils.DbUtils.init(DbUtils.java:50)
	at game_server_parent.master.ServerStartup.main(ServerStartup.java:34)
	at sun.reflect.NativeMethodAccessorImpl.invoke0(Native Method)
	at sun.reflect.NativeMethodAccessorImpl.invoke(NativeMethodAccessorImpl.java:57)
	at sun.reflect.DelegatingMethodAccessorImpl.invoke(DelegatingMethodAccessorImpl.java:43)
	at java.lang.reflect.Method.invoke(Method.java:606)
	at org.codehaus.mojo.exec.ExecJavaMojo$1.run(ExecJavaMojo.java:282)
	at java.lang.Thread.run(Thread.java:744)
Caused by: org.xml.sax.SAXException: Couldn't load class com.mysql.cj.jdbc.Driver
org.logicalcobwebs.proxool.ProxoolException: Couldn't load class com.mysql.cj.jdbc.Driver
	at org.logicalcobwebs.proxool.configuration.XMLConfigurator.endElement(XMLConfigurator.java:198)
	at com.sun.org.apache.xerces.internal.parsers.AbstractSAXParser.endElement(AbstractSAXParser.java:609)
	at com.sun.org.apache.xerces.internal.impl.dtd.XMLNSDTDValidator.endNamespaceScope(XMLNSDTDValidator.java:266)
	at com.sun.org.apache.xerces.internal.impl.dtd.XMLDTDValidator.handleEndElement(XMLDTDValidator.java:2005)
	at com.sun.org.apache.xerces.internal.impl.dtd.XMLDTDValidator.endElement(XMLDTDValidator.java:879)
	at com.sun.org.apache.xerces.internal.impl.XMLDocumentFragmentScannerImpl.scanEndElement(XMLDocumentFragmentScannerImpl.java:1789)
	at com.sun.org.apache.xerces.internal.impl.XMLDocumentFragmentScannerImpl$FragmentContentDriver.next(XMLDocumentFragmentScannerImpl.java:2965)
	at com.sun.org.apache.xerces.internal.impl.XMLDocumentScannerImpl.next(XMLDocumentScannerImpl.java:606)
	at com.sun.org.apache.xerces.internal.impl.XMLNSDocumentScannerImpl.next(XMLNSDocumentScannerImpl.java:117)
	at com.sun.org.apache.xerces.internal.impl.XMLDocumentFragmentScannerImpl.scanDocument(XMLDocumentFragmentScannerImpl.java:510)
	at com.sun.org.apache.xerces.internal.parsers.XML11Configuration.parse(XML11Configuration.java:848)
	at com.sun.org.apache.xerces.internal.parsers.XML11Configuration.parse(XML11Configuration.java:777)
	at com.sun.org.apache.xerces.internal.parsers.XMLParser.parse(XMLParser.java:141)
	at com.sun.org.apache.xerces.internal.parsers.AbstractSAXParser.parse(AbstractSAXParser.java:1213)
	at com.sun.org.apache.xerces.internal.jaxp.SAXParserImpl$JAXPSAXParser.parse(SAXParserImpl.java:649)
	at com.sun.org.apache.xerces.internal.jaxp.SAXParserImpl.parse(SAXParserImpl.java:333)
	at org.logicalcobwebs.proxool.configuration.JAXPConfigurator.configure(JAXPConfigurator.java:87)
	... 9 more
Caused by: org.logicalcobwebs.proxool.ProxoolException: Couldn't load class com.mysql.cj.jdbc.Driver
	at org.logicalcobwebs.proxool.ConnectionPool.setDefinition(ConnectionPool.java:743)
	at org.logicalcobwebs.proxool.ConnectionPool.<init>(ConnectionPool.java:115)
	at org.logicalcobwebs.proxool.ConnectionPoolManager.createConnectionPool(ConnectionPoolManager.java:93)
	at org.logicalcobwebs.proxool.ProxoolFacade.registerConnectionPool(ProxoolFacade.java:109)
	at org.logicalcobwebs.proxool.ProxoolFacade.registerConnectionPool(ProxoolFacade.java:97)
	at org.logicalcobwebs.proxool.ProxoolFacade.registerConnectionPool(ProxoolFacade.java:69)
	at org.logicalcobwebs.proxool.configuration.XMLConfigurator.endElement(XMLConfigurator.java:196)
	... 25 more

Caused by:
org.xml.sax.SAXException: Couldn't load class com.mysql.cj.jdbc.Driver
org.logicalcobwebs.proxool.ProxoolException: Couldn't load class com.mysql.cj.jdbc.Driver
	at org.logicalcobwebs.proxool.configuration.XMLConfigurator.endElement(XMLConfigurator.java:198)
	at com.sun.org.apache.xerces.internal.parsers.AbstractSAXParser.endElement(AbstractSAXParser.java:609)
	at com.sun.org.apache.xerces.internal.impl.dtd.XMLNSDTDValidator.endNamespaceScope(XMLNSDTDValidator.java:266)
	at com.sun.org.apache.xerces.internal.impl.dtd.XMLDTDValidator.handleEndElement(XMLDTDValidator.java:2005)
	at com.sun.org.apache.xerces.internal.impl.dtd.XMLDTDValidator.endElement(XMLDTDValidator.java:879)
	at com.sun.org.apache.xerces.internal.impl.XMLDocumentFragmentScannerImpl.scanEndElement(XMLDocumentFragmentScannerImpl.java:1789)
	at com.sun.org.apache.xerces.internal.impl.XMLDocumentFragmentScannerImpl$FragmentContentDriver.next(XMLDocumentFragmentScannerImpl.java:2965)
	at com.sun.org.apache.xerces.internal.impl.XMLDocumentScannerImpl.next(XMLDocumentScannerImpl.java:606)
	at com.sun.org.apache.xerces.internal.impl.XMLNSDocumentScannerImpl.next(XMLNSDocumentScannerImpl.java:117)
	at com.sun.org.apache.xerces.internal.impl.XMLDocumentFragmentScannerImpl.scanDocument(XMLDocumentFragmentScannerImpl.java:510)
	at com.sun.org.apache.xerces.internal.parsers.XML11Configuration.parse(XML11Configuration.java:848)
	at com.sun.org.apache.xerces.internal.parsers.XML11Configuration.parse(XML11Configuration.java:777)
	at com.sun.org.apache.xerces.internal.parsers.XMLParser.parse(XMLParser.java:141)
	at com.sun.org.apache.xerces.internal.parsers.AbstractSAXParser.parse(AbstractSAXParser.java:1213)
	at com.sun.org.apache.xerces.internal.jaxp.SAXParserImpl$JAXPSAXParser.parse(SAXParserImpl.java:649)
	at com.sun.org.apache.xerces.internal.jaxp.SAXParserImpl.parse(SAXParserImpl.java:333)
	at org.logicalcobwebs.proxool.configuration.JAXPConfigurator.configure(JAXPConfigurator.java:87)
	at org.logicalcobwebs.proxool.configuration.JAXPConfigurator.configure(JAXPConfigurator.java:56)
	at game_server_parent.master.orm.utils.DbUtils.init(DbUtils.java:50)
	at game_server_parent.master.ServerStartup.main(ServerStartup.java:34)
	at sun.reflect.NativeMethodAccessorImpl.invoke0(Native Method)
	at sun.reflect.NativeMethodAccessorImpl.invoke(NativeMethodAccessorImpl.java:57)
	at sun.reflect.DelegatingMethodAccessorImpl.invoke(DelegatingMethodAccessorImpl.java:43)
	at java.lang.reflect.Method.invoke(Method.java:606)
	at org.codehaus.mojo.exec.ExecJavaMojo$1.run(ExecJavaMojo.java:282)
	at java.lang.Thread.run(Thread.java:744)
Caused by: org.logicalcobwebs.proxool.ProxoolException: Couldn't load class com.mysql.cj.jdbc.Driver
	at org.logicalcobwebs.proxool.ConnectionPool.setDefinition(ConnectionPool.java:743)
	at org.logicalcobwebs.proxool.ConnectionPool.<init>(ConnectionPool.java:115)
	at org.logicalcobwebs.proxool.ConnectionPoolManager.createConnectionPool(ConnectionPoolManager.java:93)
	at org.logicalcobwebs.proxool.ProxoolFacade.registerConnectionPool(ProxoolFacade.java:109)
	at org.logicalcobwebs.proxool.ProxoolFacade.registerConnectionPool(ProxoolFacade.java:97)
	at org.logicalcobwebs.proxool.ProxoolFacade.registerConnectionPool(ProxoolFacade.java:69)
	at org.logicalcobwebs.proxool.configuration.XMLConfigurator.endElement(XMLConfigurator.java:196)
	... 25 more
[17:17:15][game_server_parent.master.ServerStartup.main()] - 本服serverId为10001
[17:17:15][game_server_parent.master.ServerStartup.main()] - 初始化数据库连接池……
[17:17:15][game_server_parent.master.ServerStartup.main()] - Proxool 0.9.1 (23-Aug-2008 11:10)
[17:17:15][game_server_parent.master.ServerStartup.main()] - Couldn't load class com.mysql.cj.jdbc.Driver
java.lang.ClassNotFoundException: com.mysql.cj.jdbc.Driver
	at java.net.URLClassLoader$1.run(URLClassLoader.java:366)
	at java.net.URLClassLoader$1.run(URLClassLoader.java:355)
	at java.security.AccessController.doPrivileged(Native Method)
	at java.net.URLClassLoader.findClass(URLClassLoader.java:354)
	at java.lang.ClassLoader.loadClass(ClassLoader.java:425)
	at java.lang.ClassLoader.loadClass(ClassLoader.java:358)
	at java.lang.Class.forName0(Native Method)
	at java.lang.Class.forName(Class.java:190)
	at org.logicalcobwebs.proxool.ConnectionPool.setDefinition(ConnectionPool.java:740)
	at org.logicalcobwebs.proxool.ConnectionPool.<init>(ConnectionPool.java:115)
	at org.logicalcobwebs.proxool.ConnectionPoolManager.createConnectionPool(ConnectionPoolManager.java:93)
	at org.logicalcobwebs.proxool.ProxoolFacade.registerConnectionPool(ProxoolFacade.java:109)
	at org.logicalcobwebs.proxool.ProxoolFacade.registerConnectionPool(ProxoolFacade.java:97)
	at org.logicalcobwebs.proxool.ProxoolFacade.registerConnectionPool(ProxoolFacade.java:69)
	at org.logicalcobwebs.proxool.configuration.XMLConfigurator.endElement(XMLConfigurator.java:196)
	at com.sun.org.apache.xerces.internal.parsers.AbstractSAXParser.endElement(AbstractSAXParser.java:609)
	at com.sun.org.apache.xerces.internal.impl.dtd.XMLNSDTDValidator.endNamespaceScope(XMLNSDTDValidator.java:266)
	at com.sun.org.apache.xerces.internal.impl.dtd.XMLDTDValidator.handleEndElement(XMLDTDValidator.java:2005)
	at com.sun.org.apache.xerces.internal.impl.dtd.XMLDTDValidator.endElement(XMLDTDValidator.java:879)
	at com.sun.org.apache.xerces.internal.impl.XMLDocumentFragmentScannerImpl.scanEndElement(XMLDocumentFragmentScannerImpl.java:1789)
	at com.sun.org.apache.xerces.internal.impl.XMLDocumentFragmentScannerImpl$FragmentContentDriver.next(XMLDocumentFragmentScannerImpl.java:2965)
	at com.sun.org.apache.xerces.internal.impl.XMLDocumentScannerImpl.next(XMLDocumentScannerImpl.java:606)
	at com.sun.org.apache.xerces.internal.impl.XMLNSDocumentScannerImpl.next(XMLNSDocumentScannerImpl.java:117)
	at com.sun.org.apache.xerces.internal.impl.XMLDocumentFragmentScannerImpl.scanDocument(XMLDocumentFragmentScannerImpl.java:510)
	at com.sun.org.apache.xerces.internal.parsers.XML11Configuration.parse(XML11Configuration.java:848)
	at com.sun.org.apache.xerces.internal.parsers.XML11Configuration.parse(XML11Configuration.java:777)
	at com.sun.org.apache.xerces.internal.parsers.XMLParser.parse(XMLParser.java:141)
	at com.sun.org.apache.xerces.internal.parsers.AbstractSAXParser.parse(AbstractSAXParser.java:1213)
	at com.sun.org.apache.xerces.internal.jaxp.SAXParserImpl$JAXPSAXParser.parse(SAXParserImpl.java:649)
	at com.sun.org.apache.xerces.internal.jaxp.SAXParserImpl.parse(SAXParserImpl.java:333)
	at org.logicalcobwebs.proxool.configuration.JAXPConfigurator.configure(JAXPConfigurator.java:87)
	at org.logicalcobwebs.proxool.configuration.JAXPConfigurator.configure(JAXPConfigurator.java:56)
	at game_server_parent.master.orm.utils.DbUtils.init(DbUtils.java:50)
	at game_server_parent.master.ServerStartup.main(ServerStartup.java:34)
	at sun.reflect.NativeMethodAccessorImpl.invoke0(Native Method)
	at sun.reflect.NativeMethodAccessorImpl.invoke(NativeMethodAccessorImpl.java:57)
	at sun.reflect.DelegatingMethodAccessorImpl.invoke(DelegatingMethodAccessorImpl.java:43)
	at java.lang.reflect.Method.invoke(Method.java:606)
	at org.codehaus.mojo.exec.ExecJavaMojo$1.run(ExecJavaMojo.java:282)
	at java.lang.Thread.run(Thread.java:744)
[17:17:15][game_server_parent.master.ServerStartup.main()] - 
org.logicalcobwebs.proxool.ProxoolException: Parsing failed.
	at org.logicalcobwebs.proxool.configuration.JAXPConfigurator.configure(JAXPConfigurator.java:91)
	at org.logicalcobwebs.proxool.configuration.JAXPConfigurator.configure(JAXPConfigurator.java:56)
	at game_server_parent.master.orm.utils.DbUtils.init(DbUtils.java:50)
	at game_server_parent.master.ServerStartup.main(ServerStartup.java:34)
	at sun.reflect.NativeMethodAccessorImpl.invoke0(Native Method)
	at sun.reflect.NativeMethodAccessorImpl.invoke(NativeMethodAccessorImpl.java:57)
	at sun.reflect.DelegatingMethodAccessorImpl.invoke(DelegatingMethodAccessorImpl.java:43)
	at java.lang.reflect.Method.invoke(Method.java:606)
	at org.codehaus.mojo.exec.ExecJavaMojo$1.run(ExecJavaMojo.java:282)
	at java.lang.Thread.run(Thread.java:744)
Caused by: org.xml.sax.SAXException: Couldn't load class com.mysql.cj.jdbc.Driver
org.logicalcobwebs.proxool.ProxoolException: Couldn't load class com.mysql.cj.jdbc.Driver
	at org.logicalcobwebs.proxool.configuration.XMLConfigurator.endElement(XMLConfigurator.java:198)
	at com.sun.org.apache.xerces.internal.parsers.AbstractSAXParser.endElement(AbstractSAXParser.java:609)
	at com.sun.org.apache.xerces.internal.impl.dtd.XMLNSDTDValidator.endNamespaceScope(XMLNSDTDValidator.java:266)
	at com.sun.org.apache.xerces.internal.impl.dtd.XMLDTDValidator.handleEndElement(XMLDTDValidator.java:2005)
	at com.sun.org.apache.xerces.internal.impl.dtd.XMLDTDValidator.endElement(XMLDTDValidator.java:879)
	at com.sun.org.apache.xerces.internal.impl.XMLDocumentFragmentScannerImpl.scanEndElement(XMLDocumentFragmentScannerImpl.java:1789)
	at com.sun.org.apache.xerces.internal.impl.XMLDocumentFragmentScannerImpl$FragmentContentDriver.next(XMLDocumentFragmentScannerImpl.java:2965)
	at com.sun.org.apache.xerces.internal.impl.XMLDocumentScannerImpl.next(XMLDocumentScannerImpl.java:606)
	at com.sun.org.apache.xerces.internal.impl.XMLNSDocumentScannerImpl.next(XMLNSDocumentScannerImpl.java:117)
	at com.sun.org.apache.xerces.internal.impl.XMLDocumentFragmentScannerImpl.scanDocument(XMLDocumentFragmentScannerImpl.java:510)
	at com.sun.org.apache.xerces.internal.parsers.XML11Configuration.parse(XML11Configuration.java:848)
	at com.sun.org.apache.xerces.internal.parsers.XML11Configuration.parse(XML11Configuration.java:777)
	at com.sun.org.apache.xerces.internal.parsers.XMLParser.parse(XMLParser.java:141)
	at com.sun.org.apache.xerces.internal.parsers.AbstractSAXParser.parse(AbstractSAXParser.java:1213)
	at com.sun.org.apache.xerces.internal.jaxp.SAXParserImpl$JAXPSAXParser.parse(SAXParserImpl.java:649)
	at com.sun.org.apache.xerces.internal.jaxp.SAXParserImpl.parse(SAXParserImpl.java:333)
	at org.logicalcobwebs.proxool.configuration.JAXPConfigurator.configure(JAXPConfigurator.java:87)
	... 9 more
Caused by: org.logicalcobwebs.proxool.ProxoolException: Couldn't load class com.mysql.cj.jdbc.Driver
	at org.logicalcobwebs.proxool.ConnectionPool.setDefinition(ConnectionPool.java:743)
	at org.logicalcobwebs.proxool.ConnectionPool.<init>(ConnectionPool.java:115)
	at org.logicalcobwebs.proxool.ConnectionPoolManager.createConnectionPool(ConnectionPoolManager.java:93)
	at org.logicalcobwebs.proxool.ProxoolFacade.registerConnectionPool(ProxoolFacade.java:109)
	at org.logicalcobwebs.proxool.ProxoolFacade.registerConnectionPool(ProxoolFacade.java:97)
	at org.logicalcobwebs.proxool.ProxoolFacade.registerConnectionPool(ProxoolFacade.java:69)
	at org.logicalcobwebs.proxool.configuration.XMLConfigurator.endElement(XMLConfigurator.java:196)
	... 25 more

Caused by:
org.xml.sax.SAXException: Couldn't load class com.mysql.cj.jdbc.Driver
org.logicalcobwebs.proxool.ProxoolException: Couldn't load class com.mysql.cj.jdbc.Driver
	at org.logicalcobwebs.proxool.configuration.XMLConfigurator.endElement(XMLConfigurator.java:198)
	at com.sun.org.apache.xerces.internal.parsers.AbstractSAXParser.endElement(AbstractSAXParser.java:609)
	at com.sun.org.apache.xerces.internal.impl.dtd.XMLNSDTDValidator.endNamespaceScope(XMLNSDTDValidator.java:266)
	at com.sun.org.apache.xerces.internal.impl.dtd.XMLDTDValidator.handleEndElement(XMLDTDValidator.java:2005)
	at com.sun.org.apache.xerces.internal.impl.dtd.XMLDTDValidator.endElement(XMLDTDValidator.java:879)
	at com.sun.org.apache.xerces.internal.impl.XMLDocumentFragmentScannerImpl.scanEndElement(XMLDocumentFragmentScannerImpl.java:1789)
	at com.sun.org.apache.xerces.internal.impl.XMLDocumentFragmentScannerImpl$FragmentContentDriver.next(XMLDocumentFragmentScannerImpl.java:2965)
	at com.sun.org.apache.xerces.internal.impl.XMLDocumentScannerImpl.next(XMLDocumentScannerImpl.java:606)
	at com.sun.org.apache.xerces.internal.impl.XMLNSDocumentScannerImpl.next(XMLNSDocumentScannerImpl.java:117)
	at com.sun.org.apache.xerces.internal.impl.XMLDocumentFragmentScannerImpl.scanDocument(XMLDocumentFragmentScannerImpl.java:510)
	at com.sun.org.apache.xerces.internal.parsers.XML11Configuration.parse(XML11Configuration.java:848)
	at com.sun.org.apache.xerces.internal.parsers.XML11Configuration.parse(XML11Configuration.java:777)
	at com.sun.org.apache.xerces.internal.parsers.XMLParser.parse(XMLParser.java:141)
	at com.sun.org.apache.xerces.internal.parsers.AbstractSAXParser.parse(AbstractSAXParser.java:1213)
	at com.sun.org.apache.xerces.internal.jaxp.SAXParserImpl$JAXPSAXParser.parse(SAXParserImpl.java:649)
	at com.sun.org.apache.xerces.internal.jaxp.SAXParserImpl.parse(SAXParserImpl.java:333)
	at org.logicalcobwebs.proxool.configuration.JAXPConfigurator.configure(JAXPConfigurator.java:87)
	at org.logicalcobwebs.proxool.configuration.JAXPConfigurator.configure(JAXPConfigurator.java:56)
	at game_server_parent.master.orm.utils.DbUtils.init(DbUtils.java:50)
	at game_server_parent.master.ServerStartup.main(ServerStartup.java:34)
	at sun.reflect.NativeMethodAccessorImpl.invoke0(Native Method)
	at sun.reflect.NativeMethodAccessorImpl.invoke(NativeMethodAccessorImpl.java:57)
	at sun.reflect.DelegatingMethodAccessorImpl.invoke(DelegatingMethodAccessorImpl.java:43)
	at java.lang.reflect.Method.invoke(Method.java:606)
	at org.codehaus.mojo.exec.ExecJavaMojo$1.run(ExecJavaMojo.java:282)
	at java.lang.Thread.run(Thread.java:744)
Caused by: org.logicalcobwebs.proxool.ProxoolException: Couldn't load class com.mysql.cj.jdbc.Driver
	at org.logicalcobwebs.proxool.ConnectionPool.setDefinition(ConnectionPool.java:743)
	at org.logicalcobwebs.proxool.ConnectionPool.<init>(ConnectionPool.java:115)
	at org.logicalcobwebs.proxool.ConnectionPoolManager.createConnectionPool(ConnectionPoolManager.java:93)
	at org.logicalcobwebs.proxool.ProxoolFacade.registerConnectionPool(ProxoolFacade.java:109)
	at org.logicalcobwebs.proxool.ProxoolFacade.registerConnectionPool(ProxoolFacade.java:97)
	at org.logicalcobwebs.proxool.ProxoolFacade.registerConnectionPool(ProxoolFacade.java:69)
	at org.logicalcobwebs.proxool.configuration.XMLConfigurator.endElement(XMLConfigurator.java:196)
	... 25 more
[17:17:49][game_server_parent.master.ServerStartup.main()] - 本服serverId为10001
[17:17:49][game_server_parent.master.ServerStartup.main()] - 初始化数据库连接池……
[17:17:49][game_server_parent.master.ServerStartup.main()] - Proxool 0.9.1 (23-Aug-2008 11:10)
[17:22:55][game_server_parent.master.ServerStartup.main()] - 本服serverId为10001
[17:22:55][game_server_parent.master.ServerStartup.main()] - 初始化数据库连接池……
[17:22:55][game_server_parent.master.ServerStartup.main()] - Proxool 0.9.1 (23-Aug-2008 11:10)
[17:22:56][HouseKeeper] - Proxool statistics legend: "s - r  (a/t/o)" > s=served, r=refused (only shown if non-zero), a=active, t=total, o=offline (being tested)
[17:22:56][game_server_parent.master.ServerStartup.main()] - Couldn't load class com.mysql.cj.jdbc.Driver
java.lang.ClassNotFoundException: com.mysql.cj.jdbc.Driver
	at java.net.URLClassLoader$1.run(URLClassLoader.java:366)
	at java.net.URLClassLoader$1.run(URLClassLoader.java:355)
	at java.security.AccessController.doPrivileged(Native Method)
	at java.net.URLClassLoader.findClass(URLClassLoader.java:354)
	at java.lang.ClassLoader.loadClass(ClassLoader.java:425)
	at java.lang.ClassLoader.loadClass(ClassLoader.java:358)
	at java.lang.Class.forName0(Native Method)
	at java.lang.Class.forName(Class.java:190)
	at org.logicalcobwebs.proxool.ConnectionPool.setDefinition(ConnectionPool.java:740)
	at org.logicalcobwebs.proxool.ConnectionPool.<init>(ConnectionPool.java:115)
	at org.logicalcobwebs.proxool.ConnectionPoolManager.createConnectionPool(ConnectionPoolManager.java:93)
	at org.logicalcobwebs.proxool.ProxoolFacade.registerConnectionPool(ProxoolFacade.java:109)
	at org.logicalcobwebs.proxool.ProxoolFacade.registerConnectionPool(ProxoolFacade.java:97)
	at org.logicalcobwebs.proxool.ProxoolFacade.registerConnectionPool(ProxoolFacade.java:69)
	at org.logicalcobwebs.proxool.configuration.XMLConfigurator.endElement(XMLConfigurator.java:196)
	at com.sun.org.apache.xerces.internal.parsers.AbstractSAXParser.endElement(AbstractSAXParser.java:609)
	at com.sun.org.apache.xerces.internal.impl.dtd.XMLNSDTDValidator.endNamespaceScope(XMLNSDTDValidator.java:266)
	at com.sun.org.apache.xerces.internal.impl.dtd.XMLDTDValidator.handleEndElement(XMLDTDValidator.java:2005)
	at com.sun.org.apache.xerces.internal.impl.dtd.XMLDTDValidator.endElement(XMLDTDValidator.java:879)
	at com.sun.org.apache.xerces.internal.impl.XMLDocumentFragmentScannerImpl.scanEndElement(XMLDocumentFragmentScannerImpl.java:1789)
	at com.sun.org.apache.xerces.internal.impl.XMLDocumentFragmentScannerImpl$FragmentContentDriver.next(XMLDocumentFragmentScannerImpl.java:2965)
	at com.sun.org.apache.xerces.internal.impl.XMLDocumentScannerImpl.next(XMLDocumentScannerImpl.java:606)
	at com.sun.org.apache.xerces.internal.impl.XMLNSDocumentScannerImpl.next(XMLNSDocumentScannerImpl.java:117)
	at com.sun.org.apache.xerces.internal.impl.XMLDocumentFragmentScannerImpl.scanDocument(XMLDocumentFragmentScannerImpl.java:510)
	at com.sun.org.apache.xerces.internal.parsers.XML11Configuration.parse(XML11Configuration.java:848)
	at com.sun.org.apache.xerces.internal.parsers.XML11Configuration.parse(XML11Configuration.java:777)
	at com.sun.org.apache.xerces.internal.parsers.XMLParser.parse(XMLParser.java:141)
	at com.sun.org.apache.xerces.internal.parsers.AbstractSAXParser.parse(AbstractSAXParser.java:1213)
	at com.sun.org.apache.xerces.internal.jaxp.SAXParserImpl$JAXPSAXParser.parse(SAXParserImpl.java:649)
	at com.sun.org.apache.xerces.internal.jaxp.SAXParserImpl.parse(SAXParserImpl.java:333)
	at org.logicalcobwebs.proxool.configuration.JAXPConfigurator.configure(JAXPConfigurator.java:87)
	at org.logicalcobwebs.proxool.configuration.JAXPConfigurator.configure(JAXPConfigurator.java:56)
	at game_server_parent.master.orm.utils.DbUtils.init(DbUtils.java:50)
	at game_server_parent.master.ServerStartup.main(ServerStartup.java:34)
	at sun.reflect.NativeMethodAccessorImpl.invoke0(Native Method)
	at sun.reflect.NativeMethodAccessorImpl.invoke(NativeMethodAccessorImpl.java:57)
	at sun.reflect.DelegatingMethodAccessorImpl.invoke(DelegatingMethodAccessorImpl.java:43)
	at java.lang.reflect.Method.invoke(Method.java:606)
	at org.codehaus.mojo.exec.ExecJavaMojo$1.run(ExecJavaMojo.java:282)
	at java.lang.Thread.run(Thread.java:744)
[17:22:56][game_server_parent.master.ServerStartup.main()] - 
org.logicalcobwebs.proxool.ProxoolException: Parsing failed.
	at org.logicalcobwebs.proxool.configuration.JAXPConfigurator.configure(JAXPConfigurator.java:91)
	at org.logicalcobwebs.proxool.configuration.JAXPConfigurator.configure(JAXPConfigurator.java:56)
	at game_server_parent.master.orm.utils.DbUtils.init(DbUtils.java:50)
	at game_server_parent.master.ServerStartup.main(ServerStartup.java:34)
	at sun.reflect.NativeMethodAccessorImpl.invoke0(Native Method)
	at sun.reflect.NativeMethodAccessorImpl.invoke(NativeMethodAccessorImpl.java:57)
	at sun.reflect.DelegatingMethodAccessorImpl.invoke(DelegatingMethodAccessorImpl.java:43)
	at java.lang.reflect.Method.invoke(Method.java:606)
	at org.codehaus.mojo.exec.ExecJavaMojo$1.run(ExecJavaMojo.java:282)
	at java.lang.Thread.run(Thread.java:744)
Caused by: org.xml.sax.SAXException: Couldn't load class com.mysql.cj.jdbc.Driver
org.logicalcobwebs.proxool.ProxoolException: Couldn't load class com.mysql.cj.jdbc.Driver
	at org.logicalcobwebs.proxool.configuration.XMLConfigurator.endElement(XMLConfigurator.java:198)
	at com.sun.org.apache.xerces.internal.parsers.AbstractSAXParser.endElement(AbstractSAXParser.java:609)
	at com.sun.org.apache.xerces.internal.impl.dtd.XMLNSDTDValidator.endNamespaceScope(XMLNSDTDValidator.java:266)
	at com.sun.org.apache.xerces.internal.impl.dtd.XMLDTDValidator.handleEndElement(XMLDTDValidator.java:2005)
	at com.sun.org.apache.xerces.internal.impl.dtd.XMLDTDValidator.endElement(XMLDTDValidator.java:879)
	at com.sun.org.apache.xerces.internal.impl.XMLDocumentFragmentScannerImpl.scanEndElement(XMLDocumentFragmentScannerImpl.java:1789)
	at com.sun.org.apache.xerces.internal.impl.XMLDocumentFragmentScannerImpl$FragmentContentDriver.next(XMLDocumentFragmentScannerImpl.java:2965)
	at com.sun.org.apache.xerces.internal.impl.XMLDocumentScannerImpl.next(XMLDocumentScannerImpl.java:606)
	at com.sun.org.apache.xerces.internal.impl.XMLNSDocumentScannerImpl.next(XMLNSDocumentScannerImpl.java:117)
	at com.sun.org.apache.xerces.internal.impl.XMLDocumentFragmentScannerImpl.scanDocument(XMLDocumentFragmentScannerImpl.java:510)
	at com.sun.org.apache.xerces.internal.parsers.XML11Configuration.parse(XML11Configuration.java:848)
	at com.sun.org.apache.xerces.internal.parsers.XML11Configuration.parse(XML11Configuration.java:777)
	at com.sun.org.apache.xerces.internal.parsers.XMLParser.parse(XMLParser.java:141)
	at com.sun.org.apache.xerces.internal.parsers.AbstractSAXParser.parse(AbstractSAXParser.java:1213)
	at com.sun.org.apache.xerces.internal.jaxp.SAXParserImpl$JAXPSAXParser.parse(SAXParserImpl.java:649)
	at com.sun.org.apache.xerces.internal.jaxp.SAXParserImpl.parse(SAXParserImpl.java:333)
	at org.logicalcobwebs.proxool.configuration.JAXPConfigurator.configure(JAXPConfigurator.java:87)
	... 9 more
Caused by: org.logicalcobwebs.proxool.ProxoolException: Couldn't load class com.mysql.cj.jdbc.Driver
	at org.logicalcobwebs.proxool.ConnectionPool.setDefinition(ConnectionPool.java:743)
	at org.logicalcobwebs.proxool.ConnectionPool.<init>(ConnectionPool.java:115)
	at org.logicalcobwebs.proxool.ConnectionPoolManager.createConnectionPool(ConnectionPoolManager.java:93)
	at org.logicalcobwebs.proxool.ProxoolFacade.registerConnectionPool(ProxoolFacade.java:109)
	at org.logicalcobwebs.proxool.ProxoolFacade.registerConnectionPool(ProxoolFacade.java:97)
	at org.logicalcobwebs.proxool.ProxoolFacade.registerConnectionPool(ProxoolFacade.java:69)
	at org.logicalcobwebs.proxool.configuration.XMLConfigurator.endElement(XMLConfigurator.java:196)
	... 25 more

Caused by:
org.xml.sax.SAXException: Couldn't load class com.mysql.cj.jdbc.Driver
org.logicalcobwebs.proxool.ProxoolException: Couldn't load class com.mysql.cj.jdbc.Driver
	at org.logicalcobwebs.proxool.configuration.XMLConfigurator.endElement(XMLConfigurator.java:198)
	at com.sun.org.apache.xerces.internal.parsers.AbstractSAXParser.endElement(AbstractSAXParser.java:609)
	at com.sun.org.apache.xerces.internal.impl.dtd.XMLNSDTDValidator.endNamespaceScope(XMLNSDTDValidator.java:266)
	at com.sun.org.apache.xerces.internal.impl.dtd.XMLDTDValidator.handleEndElement(XMLDTDValidator.java:2005)
	at com.sun.org.apache.xerces.internal.impl.dtd.XMLDTDValidator.endElement(XMLDTDValidator.java:879)
	at com.sun.org.apache.xerces.internal.impl.XMLDocumentFragmentScannerImpl.scanEndElement(XMLDocumentFragmentScannerImpl.java:1789)
	at com.sun.org.apache.xerces.internal.impl.XMLDocumentFragmentScannerImpl$FragmentContentDriver.next(XMLDocumentFragmentScannerImpl.java:2965)
	at com.sun.org.apache.xerces.internal.impl.XMLDocumentScannerImpl.next(XMLDocumentScannerImpl.java:606)
	at com.sun.org.apache.xerces.internal.impl.XMLNSDocumentScannerImpl.next(XMLNSDocumentScannerImpl.java:117)
	at com.sun.org.apache.xerces.internal.impl.XMLDocumentFragmentScannerImpl.scanDocument(XMLDocumentFragmentScannerImpl.java:510)
	at com.sun.org.apache.xerces.internal.parsers.XML11Configuration.parse(XML11Configuration.java:848)
	at com.sun.org.apache.xerces.internal.parsers.XML11Configuration.parse(XML11Configuration.java:777)
	at com.sun.org.apache.xerces.internal.parsers.XMLParser.parse(XMLParser.java:141)
	at com.sun.org.apache.xerces.internal.parsers.AbstractSAXParser.parse(AbstractSAXParser.java:1213)
	at com.sun.org.apache.xerces.internal.jaxp.SAXParserImpl$JAXPSAXParser.parse(SAXParserImpl.java:649)
	at com.sun.org.apache.xerces.internal.jaxp.SAXParserImpl.parse(SAXParserImpl.java:333)
	at org.logicalcobwebs.proxool.configuration.JAXPConfigurator.configure(JAXPConfigurator.java:87)
	at org.logicalcobwebs.proxool.configuration.JAXPConfigurator.configure(JAXPConfigurator.java:56)
	at game_server_parent.master.orm.utils.DbUtils.init(DbUtils.java:50)
	at game_server_parent.master.ServerStartup.main(ServerStartup.java:34)
	at sun.reflect.NativeMethodAccessorImpl.invoke0(Native Method)
	at sun.reflect.NativeMethodAccessorImpl.invoke(NativeMethodAccessorImpl.java:57)
	at sun.reflect.DelegatingMethodAccessorImpl.invoke(DelegatingMethodAccessorImpl.java:43)
	at java.lang.reflect.Method.invoke(Method.java:606)
	at org.codehaus.mojo.exec.ExecJavaMojo$1.run(ExecJavaMojo.java:282)
	at java.lang.Thread.run(Thread.java:744)
Caused by: org.logicalcobwebs.proxool.ProxoolException: Couldn't load class com.mysql.cj.jdbc.Driver
	at org.logicalcobwebs.proxool.ConnectionPool.setDefinition(ConnectionPool.java:743)
	at org.logicalcobwebs.proxool.ConnectionPool.<init>(ConnectionPool.java:115)
	at org.logicalcobwebs.proxool.ConnectionPoolManager.createConnectionPool(ConnectionPoolManager.java:93)
	at org.logicalcobwebs.proxool.ProxoolFacade.registerConnectionPool(ProxoolFacade.java:109)
	at org.logicalcobwebs.proxool.ProxoolFacade.registerConnectionPool(ProxoolFacade.java:97)
	at org.logicalcobwebs.proxool.ProxoolFacade.registerConnectionPool(ProxoolFacade.java:69)
	at org.logicalcobwebs.proxool.configuration.XMLConfigurator.endElement(XMLConfigurator.java:196)
	... 25 more
[17:22:56][Prototyper] - Prototype
java.sql.SQLException: Access denied for user 'root'@'localhost' (using password: YES)
	at com.mysql.jdbc.SQLError.createSQLException(SQLError.java:996)
	at com.mysql.jdbc.MysqlIO.checkErrorPacket(MysqlIO.java:3887)
	at com.mysql.jdbc.MysqlIO.checkErrorPacket(MysqlIO.java:3823)
	at com.mysql.jdbc.MysqlIO.checkErrorPacket(MysqlIO.java:870)
	at com.mysql.jdbc.MysqlIO.proceedHandshakeWithPluggableAuthentication(MysqlIO.java:1659)
	at com.mysql.jdbc.MysqlIO.doHandshake(MysqlIO.java:1206)
	at com.mysql.jdbc.ConnectionImpl.coreConnect(ConnectionImpl.java:2234)
	at com.mysql.jdbc.ConnectionImpl.connectOneTryOnly(ConnectionImpl.java:2265)
	at com.mysql.jdbc.ConnectionImpl.createNewIO(ConnectionImpl.java:2064)
	at com.mysql.jdbc.ConnectionImpl.<init>(ConnectionImpl.java:790)
	at com.mysql.jdbc.JDBC4Connection.<init>(JDBC4Connection.java:44)
	at sun.reflect.NativeConstructorAccessorImpl.newInstance0(Native Method)
	at sun.reflect.NativeConstructorAccessorImpl.newInstance(NativeConstructorAccessorImpl.java:57)
	at sun.reflect.DelegatingConstructorAccessorImpl.newInstance(DelegatingConstructorAccessorImpl.java:45)
	at java.lang.reflect.Constructor.newInstance(Constructor.java:526)
	at com.mysql.jdbc.Util.handleNewInstance(Util.java:377)
	at com.mysql.jdbc.ConnectionImpl.getInstance(ConnectionImpl.java:395)
	at com.mysql.jdbc.NonRegisteringDriver.connect(NonRegisteringDriver.java:325)
	at java.sql.DriverManager.getConnection(DriverManager.java:571)
	at java.sql.DriverManager.getConnection(DriverManager.java:187)
	at org.logicalcobwebs.proxool.DefaultConnectionBuilder.buildConnection(DefaultConnectionBuilder.java:39)
	at org.logicalcobwebs.proxool.Prototyper.buildConnection(Prototyper.java:159)
	at org.logicalcobwebs.proxool.Prototyper.sweep(Prototyper.java:102)
	at org.logicalcobwebs.proxool.PrototyperThread.run(PrototyperThread.java:44)
[17:22:56][Shutdown Hook] - Shutting down 'data' pool immediately [Shutdown Hook]
[17:22:56][Shutdown Hook] - 'data' pool has been closed down by Shutdown Hook in 2 milliseconds.
[17:22:56][Shutdown Hook] - Stopping Prototyper thread
[17:22:56][Shutdown Hook] - Stopping HouseKeeper thread
[17:23:20][game_server_parent.master.ServerStartup.main()] - 本服serverId为10001
[17:23:20][game_server_parent.master.ServerStartup.main()] - 初始化数据库连接池……
[17:23:20][game_server_parent.master.ServerStartup.main()] - Proxool 0.9.1 (23-Aug-2008 11:10)
[17:23:20][HouseKeeper] - Proxool statistics legend: "s - r  (a/t/o)" > s=served, r=refused (only shown if non-zero), a=active, t=total, o=offline (being tested)
[17:23:20][game_server_parent.master.ServerStartup.main()] - Couldn't load class com.mysql.cj.jdbc.Driver
java.lang.ClassNotFoundException: com.mysql.cj.jdbc.Driver
	at java.net.URLClassLoader$1.run(URLClassLoader.java:366)
	at java.net.URLClassLoader$1.run(URLClassLoader.java:355)
	at java.security.AccessController.doPrivileged(Native Method)
	at java.net.URLClassLoader.findClass(URLClassLoader.java:354)
	at java.lang.ClassLoader.loadClass(ClassLoader.java:425)
	at java.lang.ClassLoader.loadClass(ClassLoader.java:358)
	at java.lang.Class.forName0(Native Method)
	at java.lang.Class.forName(Class.java:190)
	at org.logicalcobwebs.proxool.ConnectionPool.setDefinition(ConnectionPool.java:740)
	at org.logicalcobwebs.proxool.ConnectionPool.<init>(ConnectionPool.java:115)
	at org.logicalcobwebs.proxool.ConnectionPoolManager.createConnectionPool(ConnectionPoolManager.java:93)
	at org.logicalcobwebs.proxool.ProxoolFacade.registerConnectionPool(ProxoolFacade.java:109)
	at org.logicalcobwebs.proxool.ProxoolFacade.registerConnectionPool(ProxoolFacade.java:97)
	at org.logicalcobwebs.proxool.ProxoolFacade.registerConnectionPool(ProxoolFacade.java:69)
	at org.logicalcobwebs.proxool.configuration.XMLConfigurator.endElement(XMLConfigurator.java:196)
	at com.sun.org.apache.xerces.internal.parsers.AbstractSAXParser.endElement(AbstractSAXParser.java:609)
	at com.sun.org.apache.xerces.internal.impl.dtd.XMLNSDTDValidator.endNamespaceScope(XMLNSDTDValidator.java:266)
	at com.sun.org.apache.xerces.internal.impl.dtd.XMLDTDValidator.handleEndElement(XMLDTDValidator.java:2005)
	at com.sun.org.apache.xerces.internal.impl.dtd.XMLDTDValidator.endElement(XMLDTDValidator.java:879)
	at com.sun.org.apache.xerces.internal.impl.XMLDocumentFragmentScannerImpl.scanEndElement(XMLDocumentFragmentScannerImpl.java:1789)
	at com.sun.org.apache.xerces.internal.impl.XMLDocumentFragmentScannerImpl$FragmentContentDriver.next(XMLDocumentFragmentScannerImpl.java:2965)
	at com.sun.org.apache.xerces.internal.impl.XMLDocumentScannerImpl.next(XMLDocumentScannerImpl.java:606)
	at com.sun.org.apache.xerces.internal.impl.XMLNSDocumentScannerImpl.next(XMLNSDocumentScannerImpl.java:117)
	at com.sun.org.apache.xerces.internal.impl.XMLDocumentFragmentScannerImpl.scanDocument(XMLDocumentFragmentScannerImpl.java:510)
	at com.sun.org.apache.xerces.internal.parsers.XML11Configuration.parse(XML11Configuration.java:848)
	at com.sun.org.apache.xerces.internal.parsers.XML11Configuration.parse(XML11Configuration.java:777)
	at com.sun.org.apache.xerces.internal.parsers.XMLParser.parse(XMLParser.java:141)
	at com.sun.org.apache.xerces.internal.parsers.AbstractSAXParser.parse(AbstractSAXParser.java:1213)
	at com.sun.org.apache.xerces.internal.jaxp.SAXParserImpl$JAXPSAXParser.parse(SAXParserImpl.java:649)
	at com.sun.org.apache.xerces.internal.jaxp.SAXParserImpl.parse(SAXParserImpl.java:333)
	at org.logicalcobwebs.proxool.configuration.JAXPConfigurator.configure(JAXPConfigurator.java:87)
	at org.logicalcobwebs.proxool.configuration.JAXPConfigurator.configure(JAXPConfigurator.java:56)
	at game_server_parent.master.orm.utils.DbUtils.init(DbUtils.java:50)
	at game_server_parent.master.ServerStartup.main(ServerStartup.java:34)
	at sun.reflect.NativeMethodAccessorImpl.invoke0(Native Method)
	at sun.reflect.NativeMethodAccessorImpl.invoke(NativeMethodAccessorImpl.java:57)
	at sun.reflect.DelegatingMethodAccessorImpl.invoke(DelegatingMethodAccessorImpl.java:43)
	at java.lang.reflect.Method.invoke(Method.java:606)
	at org.codehaus.mojo.exec.ExecJavaMojo$1.run(ExecJavaMojo.java:282)
	at java.lang.Thread.run(Thread.java:744)
[17:23:20][game_server_parent.master.ServerStartup.main()] - 
org.logicalcobwebs.proxool.ProxoolException: Parsing failed.
	at org.logicalcobwebs.proxool.configuration.JAXPConfigurator.configure(JAXPConfigurator.java:91)
	at org.logicalcobwebs.proxool.configuration.JAXPConfigurator.configure(JAXPConfigurator.java:56)
	at game_server_parent.master.orm.utils.DbUtils.init(DbUtils.java:50)
	at game_server_parent.master.ServerStartup.main(ServerStartup.java:34)
	at sun.reflect.NativeMethodAccessorImpl.invoke0(Native Method)
	at sun.reflect.NativeMethodAccessorImpl.invoke(NativeMethodAccessorImpl.java:57)
	at sun.reflect.DelegatingMethodAccessorImpl.invoke(DelegatingMethodAccessorImpl.java:43)
	at java.lang.reflect.Method.invoke(Method.java:606)
	at org.codehaus.mojo.exec.ExecJavaMojo$1.run(ExecJavaMojo.java:282)
	at java.lang.Thread.run(Thread.java:744)
Caused by: org.xml.sax.SAXException: Couldn't load class com.mysql.cj.jdbc.Driver
org.logicalcobwebs.proxool.ProxoolException: Couldn't load class com.mysql.cj.jdbc.Driver
	at org.logicalcobwebs.proxool.configuration.XMLConfigurator.endElement(XMLConfigurator.java:198)
	at com.sun.org.apache.xerces.internal.parsers.AbstractSAXParser.endElement(AbstractSAXParser.java:609)
	at com.sun.org.apache.xerces.internal.impl.dtd.XMLNSDTDValidator.endNamespaceScope(XMLNSDTDValidator.java:266)
	at com.sun.org.apache.xerces.internal.impl.dtd.XMLDTDValidator.handleEndElement(XMLDTDValidator.java:2005)
	at com.sun.org.apache.xerces.internal.impl.dtd.XMLDTDValidator.endElement(XMLDTDValidator.java:879)
	at com.sun.org.apache.xerces.internal.impl.XMLDocumentFragmentScannerImpl.scanEndElement(XMLDocumentFragmentScannerImpl.java:1789)
	at com.sun.org.apache.xerces.internal.impl.XMLDocumentFragmentScannerImpl$FragmentContentDriver.next(XMLDocumentFragmentScannerImpl.java:2965)
	at com.sun.org.apache.xerces.internal.impl.XMLDocumentScannerImpl.next(XMLDocumentScannerImpl.java:606)
	at com.sun.org.apache.xerces.internal.impl.XMLNSDocumentScannerImpl.next(XMLNSDocumentScannerImpl.java:117)
	at com.sun.org.apache.xerces.internal.impl.XMLDocumentFragmentScannerImpl.scanDocument(XMLDocumentFragmentScannerImpl.java:510)
	at com.sun.org.apache.xerces.internal.parsers.XML11Configuration.parse(XML11Configuration.java:848)
	at com.sun.org.apache.xerces.internal.parsers.XML11Configuration.parse(XML11Configuration.java:777)
	at com.sun.org.apache.xerces.internal.parsers.XMLParser.parse(XMLParser.java:141)
	at com.sun.org.apache.xerces.internal.parsers.AbstractSAXParser.parse(AbstractSAXParser.java:1213)
	at com.sun.org.apache.xerces.internal.jaxp.SAXParserImpl$JAXPSAXParser.parse(SAXParserImpl.java:649)
	at com.sun.org.apache.xerces.internal.jaxp.SAXParserImpl.parse(SAXParserImpl.java:333)
	at org.logicalcobwebs.proxool.configuration.JAXPConfigurator.configure(JAXPConfigurator.java:87)
	... 9 more
Caused by: org.logicalcobwebs.proxool.ProxoolException: Couldn't load class com.mysql.cj.jdbc.Driver
	at org.logicalcobwebs.proxool.ConnectionPool.setDefinition(ConnectionPool.java:743)
	at org.logicalcobwebs.proxool.ConnectionPool.<init>(ConnectionPool.java:115)
	at org.logicalcobwebs.proxool.ConnectionPoolManager.createConnectionPool(ConnectionPoolManager.java:93)
	at org.logicalcobwebs.proxool.ProxoolFacade.registerConnectionPool(ProxoolFacade.java:109)
	at org.logicalcobwebs.proxool.ProxoolFacade.registerConnectionPool(ProxoolFacade.java:97)
	at org.logicalcobwebs.proxool.ProxoolFacade.registerConnectionPool(ProxoolFacade.java:69)
	at org.logicalcobwebs.proxool.configuration.XMLConfigurator.endElement(XMLConfigurator.java:196)
	... 25 more

Caused by:
org.xml.sax.SAXException: Couldn't load class com.mysql.cj.jdbc.Driver
org.logicalcobwebs.proxool.ProxoolException: Couldn't load class com.mysql.cj.jdbc.Driver
	at org.logicalcobwebs.proxool.configuration.XMLConfigurator.endElement(XMLConfigurator.java:198)
	at com.sun.org.apache.xerces.internal.parsers.AbstractSAXParser.endElement(AbstractSAXParser.java:609)
	at com.sun.org.apache.xerces.internal.impl.dtd.XMLNSDTDValidator.endNamespaceScope(XMLNSDTDValidator.java:266)
	at com.sun.org.apache.xerces.internal.impl.dtd.XMLDTDValidator.handleEndElement(XMLDTDValidator.java:2005)
	at com.sun.org.apache.xerces.internal.impl.dtd.XMLDTDValidator.endElement(XMLDTDValidator.java:879)
	at com.sun.org.apache.xerces.internal.impl.XMLDocumentFragmentScannerImpl.scanEndElement(XMLDocumentFragmentScannerImpl.java:1789)
	at com.sun.org.apache.xerces.internal.impl.XMLDocumentFragmentScannerImpl$FragmentContentDriver.next(XMLDocumentFragmentScannerImpl.java:2965)
	at com.sun.org.apache.xerces.internal.impl.XMLDocumentScannerImpl.next(XMLDocumentScannerImpl.java:606)
	at com.sun.org.apache.xerces.internal.impl.XMLNSDocumentScannerImpl.next(XMLNSDocumentScannerImpl.java:117)
	at com.sun.org.apache.xerces.internal.impl.XMLDocumentFragmentScannerImpl.scanDocument(XMLDocumentFragmentScannerImpl.java:510)
	at com.sun.org.apache.xerces.internal.parsers.XML11Configuration.parse(XML11Configuration.java:848)
	at com.sun.org.apache.xerces.internal.parsers.XML11Configuration.parse(XML11Configuration.java:777)
	at com.sun.org.apache.xerces.internal.parsers.XMLParser.parse(XMLParser.java:141)
	at com.sun.org.apache.xerces.internal.parsers.AbstractSAXParser.parse(AbstractSAXParser.java:1213)
	at com.sun.org.apache.xerces.internal.jaxp.SAXParserImpl$JAXPSAXParser.parse(SAXParserImpl.java:649)
	at com.sun.org.apache.xerces.internal.jaxp.SAXParserImpl.parse(SAXParserImpl.java:333)
	at org.logicalcobwebs.proxool.configuration.JAXPConfigurator.configure(JAXPConfigurator.java:87)
	at org.logicalcobwebs.proxool.configuration.JAXPConfigurator.configure(JAXPConfigurator.java:56)
	at game_server_parent.master.orm.utils.DbUtils.init(DbUtils.java:50)
	at game_server_parent.master.ServerStartup.main(ServerStartup.java:34)
	at sun.reflect.NativeMethodAccessorImpl.invoke0(Native Method)
	at sun.reflect.NativeMethodAccessorImpl.invoke(NativeMethodAccessorImpl.java:57)
	at sun.reflect.DelegatingMethodAccessorImpl.invoke(DelegatingMethodAccessorImpl.java:43)
	at java.lang.reflect.Method.invoke(Method.java:606)
	at org.codehaus.mojo.exec.ExecJavaMojo$1.run(ExecJavaMojo.java:282)
	at java.lang.Thread.run(Thread.java:744)
Caused by: org.logicalcobwebs.proxool.ProxoolException: Couldn't load class com.mysql.cj.jdbc.Driver
	at org.logicalcobwebs.proxool.ConnectionPool.setDefinition(ConnectionPool.java:743)
	at org.logicalcobwebs.proxool.ConnectionPool.<init>(ConnectionPool.java:115)
	at org.logicalcobwebs.proxool.ConnectionPoolManager.createConnectionPool(ConnectionPoolManager.java:93)
	at org.logicalcobwebs.proxool.ProxoolFacade.registerConnectionPool(ProxoolFacade.java:109)
	at org.logicalcobwebs.proxool.ProxoolFacade.registerConnectionPool(ProxoolFacade.java:97)
	at org.logicalcobwebs.proxool.ProxoolFacade.registerConnectionPool(ProxoolFacade.java:69)
	at org.logicalcobwebs.proxool.configuration.XMLConfigurator.endElement(XMLConfigurator.java:196)
	... 25 more
[17:23:21][Prototyper] - Prototype
java.sql.SQLException: Access denied for user 'root'@'localhost' (using password: YES)
	at com.mysql.jdbc.SQLError.createSQLException(SQLError.java:996)
	at com.mysql.jdbc.MysqlIO.checkErrorPacket(MysqlIO.java:3887)
	at com.mysql.jdbc.MysqlIO.checkErrorPacket(MysqlIO.java:3823)
	at com.mysql.jdbc.MysqlIO.checkErrorPacket(MysqlIO.java:870)
	at com.mysql.jdbc.MysqlIO.proceedHandshakeWithPluggableAuthentication(MysqlIO.java:1659)
	at com.mysql.jdbc.MysqlIO.doHandshake(MysqlIO.java:1206)
	at com.mysql.jdbc.ConnectionImpl.coreConnect(ConnectionImpl.java:2234)
	at com.mysql.jdbc.ConnectionImpl.connectOneTryOnly(ConnectionImpl.java:2265)
	at com.mysql.jdbc.ConnectionImpl.createNewIO(ConnectionImpl.java:2064)
	at com.mysql.jdbc.ConnectionImpl.<init>(ConnectionImpl.java:790)
	at com.mysql.jdbc.JDBC4Connection.<init>(JDBC4Connection.java:44)
	at sun.reflect.NativeConstructorAccessorImpl.newInstance0(Native Method)
	at sun.reflect.NativeConstructorAccessorImpl.newInstance(NativeConstructorAccessorImpl.java:57)
	at sun.reflect.DelegatingConstructorAccessorImpl.newInstance(DelegatingConstructorAccessorImpl.java:45)
	at java.lang.reflect.Constructor.newInstance(Constructor.java:526)
	at com.mysql.jdbc.Util.handleNewInstance(Util.java:377)
	at com.mysql.jdbc.ConnectionImpl.getInstance(ConnectionImpl.java:395)
	at com.mysql.jdbc.NonRegisteringDriver.connect(NonRegisteringDriver.java:325)
	at java.sql.DriverManager.getConnection(DriverManager.java:571)
	at java.sql.DriverManager.getConnection(DriverManager.java:187)
	at org.logicalcobwebs.proxool.DefaultConnectionBuilder.buildConnection(DefaultConnectionBuilder.java:39)
	at org.logicalcobwebs.proxool.Prototyper.buildConnection(Prototyper.java:159)
	at org.logicalcobwebs.proxool.Prototyper.sweep(Prototyper.java:102)
	at org.logicalcobwebs.proxool.PrototyperThread.run(PrototyperThread.java:44)
[17:23:21][Shutdown Hook] - Shutting down 'data' pool immediately [Shutdown Hook]
[17:23:21][Shutdown Hook] - 'data' pool has been closed down by Shutdown Hook in 5 milliseconds.
[17:23:21][Shutdown Hook] - Stopping Prototyper thread
[17:23:21][Shutdown Hook] - Stopping HouseKeeper thread
[17:24:02][game_server_parent.master.ServerStartup.main()] - 本服serverId为10001
[17:24:02][game_server_parent.master.ServerStartup.main()] - 初始化数据库连接池……
[17:24:02][game_server_parent.master.ServerStartup.main()] - Proxool 0.9.1 (23-Aug-2008 11:10)
[17:24:02][HouseKeeper] - Proxool statistics legend: "s - r  (a/t/o)" > s=served, r=refused (only shown if non-zero), a=active, t=total, o=offline (being tested)
[17:24:02][Prototyper] - Prototype
java.sql.SQLException: Access denied for user 'root'@'localhost' (using password: YES)
	at com.mysql.jdbc.SQLError.createSQLException(SQLError.java:996)
	at com.mysql.jdbc.MysqlIO.checkErrorPacket(MysqlIO.java:3887)
	at com.mysql.jdbc.MysqlIO.checkErrorPacket(MysqlIO.java:3823)
	at com.mysql.jdbc.MysqlIO.checkErrorPacket(MysqlIO.java:870)
	at com.mysql.jdbc.MysqlIO.proceedHandshakeWithPluggableAuthentication(MysqlIO.java:1659)
	at com.mysql.jdbc.MysqlIO.doHandshake(MysqlIO.java:1206)
	at com.mysql.jdbc.ConnectionImpl.coreConnect(ConnectionImpl.java:2234)
	at com.mysql.jdbc.ConnectionImpl.connectOneTryOnly(ConnectionImpl.java:2265)
	at com.mysql.jdbc.ConnectionImpl.createNewIO(ConnectionImpl.java:2064)
	at com.mysql.jdbc.ConnectionImpl.<init>(ConnectionImpl.java:790)
	at com.mysql.jdbc.JDBC4Connection.<init>(JDBC4Connection.java:44)
	at sun.reflect.NativeConstructorAccessorImpl.newInstance0(Native Method)
	at sun.reflect.NativeConstructorAccessorImpl.newInstance(NativeConstructorAccessorImpl.java:57)
	at sun.reflect.DelegatingConstructorAccessorImpl.newInstance(DelegatingConstructorAccessorImpl.java:45)
	at java.lang.reflect.Constructor.newInstance(Constructor.java:526)
	at com.mysql.jdbc.Util.handleNewInstance(Util.java:377)
	at com.mysql.jdbc.ConnectionImpl.getInstance(ConnectionImpl.java:395)
	at com.mysql.jdbc.NonRegisteringDriver.connect(NonRegisteringDriver.java:325)
	at java.sql.DriverManager.getConnection(DriverManager.java:571)
	at java.sql.DriverManager.getConnection(DriverManager.java:187)
	at org.logicalcobwebs.proxool.DefaultConnectionBuilder.buildConnection(DefaultConnectionBuilder.java:39)
	at org.logicalcobwebs.proxool.Prototyper.buildConnection(Prototyper.java:159)
	at org.logicalcobwebs.proxool.Prototyper.sweep(Prototyper.java:102)
	at org.logicalcobwebs.proxool.PrototyperThread.run(PrototyperThread.java:44)
[17:24:02][game_server_parent.master.ServerStartup.main()] - socket启动端口为9528,正在监听客户端的连接
[17:24:07][Prototyper] - Prototype
java.sql.SQLException: Access denied for user 'root'@'localhost' (using password: YES)
	at com.mysql.jdbc.SQLError.createSQLException(SQLError.java:996)
	at com.mysql.jdbc.MysqlIO.checkErrorPacket(MysqlIO.java:3887)
	at com.mysql.jdbc.MysqlIO.checkErrorPacket(MysqlIO.java:3823)
	at com.mysql.jdbc.MysqlIO.checkErrorPacket(MysqlIO.java:870)
	at com.mysql.jdbc.MysqlIO.proceedHandshakeWithPluggableAuthentication(MysqlIO.java:1659)
	at com.mysql.jdbc.MysqlIO.doHandshake(MysqlIO.java:1206)
	at com.mysql.jdbc.ConnectionImpl.coreConnect(ConnectionImpl.java:2234)
	at com.mysql.jdbc.ConnectionImpl.connectOneTryOnly(ConnectionImpl.java:2265)
	at com.mysql.jdbc.ConnectionImpl.createNewIO(ConnectionImpl.java:2064)
	at com.mysql.jdbc.ConnectionImpl.<init>(ConnectionImpl.java:790)
	at com.mysql.jdbc.JDBC4Connection.<init>(JDBC4Connection.java:44)
	at sun.reflect.NativeConstructorAccessorImpl.newInstance0(Native Method)
	at sun.reflect.NativeConstructorAccessorImpl.newInstance(NativeConstructorAccessorImpl.java:57)
	at sun.reflect.DelegatingConstructorAccessorImpl.newInstance(DelegatingConstructorAccessorImpl.java:45)
	at java.lang.reflect.Constructor.newInstance(Constructor.java:526)
	at com.mysql.jdbc.Util.handleNewInstance(Util.java:377)
	at com.mysql.jdbc.ConnectionImpl.getInstance(ConnectionImpl.java:395)
	at com.mysql.jdbc.NonRegisteringDriver.connect(NonRegisteringDriver.java:325)
	at java.sql.DriverManager.getConnection(DriverManager.java:571)
	at java.sql.DriverManager.getConnection(DriverManager.java:187)
	at org.logicalcobwebs.proxool.DefaultConnectionBuilder.buildConnection(DefaultConnectionBuilder.java:39)
	at org.logicalcobwebs.proxool.Prototyper.buildConnection(Prototyper.java:159)
	at org.logicalcobwebs.proxool.Prototyper.sweep(Prototyper.java:102)
	at org.logicalcobwebs.proxool.PrototyperThread.run(PrototyperThread.java:44)
[17:24:07][Prototyper] - Prototype
java.sql.SQLException: Access denied for user 'root'@'localhost' (using password: YES)
	at com.mysql.jdbc.SQLError.createSQLException(SQLError.java:996)
	at com.mysql.jdbc.MysqlIO.checkErrorPacket(MysqlIO.java:3887)
	at com.mysql.jdbc.MysqlIO.checkErrorPacket(MysqlIO.java:3823)
	at com.mysql.jdbc.MysqlIO.checkErrorPacket(MysqlIO.java:870)
	at com.mysql.jdbc.MysqlIO.proceedHandshakeWithPluggableAuthentication(MysqlIO.java:1659)
	at com.mysql.jdbc.MysqlIO.doHandshake(MysqlIO.java:1206)
	at com.mysql.jdbc.ConnectionImpl.coreConnect(ConnectionImpl.java:2234)
	at com.mysql.jdbc.ConnectionImpl.connectOneTryOnly(ConnectionImpl.java:2265)
	at com.mysql.jdbc.ConnectionImpl.createNewIO(ConnectionImpl.java:2064)
	at com.mysql.jdbc.ConnectionImpl.<init>(ConnectionImpl.java:790)
	at com.mysql.jdbc.JDBC4Connection.<init>(JDBC4Connection.java:44)
	at sun.reflect.NativeConstructorAccessorImpl.newInstance0(Native Method)
	at sun.reflect.NativeConstructorAccessorImpl.newInstance(NativeConstructorAccessorImpl.java:57)
	at sun.reflect.DelegatingConstructorAccessorImpl.newInstance(DelegatingConstructorAccessorImpl.java:45)
	at java.lang.reflect.Constructor.newInstance(Constructor.java:526)
	at com.mysql.jdbc.Util.handleNewInstance(Util.java:377)
	at com.mysql.jdbc.ConnectionImpl.getInstance(ConnectionImpl.java:395)
	at com.mysql.jdbc.NonRegisteringDriver.connect(NonRegisteringDriver.java:325)
	at java.sql.DriverManager.getConnection(DriverManager.java:571)
	at java.sql.DriverManager.getConnection(DriverManager.java:187)
	at org.logicalcobwebs.proxool.DefaultConnectionBuilder.buildConnection(DefaultConnectionBuilder.java:39)
	at org.logicalcobwebs.proxool.Prototyper.buildConnection(Prototyper.java:159)
	at org.logicalcobwebs.proxool.Prototyper.sweep(Prototyper.java:102)
	at org.logicalcobwebs.proxool.PrototyperThread.run(PrototyperThread.java:44)
[17:24:31][Shutdown Hook] - Shutting down 'user' pool immediately [Shutdown Hook]
[17:24:31][Shutdown Hook] - 'user' pool has been closed down by Shutdown Hook in 1 milliseconds.
[17:24:31][Shutdown Hook] - Shutting down 'data' pool immediately [Shutdown Hook]
[17:24:31][Shutdown Hook] - 'data' pool has been closed down by Shutdown Hook in 1 milliseconds.
[17:24:31][Shutdown Hook] - Stopping Prototyper thread
[17:24:31][Shutdown Hook] - Stopping HouseKeeper thread
[17:27:25][game_server_parent.master.ServerStartup.main()] - 本服serverId为10001
[17:27:25][game_server_parent.master.ServerStartup.main()] - 初始化数据库连接池……
[17:27:25][game_server_parent.master.ServerStartup.main()] - Proxool 0.9.1 (23-Aug-2008 11:10)
[17:27:25][HouseKeeper] - Proxool statistics legend: "s - r  (a/t/o)" > s=served, r=refused (only shown if non-zero), a=active, t=total, o=offline (being tested)
[17:27:26][Prototyper] - Prototype
java.sql.SQLException: Access denied for user 'root'@'localhost' (using password: YES)
	at com.mysql.jdbc.SQLError.createSQLException(SQLError.java:996)
	at com.mysql.jdbc.MysqlIO.checkErrorPacket(MysqlIO.java:3887)
	at com.mysql.jdbc.MysqlIO.checkErrorPacket(MysqlIO.java:3823)
	at com.mysql.jdbc.MysqlIO.checkErrorPacket(MysqlIO.java:870)
	at com.mysql.jdbc.MysqlIO.proceedHandshakeWithPluggableAuthentication(MysqlIO.java:1659)
	at com.mysql.jdbc.MysqlIO.doHandshake(MysqlIO.java:1206)
	at com.mysql.jdbc.ConnectionImpl.coreConnect(ConnectionImpl.java:2234)
	at com.mysql.jdbc.ConnectionImpl.connectOneTryOnly(ConnectionImpl.java:2265)
	at com.mysql.jdbc.ConnectionImpl.createNewIO(ConnectionImpl.java:2064)
	at com.mysql.jdbc.ConnectionImpl.<init>(ConnectionImpl.java:790)
	at com.mysql.jdbc.JDBC4Connection.<init>(JDBC4Connection.java:44)
	at sun.reflect.NativeConstructorAccessorImpl.newInstance0(Native Method)
	at sun.reflect.NativeConstructorAccessorImpl.newInstance(NativeConstructorAccessorImpl.java:57)
	at sun.reflect.DelegatingConstructorAccessorImpl.newInstance(DelegatingConstructorAccessorImpl.java:45)
	at java.lang.reflect.Constructor.newInstance(Constructor.java:526)
	at com.mysql.jdbc.Util.handleNewInstance(Util.java:377)
	at com.mysql.jdbc.ConnectionImpl.getInstance(ConnectionImpl.java:395)
	at com.mysql.jdbc.NonRegisteringDriver.connect(NonRegisteringDriver.java:325)
	at java.sql.DriverManager.getConnection(DriverManager.java:571)
	at java.sql.DriverManager.getConnection(DriverManager.java:187)
	at org.logicalcobwebs.proxool.DefaultConnectionBuilder.buildConnection(DefaultConnectionBuilder.java:39)
	at org.logicalcobwebs.proxool.Prototyper.buildConnection(Prototyper.java:159)
	at org.logicalcobwebs.proxool.Prototyper.sweep(Prototyper.java:102)
	at org.logicalcobwebs.proxool.PrototyperThread.run(PrototyperThread.java:44)
[17:27:26][game_server_parent.master.ServerStartup.main()] - socket启动端口为9528,正在监听客户端的连接
[17:27:30][Prototyper] - Prototype
java.sql.SQLException: Access denied for user 'root'@'localhost' (using password: YES)
	at com.mysql.jdbc.SQLError.createSQLException(SQLError.java:996)
	at com.mysql.jdbc.MysqlIO.checkErrorPacket(MysqlIO.java:3887)
	at com.mysql.jdbc.MysqlIO.checkErrorPacket(MysqlIO.java:3823)
	at com.mysql.jdbc.MysqlIO.checkErrorPacket(MysqlIO.java:870)
	at com.mysql.jdbc.MysqlIO.proceedHandshakeWithPluggableAuthentication(MysqlIO.java:1659)
	at com.mysql.jdbc.MysqlIO.doHandshake(MysqlIO.java:1206)
	at com.mysql.jdbc.ConnectionImpl.coreConnect(ConnectionImpl.java:2234)
	at com.mysql.jdbc.ConnectionImpl.connectOneTryOnly(ConnectionImpl.java:2265)
	at com.mysql.jdbc.ConnectionImpl.createNewIO(ConnectionImpl.java:2064)
	at com.mysql.jdbc.ConnectionImpl.<init>(ConnectionImpl.java:790)
	at com.mysql.jdbc.JDBC4Connection.<init>(JDBC4Connection.java:44)
	at sun.reflect.NativeConstructorAccessorImpl.newInstance0(Native Method)
	at sun.reflect.NativeConstructorAccessorImpl.newInstance(NativeConstructorAccessorImpl.java:57)
	at sun.reflect.DelegatingConstructorAccessorImpl.newInstance(DelegatingConstructorAccessorImpl.java:45)
	at java.lang.reflect.Constructor.newInstance(Constructor.java:526)
	at com.mysql.jdbc.Util.handleNewInstance(Util.java:377)
	at com.mysql.jdbc.ConnectionImpl.getInstance(ConnectionImpl.java:395)
	at com.mysql.jdbc.NonRegisteringDriver.connect(NonRegisteringDriver.java:325)
	at java.sql.DriverManager.getConnection(DriverManager.java:571)
	at java.sql.DriverManager.getConnection(DriverManager.java:187)
	at org.logicalcobwebs.proxool.DefaultConnectionBuilder.buildConnection(DefaultConnectionBuilder.java:39)
	at org.logicalcobwebs.proxool.Prototyper.buildConnection(Prototyper.java:159)
	at org.logicalcobwebs.proxool.Prototyper.sweep(Prototyper.java:102)
	at org.logicalcobwebs.proxool.PrototyperThread.run(PrototyperThread.java:44)
[17:27:30][Prototyper] - Prototype
java.sql.SQLException: Access denied for user 'root'@'localhost' (using password: YES)
	at com.mysql.jdbc.SQLError.createSQLException(SQLError.java:996)
	at com.mysql.jdbc.MysqlIO.checkErrorPacket(MysqlIO.java:3887)
	at com.mysql.jdbc.MysqlIO.checkErrorPacket(MysqlIO.java:3823)
	at com.mysql.jdbc.MysqlIO.checkErrorPacket(MysqlIO.java:870)
	at com.mysql.jdbc.MysqlIO.proceedHandshakeWithPluggableAuthentication(MysqlIO.java:1659)
	at com.mysql.jdbc.MysqlIO.doHandshake(MysqlIO.java:1206)
	at com.mysql.jdbc.ConnectionImpl.coreConnect(ConnectionImpl.java:2234)
	at com.mysql.jdbc.ConnectionImpl.connectOneTryOnly(ConnectionImpl.java:2265)
	at com.mysql.jdbc.ConnectionImpl.createNewIO(ConnectionImpl.java:2064)
	at com.mysql.jdbc.ConnectionImpl.<init>(ConnectionImpl.java:790)
	at com.mysql.jdbc.JDBC4Connection.<init>(JDBC4Connection.java:44)
	at sun.reflect.NativeConstructorAccessorImpl.newInstance0(Native Method)
	at sun.reflect.NativeConstructorAccessorImpl.newInstance(NativeConstructorAccessorImpl.java:57)
	at sun.reflect.DelegatingConstructorAccessorImpl.newInstance(DelegatingConstructorAccessorImpl.java:45)
	at java.lang.reflect.Constructor.newInstance(Constructor.java:526)
	at com.mysql.jdbc.Util.handleNewInstance(Util.java:377)
	at com.mysql.jdbc.ConnectionImpl.getInstance(ConnectionImpl.java:395)
	at com.mysql.jdbc.NonRegisteringDriver.connect(NonRegisteringDriver.java:325)
	at java.sql.DriverManager.getConnection(DriverManager.java:571)
	at java.sql.DriverManager.getConnection(DriverManager.java:187)
	at org.logicalcobwebs.proxool.DefaultConnectionBuilder.buildConnection(DefaultConnectionBuilder.java:39)
	at org.logicalcobwebs.proxool.Prototyper.buildConnection(Prototyper.java:159)
	at org.logicalcobwebs.proxool.Prototyper.sweep(Prototyper.java:102)
	at org.logicalcobwebs.proxool.PrototyperThread.run(PrototyperThread.java:44)
[17:29:19][Shutdown Hook] - Shutting down 'data' pool immediately [Shutdown Hook]
[17:29:19][Shutdown Hook] - 'data' pool has been closed down by Shutdown Hook in 4 milliseconds.
[17:29:19][Shutdown Hook] - Shutting down 'user' pool immediately [Shutdown Hook]
[17:29:19][Shutdown Hook] - 'user' pool has been closed down by Shutdown Hook in 1 milliseconds.
[17:29:19][Shutdown Hook] - Stopping Prototyper thread
[17:29:19][Shutdown Hook] - Stopping HouseKeeper thread
[17:29:33][game_server_parent.master.ServerStartup.main()] - 本服serverId为10001
[17:29:33][game_server_parent.master.ServerStartup.main()] - 初始化数据库连接池……
[17:29:33][game_server_parent.master.ServerStartup.main()] - Proxool 0.9.1 (23-Aug-2008 11:10)
[17:29:33][HouseKeeper] - Proxool statistics legend: "s - r  (a/t/o)" > s=served, r=refused (only shown if non-zero), a=active, t=total, o=offline (being tested)
[17:29:34][game_server_parent.master.ServerStartup.main()] - socket启动端口为9528,正在监听客户端的连接
[17:51:56][Shutdown Hook] - Shutting down 'data' pool immediately [Shutdown Hook]
[17:51:56][Shutdown Hook] - 'data' pool has been closed down by Shutdown Hook in 31 milliseconds.
[17:51:56][Shutdown Hook] - Shutting down 'user' pool immediately [Shutdown Hook]
[17:51:56][Shutdown Hook] - 'user' pool has been closed down by Shutdown Hook in 25 milliseconds.
[17:51:56][Shutdown Hook] - Stopping Prototyper thread
[17:51:56][Shutdown Hook] - Stopping HouseKeeper thread
