[22:11:15][Shutdown Hook] - Shutting down 'data' pool immediately [Shutdown Hook]
[22:11:15][Shutdown Hook] - 'data' pool has been closed down by Shutdown Hook in 21 milliseconds.
[22:11:15][Shutdown Hook] - Shutting down 'user' pool immediately [Shutdown Hook]
[22:11:15][Shutdown Hook] - 'user' pool has been closed down by Shutdown Hook in 20 milliseconds.
[22:11:15][Shutdown Hook] - Stopping Prototyper thread
[22:11:15][Shutdown Hook] - Stopping HouseKeeper thread
[22:12:18][game_server_parent.master.ServerStartup.main()] - 本服serverId为10001
[22:12:18][game_server_parent.master.ServerStartup.main()] - 初始化数据库连接池……
[22:12:19][game_server_parent.master.ServerStartup.main()] - Proxool 0.9.1 (23-Aug-2008 11:10)
[22:12:19][HouseKeeper] - Proxool statistics legend: "s - r  (a/t/o)" > s=served, r=refused (only shown if non-zero), a=active, t=total, o=offline (being tested)
[22:12:20][game_server_parent.master.ServerStartup.main()] - socket启动端口为9528,正在监听客户端的连接
[22:12:36][game_server_parent.master.client.ClientStartup.main()] - 本服serverId为10001
[22:17:26][Shutdown Hook] - Shutting down 'user' pool immediately [Shutdown Hook]
[22:17:26][Shutdown Hook] - 'user' pool has been closed down by Shutdown Hook in 23 milliseconds.
[22:17:26][Shutdown Hook] - Shutting down 'data' pool immediately [Shutdown Hook]
[22:17:27][Shutdown Hook] - 'data' pool has been closed down by Shutdown Hook in 20 milliseconds.
[22:17:27][Shutdown Hook] - Stopping Prototyper thread
[22:17:27][Shutdown Hook] - Stopping HouseKeeper thread
[22:17:38][game_server_parent.master.ServerStartup.main()] - 本服serverId为10001
[22:17:39][game_server_parent.master.ServerStartup.main()] - 初始化数据库连接池……
[22:17:39][game_server_parent.master.ServerStartup.main()] - Proxool 0.9.1 (23-Aug-2008 11:10)
[22:17:39][HouseKeeper] - Proxool statistics legend: "s - r  (a/t/o)" > s=served, r=refused (only shown if non-zero), a=active, t=total, o=offline (being tested)
[22:17:40][game_server_parent.master.ServerStartup.main()] - socket启动端口为9528,正在监听客户端的连接
[22:17:50][game_server_parent.master.client.ClientStartup.main()] - 本服serverId为10001
[22:17:50][game_server_parent.master.client.ClientStartup.main()] - 开始连接socket服务端{0}
[22:17:52][NioProcessor-2] - 请求协议不存在,module=101,cmd=1
[22:17:52][NioProcessor-2] - 请求协议不存在,module=101,cmd=2
[22:17:54][NioProcessor-2] - server exception
java.lang.NullPointerException
	at game_server_parent.master.net.SessionManager.getPlayerIdBy(SessionManager.java:44)
	at game_server_parent.master.net.dispatch.MessageDispatcher.convertToMethodParams(MessageDispatcher.java:155)
	at game_server_parent.master.net.dispatch.MessageDispatcher.dispatch(MessageDispatcher.java:122)
	at game_server_parent.master.net.ServerSocketIoHandler.messageReceived(ServerSocketIoHandler.java:36)
	at org.apache.mina.core.filterchain.DefaultIoFilterChain$TailFilter.messageReceived(DefaultIoFilterChain.java:690)
	at org.apache.mina.core.filterchain.DefaultIoFilterChain.callNextMessageReceived(DefaultIoFilterChain.java:417)
	at org.apache.mina.core.filterchain.DefaultIoFilterChain.access$1200(DefaultIoFilterChain.java:47)
	at org.apache.mina.core.filterchain.DefaultIoFilterChain$EntryImpl$1.messageReceived(DefaultIoFilterChain.java:765)
	at org.apache.mina.filter.codec.ProtocolCodecFilter$ProtocolDecoderOutputImpl.flush(ProtocolCodecFilter.java:407)
	at org.apache.mina.filter.codec.ProtocolCodecFilter.messageReceived(ProtocolCodecFilter.java:236)
	at org.apache.mina.core.filterchain.DefaultIoFilterChain.callNextMessageReceived(DefaultIoFilterChain.java:417)
	at org.apache.mina.core.filterchain.DefaultIoFilterChain.access$1200(DefaultIoFilterChain.java:47)
	at org.apache.mina.core.filterchain.DefaultIoFilterChain$EntryImpl$1.messageReceived(DefaultIoFilterChain.java:765)
	at org.apache.mina.core.filterchain.IoFilterAdapter.messageReceived(IoFilterAdapter.java:109)
	at org.apache.mina.core.filterchain.DefaultIoFilterChain.callNextMessageReceived(DefaultIoFilterChain.java:417)
	at org.apache.mina.core.filterchain.DefaultIoFilterChain.fireMessageReceived(DefaultIoFilterChain.java:410)
	at org.apache.mina.core.polling.AbstractPollingIoProcessor.read(AbstractPollingIoProcessor.java:710)
	at org.apache.mina.core.polling.AbstractPollingIoProcessor.process(AbstractPollingIoProcessor.java:664)
	at org.apache.mina.core.polling.AbstractPollingIoProcessor.process(AbstractPollingIoProcessor.java:653)
	at org.apache.mina.core.polling.AbstractPollingIoProcessor.access$600(AbstractPollingIoProcessor.java:67)
	at org.apache.mina.core.polling.AbstractPollingIoProcessor$Processor.run(AbstractPollingIoProcessor.java:1124)
	at org.apache.mina.util.NamePreservingRunnable.run(NamePreservingRunnable.java:64)
	at java.util.concurrent.ThreadPoolExecutor.runWorker(Unknown Source)
	at java.util.concurrent.ThreadPoolExecutor$Worker.run(Unknown Source)
	at java.lang.Thread.run(Unknown Source)
[22:33:23][Shutdown Hook] - Shutting down 'data' pool immediately [Shutdown Hook]
[22:33:23][Shutdown Hook] - 'data' pool has been closed down by Shutdown Hook in 23 milliseconds.
[22:33:23][Shutdown Hook] - Shutting down 'user' pool immediately [Shutdown Hook]
[22:33:23][Shutdown Hook] - 'user' pool has been closed down by Shutdown Hook in 19 milliseconds.
[22:33:23][Shutdown Hook] - Stopping Prototyper thread
[22:33:23][Shutdown Hook] - Stopping HouseKeeper thread
[22:33:23][NioProcessor-2] - client exception
java.io.IOException: 远程主机强迫关闭了一个现有的连接。
	at sun.nio.ch.SocketDispatcher.read0(Native Method)
	at sun.nio.ch.SocketDispatcher.read(Unknown Source)
	at sun.nio.ch.IOUtil.readIntoNativeBuffer(Unknown Source)
	at sun.nio.ch.IOUtil.read(Unknown Source)
	at sun.nio.ch.SocketChannelImpl.read(Unknown Source)
	at org.apache.mina.transport.socket.nio.NioProcessor.read(NioProcessor.java:273)
	at org.apache.mina.transport.socket.nio.NioProcessor.read(NioProcessor.java:44)
	at org.apache.mina.core.polling.AbstractPollingIoProcessor.read(AbstractPollingIoProcessor.java:690)
	at org.apache.mina.core.polling.AbstractPollingIoProcessor.process(AbstractPollingIoProcessor.java:664)
	at org.apache.mina.core.polling.AbstractPollingIoProcessor.process(AbstractPollingIoProcessor.java:653)
	at org.apache.mina.core.polling.AbstractPollingIoProcessor.access$600(AbstractPollingIoProcessor.java:67)
	at org.apache.mina.core.polling.AbstractPollingIoProcessor$Processor.run(AbstractPollingIoProcessor.java:1124)
	at org.apache.mina.util.NamePreservingRunnable.run(NamePreservingRunnable.java:64)
	at java.util.concurrent.ThreadPoolExecutor.runWorker(Unknown Source)
	at java.util.concurrent.ThreadPoolExecutor$Worker.run(Unknown Source)
	at java.lang.Thread.run(Unknown Source)
[22:33:35][game_server_parent.master.ServerStartup.main()] - 本服serverId为10001
[22:33:35][game_server_parent.master.ServerStartup.main()] - 初始化数据库连接池……
[22:33:35][game_server_parent.master.ServerStartup.main()] - Proxool 0.9.1 (23-Aug-2008 11:10)
[22:33:35][HouseKeeper] - Proxool statistics legend: "s - r  (a/t/o)" > s=served, r=refused (only shown if non-zero), a=active, t=total, o=offline (being tested)
[22:33:36][game_server_parent.master.ServerStartup.main()] - socket启动端口为9528,正在监听客户端的连接
[22:34:13][Shutdown Hook] - Shutting down 'user' pool immediately [Shutdown Hook]
[22:34:13][Shutdown Hook] - 'user' pool has been closed down by Shutdown Hook in 26 milliseconds.
[22:34:13][Shutdown Hook] - Shutting down 'data' pool immediately [Shutdown Hook]
[22:34:14][Shutdown Hook] - 'data' pool has been closed down by Shutdown Hook in 22 milliseconds.
[22:34:14][Shutdown Hook] - Stopping Prototyper thread
[22:34:14][Shutdown Hook] - Stopping HouseKeeper thread
[22:34:25][game_server_parent.master.ServerStartup.main()] - 本服serverId为10001
[22:34:25][game_server_parent.master.ServerStartup.main()] - 初始化数据库连接池……
[22:34:26][game_server_parent.master.ServerStartup.main()] - Proxool 0.9.1 (23-Aug-2008 11:10)
[22:34:26][HouseKeeper] - Proxool statistics legend: "s - r  (a/t/o)" > s=served, r=refused (only shown if non-zero), a=active, t=total, o=offline (being tested)
[22:34:27][game_server_parent.master.ServerStartup.main()] - socket启动端口为9528,正在监听客户端的连接
[22:34:56][game_server_parent.master.client.ClientStartup.main()] - 本服serverId为10001
[22:34:57][game_server_parent.master.client.ClientStartup.main()] - 开始连接socket服务端{0}
[22:34:57][NioProcessor-2] - /192.168.1.140:39185
[22:34:59][NioProcessor-2] - 收到消息-->ReqLoginMessage [accountId=123, password=kingston]
[22:34:59][NioProcessor-2] - 请求协议不存在,module=101,cmd=1
[22:34:59][NioProcessor-2] - 收到消息-->ReqSelectPlayerMessage [playerId=10000]
[22:34:59][NioProcessor-2] - 请求协议不存在,module=101,cmd=2
[22:35:01][NioProcessor-2] - 收到消息-->ReqGmExecMessage [command=playerLv 2]
[22:35:01][NioProcessor-2] - server exception
java.lang.NullPointerException
	at game_server_parent.master.net.SessionManager.getPlayerIdBy(SessionManager.java:44)
	at game_server_parent.master.net.dispatch.MessageDispatcher.convertToMethodParams(MessageDispatcher.java:155)
	at game_server_parent.master.net.dispatch.MessageDispatcher.dispatch(MessageDispatcher.java:122)
	at game_server_parent.master.net.ServerSocketIoHandler.messageReceived(ServerSocketIoHandler.java:41)
	at org.apache.mina.core.filterchain.DefaultIoFilterChain$TailFilter.messageReceived(DefaultIoFilterChain.java:690)
	at org.apache.mina.core.filterchain.DefaultIoFilterChain.callNextMessageReceived(DefaultIoFilterChain.java:417)
	at org.apache.mina.core.filterchain.DefaultIoFilterChain.access$1200(DefaultIoFilterChain.java:47)
	at org.apache.mina.core.filterchain.DefaultIoFilterChain$EntryImpl$1.messageReceived(DefaultIoFilterChain.java:765)
	at org.apache.mina.filter.codec.ProtocolCodecFilter$ProtocolDecoderOutputImpl.flush(ProtocolCodecFilter.java:407)
	at org.apache.mina.filter.codec.ProtocolCodecFilter.messageReceived(ProtocolCodecFilter.java:236)
	at org.apache.mina.core.filterchain.DefaultIoFilterChain.callNextMessageReceived(DefaultIoFilterChain.java:417)
	at org.apache.mina.core.filterchain.DefaultIoFilterChain.access$1200(DefaultIoFilterChain.java:47)
	at org.apache.mina.core.filterchain.DefaultIoFilterChain$EntryImpl$1.messageReceived(DefaultIoFilterChain.java:765)
	at org.apache.mina.core.filterchain.IoFilterAdapter.messageReceived(IoFilterAdapter.java:109)
	at org.apache.mina.core.filterchain.DefaultIoFilterChain.callNextMessageReceived(DefaultIoFilterChain.java:417)
	at org.apache.mina.core.filterchain.DefaultIoFilterChain.fireMessageReceived(DefaultIoFilterChain.java:410)
	at org.apache.mina.core.polling.AbstractPollingIoProcessor.read(AbstractPollingIoProcessor.java:710)
	at org.apache.mina.core.polling.AbstractPollingIoProcessor.process(AbstractPollingIoProcessor.java:664)
	at org.apache.mina.core.polling.AbstractPollingIoProcessor.process(AbstractPollingIoProcessor.java:653)
	at org.apache.mina.core.polling.AbstractPollingIoProcessor.access$600(AbstractPollingIoProcessor.java:67)
	at org.apache.mina.core.polling.AbstractPollingIoProcessor$Processor.run(AbstractPollingIoProcessor.java:1124)
	at org.apache.mina.util.NamePreservingRunnable.run(NamePreservingRunnable.java:64)
	at java.util.concurrent.ThreadPoolExecutor.runWorker(Unknown Source)
	at java.util.concurrent.ThreadPoolExecutor$Worker.run(Unknown Source)
	at java.lang.Thread.run(Unknown Source)
[22:38:04][Shutdown Hook] - Shutting down 'data' pool immediately [Shutdown Hook]
[22:38:04][Shutdown Hook] - 'data' pool has been closed down by Shutdown Hook in 33 milliseconds.
[22:38:04][Shutdown Hook] - Shutting down 'user' pool immediately [Shutdown Hook]
[22:38:04][Shutdown Hook] - 'user' pool has been closed down by Shutdown Hook in 24 milliseconds.
[22:38:04][Shutdown Hook] - Stopping Prototyper thread
[22:38:04][Shutdown Hook] - Stopping HouseKeeper thread
[22:38:05][NioProcessor-2] - client exception
java.io.IOException: 远程主机强迫关闭了一个现有的连接。
	at sun.nio.ch.SocketDispatcher.read0(Native Method)
	at sun.nio.ch.SocketDispatcher.read(Unknown Source)
	at sun.nio.ch.IOUtil.readIntoNativeBuffer(Unknown Source)
	at sun.nio.ch.IOUtil.read(Unknown Source)
	at sun.nio.ch.SocketChannelImpl.read(Unknown Source)
	at org.apache.mina.transport.socket.nio.NioProcessor.read(NioProcessor.java:273)
	at org.apache.mina.transport.socket.nio.NioProcessor.read(NioProcessor.java:44)
	at org.apache.mina.core.polling.AbstractPollingIoProcessor.read(AbstractPollingIoProcessor.java:690)
	at org.apache.mina.core.polling.AbstractPollingIoProcessor.process(AbstractPollingIoProcessor.java:664)
	at org.apache.mina.core.polling.AbstractPollingIoProcessor.process(AbstractPollingIoProcessor.java:653)
	at org.apache.mina.core.polling.AbstractPollingIoProcessor.access$600(AbstractPollingIoProcessor.java:67)
	at org.apache.mina.core.polling.AbstractPollingIoProcessor$Processor.run(AbstractPollingIoProcessor.java:1124)
	at org.apache.mina.util.NamePreservingRunnable.run(NamePreservingRunnable.java:64)
	at java.util.concurrent.ThreadPoolExecutor.runWorker(Unknown Source)
	at java.util.concurrent.ThreadPoolExecutor$Worker.run(Unknown Source)
	at java.lang.Thread.run(Unknown Source)
[22:38:12][game_server_parent.master.ServerStartup.main()] - 本服serverId为10001
[22:38:12][game_server_parent.master.ServerStartup.main()] - 初始化数据库连接池……
[22:38:12][game_server_parent.master.ServerStartup.main()] - Proxool 0.9.1 (23-Aug-2008 11:10)
[22:38:13][HouseKeeper] - Proxool statistics legend: "s - r  (a/t/o)" > s=served, r=refused (only shown if non-zero), a=active, t=total, o=offline (being tested)
[22:38:14][game_server_parent.master.ServerStartup.main()] - socket启动端口为9528,正在监听客户端的连接
[22:38:42][game_server_parent.master.client.ClientStartup.main()] - 本服serverId为10001
[22:38:43][game_server_parent.master.client.ClientStartup.main()] - 开始连接socket服务端{0}
[22:38:43][NioProcessor-2] - /192.168.1.140:39559
[22:38:45][NioProcessor-2] - 收到消息-->ReqLoginMessage [accountId=123, password=kingston]
[22:38:45][NioProcessor-2] - 请求协议不存在,module=101,cmd=1
[22:38:45][NioProcessor-2] - 收到消息-->ReqSelectPlayerMessage [playerId=10000]
[22:38:45][NioProcessor-2] - 请求协议不存在,module=101,cmd=2
[22:38:48][NioProcessor-2] - 收到消息-->ReqGmExecMessage [command=playerLv 2]
[22:38:48][NioProcessor-2] - server exception
java.lang.NullPointerException
	at game_server_parent.master.net.SessionManager.getPlayerIdBy(SessionManager.java:44)
	at game_server_parent.master.net.dispatch.MessageDispatcher.convertToMethodParams(MessageDispatcher.java:156)
	at game_server_parent.master.net.dispatch.MessageDispatcher.dispatch(MessageDispatcher.java:123)
	at game_server_parent.master.net.ServerSocketIoHandler.messageReceived(ServerSocketIoHandler.java:41)
	at org.apache.mina.core.filterchain.DefaultIoFilterChain$TailFilter.messageReceived(DefaultIoFilterChain.java:690)
	at org.apache.mina.core.filterchain.DefaultIoFilterChain.callNextMessageReceived(DefaultIoFilterChain.java:417)
	at org.apache.mina.core.filterchain.DefaultIoFilterChain.access$1200(DefaultIoFilterChain.java:47)
	at org.apache.mina.core.filterchain.DefaultIoFilterChain$EntryImpl$1.messageReceived(DefaultIoFilterChain.java:765)
	at org.apache.mina.filter.codec.ProtocolCodecFilter$ProtocolDecoderOutputImpl.flush(ProtocolCodecFilter.java:407)
	at org.apache.mina.filter.codec.ProtocolCodecFilter.messageReceived(ProtocolCodecFilter.java:236)
	at org.apache.mina.core.filterchain.DefaultIoFilterChain.callNextMessageReceived(DefaultIoFilterChain.java:417)
	at org.apache.mina.core.filterchain.DefaultIoFilterChain.access$1200(DefaultIoFilterChain.java:47)
	at org.apache.mina.core.filterchain.DefaultIoFilterChain$EntryImpl$1.messageReceived(DefaultIoFilterChain.java:765)
	at org.apache.mina.core.filterchain.IoFilterAdapter.messageReceived(IoFilterAdapter.java:109)
	at org.apache.mina.core.filterchain.DefaultIoFilterChain.callNextMessageReceived(DefaultIoFilterChain.java:417)
	at org.apache.mina.core.filterchain.DefaultIoFilterChain.fireMessageReceived(DefaultIoFilterChain.java:410)
	at org.apache.mina.core.polling.AbstractPollingIoProcessor.read(AbstractPollingIoProcessor.java:710)
	at org.apache.mina.core.polling.AbstractPollingIoProcessor.process(AbstractPollingIoProcessor.java:664)
	at org.apache.mina.core.polling.AbstractPollingIoProcessor.process(AbstractPollingIoProcessor.java:653)
	at org.apache.mina.core.polling.AbstractPollingIoProcessor.access$600(AbstractPollingIoProcessor.java:67)
	at org.apache.mina.core.polling.AbstractPollingIoProcessor$Processor.run(AbstractPollingIoProcessor.java:1124)
	at org.apache.mina.util.NamePreservingRunnable.run(NamePreservingRunnable.java:64)
	at java.util.concurrent.ThreadPoolExecutor.runWorker(Unknown Source)
	at java.util.concurrent.ThreadPoolExecutor$Worker.run(Unknown Source)
	at java.lang.Thread.run(Unknown Source)
[22:39:11][NioProcessor-2] - server exception
java.io.IOException: 远程主机强迫关闭了一个现有的连接。
	at sun.nio.ch.SocketDispatcher.read0(Native Method)
	at sun.nio.ch.SocketDispatcher.read(Unknown Source)
	at sun.nio.ch.IOUtil.readIntoNativeBuffer(Unknown Source)
	at sun.nio.ch.IOUtil.read(Unknown Source)
	at sun.nio.ch.SocketChannelImpl.read(Unknown Source)
	at org.apache.mina.transport.socket.nio.NioProcessor.read(NioProcessor.java:273)
	at org.apache.mina.transport.socket.nio.NioProcessor.read(NioProcessor.java:44)
	at org.apache.mina.core.polling.AbstractPollingIoProcessor.read(AbstractPollingIoProcessor.java:690)
	at org.apache.mina.core.polling.AbstractPollingIoProcessor.process(AbstractPollingIoProcessor.java:664)
	at org.apache.mina.core.polling.AbstractPollingIoProcessor.process(AbstractPollingIoProcessor.java:653)
	at org.apache.mina.core.polling.AbstractPollingIoProcessor.access$600(AbstractPollingIoProcessor.java:67)
	at org.apache.mina.core.polling.AbstractPollingIoProcessor$Processor.run(AbstractPollingIoProcessor.java:1124)
	at org.apache.mina.util.NamePreservingRunnable.run(NamePreservingRunnable.java:64)
	at java.util.concurrent.ThreadPoolExecutor.runWorker(Unknown Source)
	at java.util.concurrent.ThreadPoolExecutor$Worker.run(Unknown Source)
	at java.lang.Thread.run(Unknown Source)
[22:39:19][Shutdown Hook] - Shutting down 'user' pool immediately [Shutdown Hook]
[22:39:19][Shutdown Hook] - 'user' pool has been closed down by Shutdown Hook in 21 milliseconds.
[22:39:19][Shutdown Hook] - Shutting down 'data' pool immediately [Shutdown Hook]
[22:39:19][Shutdown Hook] - 'data' pool has been closed down by Shutdown Hook in 21 milliseconds.
[22:39:19][Shutdown Hook] - Stopping Prototyper thread
[22:39:19][Shutdown Hook] - Stopping HouseKeeper thread
[22:47:37][game_server_parent.master.ServerStartup.main()] - 本服serverId为10001
[22:47:37][game_server_parent.master.ServerStartup.main()] - 初始化数据库连接池……
[22:47:37][game_server_parent.master.ServerStartup.main()] - Proxool 0.9.1 (23-Aug-2008 11:10)
[22:47:37][HouseKeeper] - Proxool statistics legend: "s - r  (a/t/o)" > s=served, r=refused (only shown if non-zero), a=active, t=total, o=offline (being tested)
[22:47:39][game_server_parent.master.ServerStartup.main()] - socket启动端口为9528,正在监听客户端的连接
[22:47:45][game_server_parent.master.client.ClientStartup.main()] - 本服serverId为10001
[22:47:46][game_server_parent.master.client.ClientStartup.main()] - 开始连接socket服务端{0}
[22:47:46][NioProcessor-2] - /192.168.1.140:40508
[22:47:47][NioProcessor-2] - 收到消息-->ReqLoginMessage [accountId=123, password=kingston]
[22:47:47][NioProcessor-2] - 收到消息-->ReqSelectPlayerMessage [playerId=10000]
[22:47:50][NioProcessor-2] - 收到消息-->ReqGmExecMessage [command=playerLv 2]
[22:55:07][NioProcessor-2] - server exception
java.io.IOException: 远程主机强迫关闭了一个现有的连接。
	at sun.nio.ch.SocketDispatcher.read0(Native Method)
	at sun.nio.ch.SocketDispatcher.read(Unknown Source)
	at sun.nio.ch.IOUtil.readIntoNativeBuffer(Unknown Source)
	at sun.nio.ch.IOUtil.read(Unknown Source)
	at sun.nio.ch.SocketChannelImpl.read(Unknown Source)
	at org.apache.mina.transport.socket.nio.NioProcessor.read(NioProcessor.java:273)
	at org.apache.mina.transport.socket.nio.NioProcessor.read(NioProcessor.java:44)
	at org.apache.mina.core.polling.AbstractPollingIoProcessor.read(AbstractPollingIoProcessor.java:690)
	at org.apache.mina.core.polling.AbstractPollingIoProcessor.process(AbstractPollingIoProcessor.java:664)
	at org.apache.mina.core.polling.AbstractPollingIoProcessor.process(AbstractPollingIoProcessor.java:653)
	at org.apache.mina.core.polling.AbstractPollingIoProcessor.access$600(AbstractPollingIoProcessor.java:67)
	at org.apache.mina.core.polling.AbstractPollingIoProcessor$Processor.run(AbstractPollingIoProcessor.java:1124)
	at org.apache.mina.util.NamePreservingRunnable.run(NamePreservingRunnable.java:64)
	at java.util.concurrent.ThreadPoolExecutor.runWorker(Unknown Source)
	at java.util.concurrent.ThreadPoolExecutor$Worker.run(Unknown Source)
	at java.lang.Thread.run(Unknown Source)
[22:55:22][game_server_parent.master.client.ClientStartup.main()] - 本服serverId为10001
[22:55:23][game_server_parent.master.client.ClientStartup.main()] - 开始连接socket服务端{0}
[22:55:23][NioProcessor-3] - /192.168.1.140:41153
[22:55:24][NioProcessor-3] - 收到消息-->ReqLoginMessage [accountId=123, password=kingston]
[22:55:24][NioProcessor-3] - 收到消息-->ReqSelectPlayerMessage [playerId=10000]
[22:55:24][NioProcessor-2] - client exception
java.lang.NullPointerException
	at game_server_parent.master.net.dispatch.MessageDispatcher.dispatch(MessageDispatcher.java:126)
	at game_server_parent.master.robot.SocketRobot$ClientHandler.messageReceived(SocketRobot.java:87)
	at org.apache.mina.core.filterchain.DefaultIoFilterChain$TailFilter.messageReceived(DefaultIoFilterChain.java:690)
	at org.apache.mina.core.filterchain.DefaultIoFilterChain.callNextMessageReceived(DefaultIoFilterChain.java:417)
	at org.apache.mina.core.filterchain.DefaultIoFilterChain.access$1200(DefaultIoFilterChain.java:47)
	at org.apache.mina.core.filterchain.DefaultIoFilterChain$EntryImpl$1.messageReceived(DefaultIoFilterChain.java:765)
	at org.apache.mina.filter.codec.ProtocolCodecFilter$ProtocolDecoderOutputImpl.flush(ProtocolCodecFilter.java:407)
	at org.apache.mina.filter.codec.ProtocolCodecFilter.messageReceived(ProtocolCodecFilter.java:236)
	at org.apache.mina.core.filterchain.DefaultIoFilterChain.callNextMessageReceived(DefaultIoFilterChain.java:417)
	at org.apache.mina.core.filterchain.DefaultIoFilterChain.access$1200(DefaultIoFilterChain.java:47)
	at org.apache.mina.core.filterchain.DefaultIoFilterChain$EntryImpl$1.messageReceived(DefaultIoFilterChain.java:765)
	at org.apache.mina.core.filterchain.IoFilterAdapter.messageReceived(IoFilterAdapter.java:109)
	at org.apache.mina.core.filterchain.DefaultIoFilterChain.callNextMessageReceived(DefaultIoFilterChain.java:417)
	at org.apache.mina.core.filterchain.DefaultIoFilterChain.fireMessageReceived(DefaultIoFilterChain.java:410)
	at org.apache.mina.core.polling.AbstractPollingIoProcessor.read(AbstractPollingIoProcessor.java:710)
	at org.apache.mina.core.polling.AbstractPollingIoProcessor.process(AbstractPollingIoProcessor.java:664)
	at org.apache.mina.core.polling.AbstractPollingIoProcessor.process(AbstractPollingIoProcessor.java:653)
	at org.apache.mina.core.polling.AbstractPollingIoProcessor.access$600(AbstractPollingIoProcessor.java:67)
	at org.apache.mina.core.polling.AbstractPollingIoProcessor$Processor.run(AbstractPollingIoProcessor.java:1124)
	at org.apache.mina.util.NamePreservingRunnable.run(NamePreservingRunnable.java:64)
	at java.util.concurrent.ThreadPoolExecutor.runWorker(Unknown Source)
	at java.util.concurrent.ThreadPoolExecutor$Worker.run(Unknown Source)
	at java.lang.Thread.run(Unknown Source)
[22:55:24][NioProcessor-2] - 请求协议不存在,module=103,cmd=501
[22:55:27][NioProcessor-3] - 收到消息-->ReqGmExecMessage [command=playerLv 2]
[22:59:40][Shutdown Hook] - Shutting down 'data' pool immediately [Shutdown Hook]
[22:59:40][Shutdown Hook] - 'data' pool has been closed down by Shutdown Hook in 25 milliseconds.
[22:59:40][Shutdown Hook] - Shutting down 'user' pool immediately [Shutdown Hook]
[22:59:40][Shutdown Hook] - 'user' pool has been closed down by Shutdown Hook in 18 milliseconds.
[22:59:40][Shutdown Hook] - Stopping Prototyper thread
[22:59:40][Shutdown Hook] - Stopping HouseKeeper thread
[22:59:40][NioProcessor-2] - client exception
java.io.IOException: 远程主机强迫关闭了一个现有的连接。
	at sun.nio.ch.SocketDispatcher.read0(Native Method)
	at sun.nio.ch.SocketDispatcher.read(Unknown Source)
	at sun.nio.ch.IOUtil.readIntoNativeBuffer(Unknown Source)
	at sun.nio.ch.IOUtil.read(Unknown Source)
	at sun.nio.ch.SocketChannelImpl.read(Unknown Source)
	at org.apache.mina.transport.socket.nio.NioProcessor.read(NioProcessor.java:273)
	at org.apache.mina.transport.socket.nio.NioProcessor.read(NioProcessor.java:44)
	at org.apache.mina.core.polling.AbstractPollingIoProcessor.read(AbstractPollingIoProcessor.java:690)
	at org.apache.mina.core.polling.AbstractPollingIoProcessor.process(AbstractPollingIoProcessor.java:664)
	at org.apache.mina.core.polling.AbstractPollingIoProcessor.process(AbstractPollingIoProcessor.java:653)
	at org.apache.mina.core.polling.AbstractPollingIoProcessor.access$600(AbstractPollingIoProcessor.java:67)
	at org.apache.mina.core.polling.AbstractPollingIoProcessor$Processor.run(AbstractPollingIoProcessor.java:1124)
	at org.apache.mina.util.NamePreservingRunnable.run(NamePreservingRunnable.java:64)
	at java.util.concurrent.ThreadPoolExecutor.runWorker(Unknown Source)
	at java.util.concurrent.ThreadPoolExecutor$Worker.run(Unknown Source)
	at java.lang.Thread.run(Unknown Source)
[22:59:47][game_server_parent.master.ServerStartup.main()] - 本服serverId为10001
[22:59:47][game_server_parent.master.ServerStartup.main()] - 初始化数据库连接池……
[22:59:48][game_server_parent.master.ServerStartup.main()] - Proxool 0.9.1 (23-Aug-2008 11:10)
[22:59:48][HouseKeeper] - Proxool statistics legend: "s - r  (a/t/o)" > s=served, r=refused (only shown if non-zero), a=active, t=total, o=offline (being tested)
[22:59:50][game_server_parent.master.ServerStartup.main()] - socket启动端口为9528,正在监听客户端的连接
[23:00:00][game_server_parent.master.client.ClientStartup.main()] - 本服serverId为10001
[23:00:01][game_server_parent.master.client.ClientStartup.main()] - 开始连接socket服务端{0}
[23:00:01][NioProcessor-2] - /192.168.1.140:41531
[23:00:02][NioProcessor-2] - 收到消息-->ReqLoginMessage [accountId=123, password=kingston]
[23:00:03][NioProcessor-2] - 收到消息-->ReqSelectPlayerMessage [playerId=10000]
[23:00:03][NioProcessor-2] - client exception
java.lang.NullPointerException
	at game_server_parent.master.net.dispatch.MessageDispatcher.dispatch(MessageDispatcher.java:126)
	at game_server_parent.master.robot.SocketRobot$ClientHandler.messageReceived(SocketRobot.java:87)
	at org.apache.mina.core.filterchain.DefaultIoFilterChain$TailFilter.messageReceived(DefaultIoFilterChain.java:690)
	at org.apache.mina.core.filterchain.DefaultIoFilterChain.callNextMessageReceived(DefaultIoFilterChain.java:417)
	at org.apache.mina.core.filterchain.DefaultIoFilterChain.access$1200(DefaultIoFilterChain.java:47)
	at org.apache.mina.core.filterchain.DefaultIoFilterChain$EntryImpl$1.messageReceived(DefaultIoFilterChain.java:765)
	at org.apache.mina.filter.codec.ProtocolCodecFilter$ProtocolDecoderOutputImpl.flush(ProtocolCodecFilter.java:407)
	at org.apache.mina.filter.codec.ProtocolCodecFilter.messageReceived(ProtocolCodecFilter.java:236)
	at org.apache.mina.core.filterchain.DefaultIoFilterChain.callNextMessageReceived(DefaultIoFilterChain.java:417)
	at org.apache.mina.core.filterchain.DefaultIoFilterChain.access$1200(DefaultIoFilterChain.java:47)
	at org.apache.mina.core.filterchain.DefaultIoFilterChain$EntryImpl$1.messageReceived(DefaultIoFilterChain.java:765)
	at org.apache.mina.core.filterchain.IoFilterAdapter.messageReceived(IoFilterAdapter.java:109)
	at org.apache.mina.core.filterchain.DefaultIoFilterChain.callNextMessageReceived(DefaultIoFilterChain.java:417)
	at org.apache.mina.core.filterchain.DefaultIoFilterChain.fireMessageReceived(DefaultIoFilterChain.java:410)
	at org.apache.mina.core.polling.AbstractPollingIoProcessor.read(AbstractPollingIoProcessor.java:710)
	at org.apache.mina.core.polling.AbstractPollingIoProcessor.process(AbstractPollingIoProcessor.java:664)
	at org.apache.mina.core.polling.AbstractPollingIoProcessor.process(AbstractPollingIoProcessor.java:653)
	at org.apache.mina.core.polling.AbstractPollingIoProcessor.access$600(AbstractPollingIoProcessor.java:67)
	at org.apache.mina.core.polling.AbstractPollingIoProcessor$Processor.run(AbstractPollingIoProcessor.java:1124)
	at org.apache.mina.util.NamePreservingRunnable.run(NamePreservingRunnable.java:64)
	at java.util.concurrent.ThreadPoolExecutor.runWorker(Unknown Source)
	at java.util.concurrent.ThreadPoolExecutor$Worker.run(Unknown Source)
	at java.lang.Thread.run(Unknown Source)
[23:00:03][NioProcessor-2] - 请求协议不存在,module=103,cmd=501
[23:00:05][NioProcessor-2] - 收到消息-->ReqGmExecMessage [command=playerLv 2]
[23:03:49][NioProcessor-2] - server exception
java.io.IOException: 远程主机强迫关闭了一个现有的连接。
	at sun.nio.ch.SocketDispatcher.read0(Native Method)
	at sun.nio.ch.SocketDispatcher.read(Unknown Source)
	at sun.nio.ch.IOUtil.readIntoNativeBuffer(Unknown Source)
	at sun.nio.ch.IOUtil.read(Unknown Source)
	at sun.nio.ch.SocketChannelImpl.read(Unknown Source)
	at org.apache.mina.transport.socket.nio.NioProcessor.read(NioProcessor.java:273)
	at org.apache.mina.transport.socket.nio.NioProcessor.read(NioProcessor.java:44)
	at org.apache.mina.core.polling.AbstractPollingIoProcessor.read(AbstractPollingIoProcessor.java:690)
	at org.apache.mina.core.polling.AbstractPollingIoProcessor.process(AbstractPollingIoProcessor.java:664)
	at org.apache.mina.core.polling.AbstractPollingIoProcessor.process(AbstractPollingIoProcessor.java:653)
	at org.apache.mina.core.polling.AbstractPollingIoProcessor.access$600(AbstractPollingIoProcessor.java:67)
	at org.apache.mina.core.polling.AbstractPollingIoProcessor$Processor.run(AbstractPollingIoProcessor.java:1124)
	at org.apache.mina.util.NamePreservingRunnable.run(NamePreservingRunnable.java:64)
	at java.util.concurrent.ThreadPoolExecutor.runWorker(Unknown Source)
	at java.util.concurrent.ThreadPoolExecutor$Worker.run(Unknown Source)
	at java.lang.Thread.run(Unknown Source)
[23:04:12][game_server_parent.master.client.ClientStartup.main()] - 本服serverId为10001
[23:04:13][game_server_parent.master.client.ClientStartup.main()] - 开始连接socket服务端{0}
[23:04:13][NioProcessor-3] - /192.168.1.140:41845
[23:04:13][NioProcessor-3] - 收到消息-->ReqLoginMessage [accountId=123, password=kingston]
[23:04:14][NioProcessor-3] - 收到消息-->ReqSelectPlayerMessage [playerId=10000]
[23:04:14][NioProcessor-2] - client exception
java.lang.NullPointerException
	at game_server_parent.master.net.dispatch.MessageDispatcher.dispatch(MessageDispatcher.java:126)
	at game_server_parent.master.robot.SocketRobot$ClientHandler.messageReceived(SocketRobot.java:87)
	at org.apache.mina.core.filterchain.DefaultIoFilterChain$TailFilter.messageReceived(DefaultIoFilterChain.java:690)
	at org.apache.mina.core.filterchain.DefaultIoFilterChain.callNextMessageReceived(DefaultIoFilterChain.java:417)
	at org.apache.mina.core.filterchain.DefaultIoFilterChain.access$1200(DefaultIoFilterChain.java:47)
	at org.apache.mina.core.filterchain.DefaultIoFilterChain$EntryImpl$1.messageReceived(DefaultIoFilterChain.java:765)
	at org.apache.mina.filter.codec.ProtocolCodecFilter$ProtocolDecoderOutputImpl.flush(ProtocolCodecFilter.java:407)
	at org.apache.mina.filter.codec.ProtocolCodecFilter.messageReceived(ProtocolCodecFilter.java:236)
	at org.apache.mina.core.filterchain.DefaultIoFilterChain.callNextMessageReceived(DefaultIoFilterChain.java:417)
	at org.apache.mina.core.filterchain.DefaultIoFilterChain.access$1200(DefaultIoFilterChain.java:47)
	at org.apache.mina.core.filterchain.DefaultIoFilterChain$EntryImpl$1.messageReceived(DefaultIoFilterChain.java:765)
	at org.apache.mina.core.filterchain.IoFilterAdapter.messageReceived(IoFilterAdapter.java:109)
	at org.apache.mina.core.filterchain.DefaultIoFilterChain.callNextMessageReceived(DefaultIoFilterChain.java:417)
	at org.apache.mina.core.filterchain.DefaultIoFilterChain.fireMessageReceived(DefaultIoFilterChain.java:410)
	at org.apache.mina.core.polling.AbstractPollingIoProcessor.read(AbstractPollingIoProcessor.java:710)
	at org.apache.mina.core.polling.AbstractPollingIoProcessor.process(AbstractPollingIoProcessor.java:664)
	at org.apache.mina.core.polling.AbstractPollingIoProcessor.process(AbstractPollingIoProcessor.java:653)
	at org.apache.mina.core.polling.AbstractPollingIoProcessor.access$600(AbstractPollingIoProcessor.java:67)
	at org.apache.mina.core.polling.AbstractPollingIoProcessor$Processor.run(AbstractPollingIoProcessor.java:1124)
	at org.apache.mina.util.NamePreservingRunnable.run(NamePreservingRunnable.java:64)
	at java.util.concurrent.ThreadPoolExecutor.runWorker(Unknown Source)
	at java.util.concurrent.ThreadPoolExecutor$Worker.run(Unknown Source)
	at java.lang.Thread.run(Unknown Source)
[23:04:14][NioProcessor-2] - 请求协议不存在,module=103,cmd=501
[23:04:17][NioProcessor-3] - 收到消息-->ReqGmExecMessage [command=playerLv 2]
[23:06:53][NioProcessor-3] - server exception
java.io.IOException: 远程主机强迫关闭了一个现有的连接。
	at sun.nio.ch.SocketDispatcher.read0(Native Method)
	at sun.nio.ch.SocketDispatcher.read(Unknown Source)
	at sun.nio.ch.IOUtil.readIntoNativeBuffer(Unknown Source)
	at sun.nio.ch.IOUtil.read(Unknown Source)
	at sun.nio.ch.SocketChannelImpl.read(Unknown Source)
	at org.apache.mina.transport.socket.nio.NioProcessor.read(NioProcessor.java:273)
	at org.apache.mina.transport.socket.nio.NioProcessor.read(NioProcessor.java:44)
	at org.apache.mina.core.polling.AbstractPollingIoProcessor.read(AbstractPollingIoProcessor.java:690)
	at org.apache.mina.core.polling.AbstractPollingIoProcessor.process(AbstractPollingIoProcessor.java:664)
	at org.apache.mina.core.polling.AbstractPollingIoProcessor.process(AbstractPollingIoProcessor.java:653)
	at org.apache.mina.core.polling.AbstractPollingIoProcessor.access$600(AbstractPollingIoProcessor.java:67)
	at org.apache.mina.core.polling.AbstractPollingIoProcessor$Processor.run(AbstractPollingIoProcessor.java:1124)
	at org.apache.mina.util.NamePreservingRunnable.run(NamePreservingRunnable.java:64)
	at java.util.concurrent.ThreadPoolExecutor.runWorker(Unknown Source)
	at java.util.concurrent.ThreadPoolExecutor$Worker.run(Unknown Source)
	at java.lang.Thread.run(Unknown Source)
[23:07:05][game_server_parent.master.client.ClientStartup.main()] - 本服serverId为10001
[23:07:06][game_server_parent.master.client.ClientStartup.main()] - 开始连接socket服务端{0}
[23:07:06][NioProcessor-4] - /192.168.1.140:42083
[23:07:07][NioProcessor-4] - 收到消息-->ReqLoginMessage [accountId=123, password=kingston]
[23:07:07][NioProcessor-2] - client exception
java.lang.NullPointerException
	at game_server_parent.master.net.dispatch.MessageDispatcher.dispatch(MessageDispatcher.java:126)
	at game_server_parent.master.robot.SocketRobot$ClientHandler.messageReceived(SocketRobot.java:87)
	at org.apache.mina.core.filterchain.DefaultIoFilterChain$TailFilter.messageReceived(DefaultIoFilterChain.java:690)
	at org.apache.mina.core.filterchain.DefaultIoFilterChain.callNextMessageReceived(DefaultIoFilterChain.java:417)
	at org.apache.mina.core.filterchain.DefaultIoFilterChain.access$1200(DefaultIoFilterChain.java:47)
	at org.apache.mina.core.filterchain.DefaultIoFilterChain$EntryImpl$1.messageReceived(DefaultIoFilterChain.java:765)
	at org.apache.mina.filter.codec.ProtocolCodecFilter$ProtocolDecoderOutputImpl.flush(ProtocolCodecFilter.java:407)
	at org.apache.mina.filter.codec.ProtocolCodecFilter.messageReceived(ProtocolCodecFilter.java:236)
	at org.apache.mina.core.filterchain.DefaultIoFilterChain.callNextMessageReceived(DefaultIoFilterChain.java:417)
	at org.apache.mina.core.filterchain.DefaultIoFilterChain.access$1200(DefaultIoFilterChain.java:47)
	at org.apache.mina.core.filterchain.DefaultIoFilterChain$EntryImpl$1.messageReceived(DefaultIoFilterChain.java:765)
	at org.apache.mina.core.filterchain.IoFilterAdapter.messageReceived(IoFilterAdapter.java:109)
	at org.apache.mina.core.filterchain.DefaultIoFilterChain.callNextMessageReceived(DefaultIoFilterChain.java:417)
	at org.apache.mina.core.filterchain.DefaultIoFilterChain.fireMessageReceived(DefaultIoFilterChain.java:410)
	at org.apache.mina.core.polling.AbstractPollingIoProcessor.read(AbstractPollingIoProcessor.java:710)
	at org.apache.mina.core.polling.AbstractPollingIoProcessor.process(AbstractPollingIoProcessor.java:664)
	at org.apache.mina.core.polling.AbstractPollingIoProcessor.process(AbstractPollingIoProcessor.java:653)
	at org.apache.mina.core.polling.AbstractPollingIoProcessor.access$600(AbstractPollingIoProcessor.java:67)
	at org.apache.mina.core.polling.AbstractPollingIoProcessor$Processor.run(AbstractPollingIoProcessor.java:1124)
	at org.apache.mina.util.NamePreservingRunnable.run(NamePreservingRunnable.java:64)
	at java.util.concurrent.ThreadPoolExecutor.runWorker(Unknown Source)
	at java.util.concurrent.ThreadPoolExecutor$Worker.run(Unknown Source)
	at java.lang.Thread.run(Unknown Source)
[23:07:07][NioProcessor-4] - 收到消息-->ReqSelectPlayerMessage [playerId=10000]
[23:07:07][NioProcessor-2] - 请求协议不存在,module=103,cmd=501
[23:07:10][NioProcessor-4] - 收到消息-->ReqGmExecMessage [command=playerLv 2]
[23:10:50][NioProcessor-4] - server exception
java.io.IOException: 远程主机强迫关闭了一个现有的连接。
	at sun.nio.ch.SocketDispatcher.read0(Native Method)
	at sun.nio.ch.SocketDispatcher.read(Unknown Source)
	at sun.nio.ch.IOUtil.readIntoNativeBuffer(Unknown Source)
	at sun.nio.ch.IOUtil.read(Unknown Source)
	at sun.nio.ch.SocketChannelImpl.read(Unknown Source)
	at org.apache.mina.transport.socket.nio.NioProcessor.read(NioProcessor.java:273)
	at org.apache.mina.transport.socket.nio.NioProcessor.read(NioProcessor.java:44)
	at org.apache.mina.core.polling.AbstractPollingIoProcessor.read(AbstractPollingIoProcessor.java:690)
	at org.apache.mina.core.polling.AbstractPollingIoProcessor.process(AbstractPollingIoProcessor.java:664)
	at org.apache.mina.core.polling.AbstractPollingIoProcessor.process(AbstractPollingIoProcessor.java:653)
	at org.apache.mina.core.polling.AbstractPollingIoProcessor.access$600(AbstractPollingIoProcessor.java:67)
	at org.apache.mina.core.polling.AbstractPollingIoProcessor$Processor.run(AbstractPollingIoProcessor.java:1124)
	at org.apache.mina.util.NamePreservingRunnable.run(NamePreservingRunnable.java:64)
	at java.util.concurrent.ThreadPoolExecutor.runWorker(Unknown Source)
	at java.util.concurrent.ThreadPoolExecutor$Worker.run(Unknown Source)
	at java.lang.Thread.run(Unknown Source)
[23:11:03][game_server_parent.master.client.ClientStartup.main()] - 本服serverId为10001
[23:11:04][game_server_parent.master.client.ClientStartup.main()] - 开始连接socket服务端{0}
[23:11:04][NioProcessor-1] - /192.168.1.140:42372
[23:11:05][NioProcessor-1] - 收到消息-->ReqLoginMessage [accountId=123, password=kingston]
[23:11:05][NioProcessor-1] - 收到消息-->ReqSelectPlayerMessage [playerId=10000]
[23:11:05][NioProcessor-2] - 请求协议不存在,module=103,cmd=501
[23:11:08][NioProcessor-1] - 收到消息-->ReqGmExecMessage [command=playerLv 2]
[23:13:09][Shutdown Hook] - Shutting down 'user' pool immediately [Shutdown Hook]
[23:13:09][Shutdown Hook] - 'user' pool has been closed down by Shutdown Hook in 24 milliseconds.
[23:13:09][Shutdown Hook] - Shutting down 'data' pool immediately [Shutdown Hook]
[23:13:09][Shutdown Hook] - 'data' pool has been closed down by Shutdown Hook in 19 milliseconds.
[23:13:09][Shutdown Hook] - Stopping Prototyper thread
[23:13:09][Shutdown Hook] - Stopping HouseKeeper thread
[23:13:09][NioProcessor-2] - client exception
java.io.IOException: 远程主机强迫关闭了一个现有的连接。
	at sun.nio.ch.SocketDispatcher.read0(Native Method)
	at sun.nio.ch.SocketDispatcher.read(Unknown Source)
	at sun.nio.ch.IOUtil.readIntoNativeBuffer(Unknown Source)
	at sun.nio.ch.IOUtil.read(Unknown Source)
	at sun.nio.ch.SocketChannelImpl.read(Unknown Source)
	at org.apache.mina.transport.socket.nio.NioProcessor.read(NioProcessor.java:273)
	at org.apache.mina.transport.socket.nio.NioProcessor.read(NioProcessor.java:44)
	at org.apache.mina.core.polling.AbstractPollingIoProcessor.read(AbstractPollingIoProcessor.java:690)
	at org.apache.mina.core.polling.AbstractPollingIoProcessor.process(AbstractPollingIoProcessor.java:664)
	at org.apache.mina.core.polling.AbstractPollingIoProcessor.process(AbstractPollingIoProcessor.java:653)
	at org.apache.mina.core.polling.AbstractPollingIoProcessor.access$600(AbstractPollingIoProcessor.java:67)
	at org.apache.mina.core.polling.AbstractPollingIoProcessor$Processor.run(AbstractPollingIoProcessor.java:1124)
	at org.apache.mina.util.NamePreservingRunnable.run(NamePreservingRunnable.java:64)
	at java.util.concurrent.ThreadPoolExecutor.runWorker(Unknown Source)
	at java.util.concurrent.ThreadPoolExecutor$Worker.run(Unknown Source)
	at java.lang.Thread.run(Unknown Source)
[23:18:24][game_server_parent.master.ServerStartup.main()] - 本服serverId为10001
[23:18:24][game_server_parent.master.ServerStartup.main()] - 初始化数据库连接池……
[23:18:24][game_server_parent.master.ServerStartup.main()] - Proxool 0.9.1 (23-Aug-2008 11:10)
[23:18:24][HouseKeeper] - Proxool statistics legend: "s - r  (a/t/o)" > s=served, r=refused (only shown if non-zero), a=active, t=total, o=offline (being tested)
[23:18:25][game_server_parent.master.ServerStartup.main()] - socket启动端口为9528,正在监听客户端的连接
[23:18:31][game_server_parent.master.client.ClientStartup.main()] - 本服serverId为10001
[23:18:31][game_server_parent.master.client.ClientStartup.main()] - 开始连接socket服务端{0}
[23:18:31][NioProcessor-2] - /192.168.1.140:42968
[23:18:33][NioProcessor-2] - 收到消息-->ReqLoginMessage [accountId=123, password=kingston]
[23:18:33][NioProcessor-2] - 收到消息-->ReqSelectPlayerMessage [playerId=10000]
[23:18:35][NioProcessor-2] - 收到消息-->ReqGmExecMessage [command=playerLv 2]
[13:58:36][NioProcessor-3] - /127.0.0.1:15252
[14:33:29][NioProcessor-3] - server exception
java.io.IOException: 远程主机强迫关闭了一个现有的连接。
	at sun.nio.ch.SocketDispatcher.read0(Native Method)
	at sun.nio.ch.SocketDispatcher.read(Unknown Source)
	at sun.nio.ch.IOUtil.readIntoNativeBuffer(Unknown Source)
	at sun.nio.ch.IOUtil.read(Unknown Source)
	at sun.nio.ch.SocketChannelImpl.read(Unknown Source)
	at org.apache.mina.transport.socket.nio.NioProcessor.read(NioProcessor.java:273)
	at org.apache.mina.transport.socket.nio.NioProcessor.read(NioProcessor.java:44)
	at org.apache.mina.core.polling.AbstractPollingIoProcessor.read(AbstractPollingIoProcessor.java:690)
	at org.apache.mina.core.polling.AbstractPollingIoProcessor.process(AbstractPollingIoProcessor.java:664)
	at org.apache.mina.core.polling.AbstractPollingIoProcessor.process(AbstractPollingIoProcessor.java:653)
	at org.apache.mina.core.polling.AbstractPollingIoProcessor.access$600(AbstractPollingIoProcessor.java:67)
	at org.apache.mina.core.polling.AbstractPollingIoProcessor$Processor.run(AbstractPollingIoProcessor.java:1124)
	at org.apache.mina.util.NamePreservingRunnable.run(NamePreservingRunnable.java:64)
	at java.util.concurrent.ThreadPoolExecutor.runWorker(Unknown Source)
	at java.util.concurrent.ThreadPoolExecutor$Worker.run(Unknown Source)
	at java.lang.Thread.run(Unknown Source)
[14:35:45][NioProcessor-4] - /127.0.0.1:20571
[14:36:26][NioProcessor-2] - server exception
java.io.IOException: 远程主机强迫关闭了一个现有的连接。
	at sun.nio.ch.SocketDispatcher.read0(Native Method)
	at sun.nio.ch.SocketDispatcher.read(Unknown Source)
	at sun.nio.ch.IOUtil.readIntoNativeBuffer(Unknown Source)
	at sun.nio.ch.IOUtil.read(Unknown Source)
	at sun.nio.ch.SocketChannelImpl.read(Unknown Source)
	at org.apache.mina.transport.socket.nio.NioProcessor.read(NioProcessor.java:273)
	at org.apache.mina.transport.socket.nio.NioProcessor.read(NioProcessor.java:44)
	at org.apache.mina.core.polling.AbstractPollingIoProcessor.read(AbstractPollingIoProcessor.java:690)
	at org.apache.mina.core.polling.AbstractPollingIoProcessor.process(AbstractPollingIoProcessor.java:664)
	at org.apache.mina.core.polling.AbstractPollingIoProcessor.process(AbstractPollingIoProcessor.java:653)
	at org.apache.mina.core.polling.AbstractPollingIoProcessor.access$600(AbstractPollingIoProcessor.java:67)
	at org.apache.mina.core.polling.AbstractPollingIoProcessor$Processor.run(AbstractPollingIoProcessor.java:1124)
	at org.apache.mina.util.NamePreservingRunnable.run(NamePreservingRunnable.java:64)
	at java.util.concurrent.ThreadPoolExecutor.runWorker(Unknown Source)
	at java.util.concurrent.ThreadPoolExecutor$Worker.run(Unknown Source)
	at java.lang.Thread.run(Unknown Source)
[14:36:40][game_server_parent.master.client.ClientStartup.main()] - 本服serverId为10001
[14:36:40][game_server_parent.master.client.ClientStartup.main()] - 开始连接socket服务端{0}
[14:36:40][NioProcessor-1] - /192.168.1.140:20683
[14:36:41][NioProcessor-1] - 收到消息-->ReqLoginMessage [accountId=123, password=kingston]
[14:36:41][NioProcessor-1] - 收到消息-->ReqSelectPlayerMessage [playerId=10000]
[14:36:44][NioProcessor-1] - 收到消息-->ReqGmExecMessage [command=playerLv 2]
[14:40:09][NioProcessor-4] - server exception
java.io.IOException: 远程主机强迫关闭了一个现有的连接。
	at sun.nio.ch.SocketDispatcher.read0(Native Method)
	at sun.nio.ch.SocketDispatcher.read(Unknown Source)
	at sun.nio.ch.IOUtil.readIntoNativeBuffer(Unknown Source)
	at sun.nio.ch.IOUtil.read(Unknown Source)
	at sun.nio.ch.SocketChannelImpl.read(Unknown Source)
	at org.apache.mina.transport.socket.nio.NioProcessor.read(NioProcessor.java:273)
	at org.apache.mina.transport.socket.nio.NioProcessor.read(NioProcessor.java:44)
	at org.apache.mina.core.polling.AbstractPollingIoProcessor.read(AbstractPollingIoProcessor.java:690)
	at org.apache.mina.core.polling.AbstractPollingIoProcessor.process(AbstractPollingIoProcessor.java:664)
	at org.apache.mina.core.polling.AbstractPollingIoProcessor.process(AbstractPollingIoProcessor.java:653)
	at org.apache.mina.core.polling.AbstractPollingIoProcessor.access$600(AbstractPollingIoProcessor.java:67)
	at org.apache.mina.core.polling.AbstractPollingIoProcessor$Processor.run(AbstractPollingIoProcessor.java:1124)
	at org.apache.mina.util.NamePreservingRunnable.run(NamePreservingRunnable.java:64)
	at java.util.concurrent.ThreadPoolExecutor.runWorker(Unknown Source)
	at java.util.concurrent.ThreadPoolExecutor$Worker.run(Unknown Source)
	at java.lang.Thread.run(Unknown Source)
[14:40:53][NioProcessor-2] - /127.0.0.1:21218
[15:01:15][NioProcessor-2] - server exception
java.io.IOException: 远程主机强迫关闭了一个现有的连接。
	at sun.nio.ch.SocketDispatcher.read0(Native Method)
	at sun.nio.ch.SocketDispatcher.read(Unknown Source)
	at sun.nio.ch.IOUtil.readIntoNativeBuffer(Unknown Source)
	at sun.nio.ch.IOUtil.read(Unknown Source)
	at sun.nio.ch.SocketChannelImpl.read(Unknown Source)
	at org.apache.mina.transport.socket.nio.NioProcessor.read(NioProcessor.java:273)
	at org.apache.mina.transport.socket.nio.NioProcessor.read(NioProcessor.java:44)
	at org.apache.mina.core.polling.AbstractPollingIoProcessor.read(AbstractPollingIoProcessor.java:690)
	at org.apache.mina.core.polling.AbstractPollingIoProcessor.process(AbstractPollingIoProcessor.java:664)
	at org.apache.mina.core.polling.AbstractPollingIoProcessor.process(AbstractPollingIoProcessor.java:653)
	at org.apache.mina.core.polling.AbstractPollingIoProcessor.access$600(AbstractPollingIoProcessor.java:67)
	at org.apache.mina.core.polling.AbstractPollingIoProcessor$Processor.run(AbstractPollingIoProcessor.java:1124)
	at org.apache.mina.util.NamePreservingRunnable.run(NamePreservingRunnable.java:64)
	at java.util.concurrent.ThreadPoolExecutor.runWorker(Unknown Source)
	at java.util.concurrent.ThreadPoolExecutor$Worker.run(Unknown Source)
	at java.lang.Thread.run(Unknown Source)
[15:01:54][NioProcessor-3] - /127.0.0.1:21704
[15:06:27][NioProcessor-3] - server exception
java.io.IOException: 远程主机强迫关闭了一个现有的连接。
	at sun.nio.ch.SocketDispatcher.read0(Native Method)
	at sun.nio.ch.SocketDispatcher.read(Unknown Source)
	at sun.nio.ch.IOUtil.readIntoNativeBuffer(Unknown Source)
	at sun.nio.ch.IOUtil.read(Unknown Source)
	at sun.nio.ch.SocketChannelImpl.read(Unknown Source)
	at org.apache.mina.transport.socket.nio.NioProcessor.read(NioProcessor.java:273)
	at org.apache.mina.transport.socket.nio.NioProcessor.read(NioProcessor.java:44)
	at org.apache.mina.core.polling.AbstractPollingIoProcessor.read(AbstractPollingIoProcessor.java:690)
	at org.apache.mina.core.polling.AbstractPollingIoProcessor.process(AbstractPollingIoProcessor.java:664)
	at org.apache.mina.core.polling.AbstractPollingIoProcessor.process(AbstractPollingIoProcessor.java:653)
	at org.apache.mina.core.polling.AbstractPollingIoProcessor.access$600(AbstractPollingIoProcessor.java:67)
	at org.apache.mina.core.polling.AbstractPollingIoProcessor$Processor.run(AbstractPollingIoProcessor.java:1124)
	at org.apache.mina.util.NamePreservingRunnable.run(NamePreservingRunnable.java:64)
	at java.util.concurrent.ThreadPoolExecutor.runWorker(Unknown Source)
	at java.util.concurrent.ThreadPoolExecutor$Worker.run(Unknown Source)
	at java.lang.Thread.run(Unknown Source)
[15:07:58][NioProcessor-4] - /127.0.0.1:21922
[15:08:52][NioProcessor-4] - server exception
java.io.IOException: 远程主机强迫关闭了一个现有的连接。
	at sun.nio.ch.SocketDispatcher.read0(Native Method)
	at sun.nio.ch.SocketDispatcher.read(Unknown Source)
	at sun.nio.ch.IOUtil.readIntoNativeBuffer(Unknown Source)
	at sun.nio.ch.IOUtil.read(Unknown Source)
	at sun.nio.ch.SocketChannelImpl.read(Unknown Source)
	at org.apache.mina.transport.socket.nio.NioProcessor.read(NioProcessor.java:273)
	at org.apache.mina.transport.socket.nio.NioProcessor.read(NioProcessor.java:44)
	at org.apache.mina.core.polling.AbstractPollingIoProcessor.read(AbstractPollingIoProcessor.java:690)
	at org.apache.mina.core.polling.AbstractPollingIoProcessor.process(AbstractPollingIoProcessor.java:664)
	at org.apache.mina.core.polling.AbstractPollingIoProcessor.process(AbstractPollingIoProcessor.java:653)
	at org.apache.mina.core.polling.AbstractPollingIoProcessor.access$600(AbstractPollingIoProcessor.java:67)
	at org.apache.mina.core.polling.AbstractPollingIoProcessor$Processor.run(AbstractPollingIoProcessor.java:1124)
	at org.apache.mina.util.NamePreservingRunnable.run(NamePreservingRunnable.java:64)
	at java.util.concurrent.ThreadPoolExecutor.runWorker(Unknown Source)
	at java.util.concurrent.ThreadPoolExecutor$Worker.run(Unknown Source)
	at java.lang.Thread.run(Unknown Source)
[15:10:19][NioProcessor-1] - /127.0.0.1:21985
[15:10:56][NioProcessor-1] - server exception
java.io.IOException: 远程主机强迫关闭了一个现有的连接。
	at sun.nio.ch.SocketDispatcher.read0(Native Method)
	at sun.nio.ch.SocketDispatcher.read(Unknown Source)
	at sun.nio.ch.IOUtil.readIntoNativeBuffer(Unknown Source)
	at sun.nio.ch.IOUtil.read(Unknown Source)
	at sun.nio.ch.SocketChannelImpl.read(Unknown Source)
	at org.apache.mina.transport.socket.nio.NioProcessor.read(NioProcessor.java:273)
	at org.apache.mina.transport.socket.nio.NioProcessor.read(NioProcessor.java:44)
	at org.apache.mina.core.polling.AbstractPollingIoProcessor.read(AbstractPollingIoProcessor.java:690)
	at org.apache.mina.core.polling.AbstractPollingIoProcessor.process(AbstractPollingIoProcessor.java:664)
	at org.apache.mina.core.polling.AbstractPollingIoProcessor.process(AbstractPollingIoProcessor.java:653)
	at org.apache.mina.core.polling.AbstractPollingIoProcessor.access$600(AbstractPollingIoProcessor.java:67)
	at org.apache.mina.core.polling.AbstractPollingIoProcessor$Processor.run(AbstractPollingIoProcessor.java:1124)
	at org.apache.mina.util.NamePreservingRunnable.run(NamePreservingRunnable.java:64)
	at java.util.concurrent.ThreadPoolExecutor.runWorker(Unknown Source)
	at java.util.concurrent.ThreadPoolExecutor$Worker.run(Unknown Source)
	at java.lang.Thread.run(Unknown Source)
[15:32:57][NioProcessor-2] - /127.0.0.1:22227
[15:33:57][NioProcessor-2] - server exception
java.io.IOException: 远程主机强迫关闭了一个现有的连接。
	at sun.nio.ch.SocketDispatcher.read0(Native Method)
	at sun.nio.ch.SocketDispatcher.read(Unknown Source)
	at sun.nio.ch.IOUtil.readIntoNativeBuffer(Unknown Source)
	at sun.nio.ch.IOUtil.read(Unknown Source)
	at sun.nio.ch.SocketChannelImpl.read(Unknown Source)
	at org.apache.mina.transport.socket.nio.NioProcessor.read(NioProcessor.java:273)
	at org.apache.mina.transport.socket.nio.NioProcessor.read(NioProcessor.java:44)
	at org.apache.mina.core.polling.AbstractPollingIoProcessor.read(AbstractPollingIoProcessor.java:690)
	at org.apache.mina.core.polling.AbstractPollingIoProcessor.process(AbstractPollingIoProcessor.java:664)
	at org.apache.mina.core.polling.AbstractPollingIoProcessor.process(AbstractPollingIoProcessor.java:653)
	at org.apache.mina.core.polling.AbstractPollingIoProcessor.access$600(AbstractPollingIoProcessor.java:67)
	at org.apache.mina.core.polling.AbstractPollingIoProcessor$Processor.run(AbstractPollingIoProcessor.java:1124)
	at org.apache.mina.util.NamePreservingRunnable.run(NamePreservingRunnable.java:64)
	at java.util.concurrent.ThreadPoolExecutor.runWorker(Unknown Source)
	at java.util.concurrent.ThreadPoolExecutor$Worker.run(Unknown Source)
	at java.lang.Thread.run(Unknown Source)
[15:34:39][NioProcessor-3] - /127.0.0.1:22293
[15:34:40][NioProcessor-3] - server exception
java.io.IOException: 远程主机强迫关闭了一个现有的连接。
	at sun.nio.ch.SocketDispatcher.read0(Native Method)
	at sun.nio.ch.SocketDispatcher.read(Unknown Source)
	at sun.nio.ch.IOUtil.readIntoNativeBuffer(Unknown Source)
	at sun.nio.ch.IOUtil.read(Unknown Source)
	at sun.nio.ch.SocketChannelImpl.read(Unknown Source)
	at org.apache.mina.transport.socket.nio.NioProcessor.read(NioProcessor.java:273)
	at org.apache.mina.transport.socket.nio.NioProcessor.read(NioProcessor.java:44)
	at org.apache.mina.core.polling.AbstractPollingIoProcessor.read(AbstractPollingIoProcessor.java:690)
	at org.apache.mina.core.polling.AbstractPollingIoProcessor.process(AbstractPollingIoProcessor.java:664)
	at org.apache.mina.core.polling.AbstractPollingIoProcessor.process(AbstractPollingIoProcessor.java:653)
	at org.apache.mina.core.polling.AbstractPollingIoProcessor.access$600(AbstractPollingIoProcessor.java:67)
	at org.apache.mina.core.polling.AbstractPollingIoProcessor$Processor.run(AbstractPollingIoProcessor.java:1124)
	at org.apache.mina.util.NamePreservingRunnable.run(NamePreservingRunnable.java:64)
	at java.util.concurrent.ThreadPoolExecutor.runWorker(Unknown Source)
	at java.util.concurrent.ThreadPoolExecutor$Worker.run(Unknown Source)
	at java.lang.Thread.run(Unknown Source)
[15:35:01][NioProcessor-4] - /127.0.0.1:22309
[15:35:01][NioProcessor-4] - server exception
java.io.IOException: 远程主机强迫关闭了一个现有的连接。
	at sun.nio.ch.SocketDispatcher.read0(Native Method)
	at sun.nio.ch.SocketDispatcher.read(Unknown Source)
	at sun.nio.ch.IOUtil.readIntoNativeBuffer(Unknown Source)
	at sun.nio.ch.IOUtil.read(Unknown Source)
	at sun.nio.ch.SocketChannelImpl.read(Unknown Source)
	at org.apache.mina.transport.socket.nio.NioProcessor.read(NioProcessor.java:273)
	at org.apache.mina.transport.socket.nio.NioProcessor.read(NioProcessor.java:44)
	at org.apache.mina.core.polling.AbstractPollingIoProcessor.read(AbstractPollingIoProcessor.java:690)
	at org.apache.mina.core.polling.AbstractPollingIoProcessor.process(AbstractPollingIoProcessor.java:664)
	at org.apache.mina.core.polling.AbstractPollingIoProcessor.process(AbstractPollingIoProcessor.java:653)
	at org.apache.mina.core.polling.AbstractPollingIoProcessor.access$600(AbstractPollingIoProcessor.java:67)
	at org.apache.mina.core.polling.AbstractPollingIoProcessor$Processor.run(AbstractPollingIoProcessor.java:1124)
	at org.apache.mina.util.NamePreservingRunnable.run(NamePreservingRunnable.java:64)
	at java.util.concurrent.ThreadPoolExecutor.runWorker(Unknown Source)
	at java.util.concurrent.ThreadPoolExecutor$Worker.run(Unknown Source)
	at java.lang.Thread.run(Unknown Source)
[15:35:07][NioProcessor-1] - /127.0.0.1:22313
[15:35:07][NioProcessor-1] - server exception
java.io.IOException: 远程主机强迫关闭了一个现有的连接。
	at sun.nio.ch.SocketDispatcher.read0(Native Method)
	at sun.nio.ch.SocketDispatcher.read(Unknown Source)
	at sun.nio.ch.IOUtil.readIntoNativeBuffer(Unknown Source)
	at sun.nio.ch.IOUtil.read(Unknown Source)
	at sun.nio.ch.SocketChannelImpl.read(Unknown Source)
	at org.apache.mina.transport.socket.nio.NioProcessor.read(NioProcessor.java:273)
	at org.apache.mina.transport.socket.nio.NioProcessor.read(NioProcessor.java:44)
	at org.apache.mina.core.polling.AbstractPollingIoProcessor.read(AbstractPollingIoProcessor.java:690)
	at org.apache.mina.core.polling.AbstractPollingIoProcessor.process(AbstractPollingIoProcessor.java:664)
	at org.apache.mina.core.polling.AbstractPollingIoProcessor.process(AbstractPollingIoProcessor.java:653)
	at org.apache.mina.core.polling.AbstractPollingIoProcessor.access$600(AbstractPollingIoProcessor.java:67)
	at org.apache.mina.core.polling.AbstractPollingIoProcessor$Processor.run(AbstractPollingIoProcessor.java:1124)
	at org.apache.mina.util.NamePreservingRunnable.run(NamePreservingRunnable.java:64)
	at java.util.concurrent.ThreadPoolExecutor.runWorker(Unknown Source)
	at java.util.concurrent.ThreadPoolExecutor$Worker.run(Unknown Source)
	at java.lang.Thread.run(Unknown Source)
[15:35:25][NioProcessor-2] - /127.0.0.1:22326
[15:35:25][NioProcessor-2] - server exception
java.io.IOException: 远程主机强迫关闭了一个现有的连接。
	at sun.nio.ch.SocketDispatcher.read0(Native Method)
	at sun.nio.ch.SocketDispatcher.read(Unknown Source)
	at sun.nio.ch.IOUtil.readIntoNativeBuffer(Unknown Source)
	at sun.nio.ch.IOUtil.read(Unknown Source)
	at sun.nio.ch.SocketChannelImpl.read(Unknown Source)
	at org.apache.mina.transport.socket.nio.NioProcessor.read(NioProcessor.java:273)
	at org.apache.mina.transport.socket.nio.NioProcessor.read(NioProcessor.java:44)
	at org.apache.mina.core.polling.AbstractPollingIoProcessor.read(AbstractPollingIoProcessor.java:690)
	at org.apache.mina.core.polling.AbstractPollingIoProcessor.process(AbstractPollingIoProcessor.java:664)
	at org.apache.mina.core.polling.AbstractPollingIoProcessor.process(AbstractPollingIoProcessor.java:653)
	at org.apache.mina.core.polling.AbstractPollingIoProcessor.access$600(AbstractPollingIoProcessor.java:67)
	at org.apache.mina.core.polling.AbstractPollingIoProcessor$Processor.run(AbstractPollingIoProcessor.java:1124)
	at org.apache.mina.util.NamePreservingRunnable.run(NamePreservingRunnable.java:64)
	at java.util.concurrent.ThreadPoolExecutor.runWorker(Unknown Source)
	at java.util.concurrent.ThreadPoolExecutor$Worker.run(Unknown Source)
	at java.lang.Thread.run(Unknown Source)
[15:36:58][Shutdown Hook] - Shutting down 'data' pool immediately [Shutdown Hook]
[15:36:58][Shutdown Hook] - 'data' pool has been closed down by Shutdown Hook in 9 milliseconds.
[15:36:58][Shutdown Hook] - Shutting down 'user' pool immediately [Shutdown Hook]
[15:36:58][Shutdown Hook] - 'user' pool has been closed down by Shutdown Hook in 10 milliseconds.
[15:36:58][Shutdown Hook] - Stopping Prototyper thread
[15:36:58][Shutdown Hook] - Stopping HouseKeeper thread
