[17:18:24][main] - 本服serverId为10001
[17:18:24][main] - 初始化数据库连接池……
[17:18:24][main] - Proxool 0.9.1 (23-Aug-2008 11:10)
[17:18:24][HouseKeeper] - Proxool statistics legend: "s - r  (a/t/o)" > s=served, r=refused (only shown if non-zero), a=active, t=total, o=offline (being tested)
[17:18:26][main] - socket启动端口为9528,正在监听客户端的连接
[17:52:56][main] - 本服serverId为10001
[17:52:56][main] - 开始连接socket服务端{0}
[17:52:56][NioProcessor-2] - /192.168.1.140:24864
[17:52:58][NioProcessor-2] - 收到消息-->ReqLoginMessage [accountId=10000, password=winturn]
[17:52:58][NioProcessor-2] - 收到消息-->ReqSelectPlayerMessage [playerId=10000]
[17:53:01][NioProcessor-2] - 收到消息-->ReqGmExecMessage [command=playerLv 2]
[17:53:19][NioProcessor-2] - server exception
java.io.IOException: 远程主机强迫关闭了一个现有的连接。
	at sun.nio.ch.SocketDispatcher.read0(Native Method)
	at sun.nio.ch.SocketDispatcher.read(Unknown Source)
	at sun.nio.ch.IOUtil.readIntoNativeBuffer(Unknown Source)
	at sun.nio.ch.IOUtil.read(Unknown Source)
	at sun.nio.ch.SocketChannelImpl.read(Unknown Source)
	at org.apache.mina.transport.socket.nio.NioProcessor.read(NioProcessor.java:273)
	at org.apache.mina.transport.socket.nio.NioProcessor.read(NioProcessor.java:44)
	at org.apache.mina.core.polling.AbstractPollingIoProcessor.read(AbstractPollingIoProcessor.java:690)
	at org.apache.mina.core.polling.AbstractPollingIoProcessor.process(AbstractPollingIoProcessor.java:664)
	at org.apache.mina.core.polling.AbstractPollingIoProcessor.process(AbstractPollingIoProcessor.java:653)
	at org.apache.mina.core.polling.AbstractPollingIoProcessor.access$600(AbstractPollingIoProcessor.java:67)
	at org.apache.mina.core.polling.AbstractPollingIoProcessor$Processor.run(AbstractPollingIoProcessor.java:1124)
	at org.apache.mina.util.NamePreservingRunnable.run(NamePreservingRunnable.java:64)
	at java.util.concurrent.ThreadPoolExecutor.runWorker(Unknown Source)
	at java.util.concurrent.ThreadPoolExecutor$Worker.run(Unknown Source)
	at java.lang.Thread.run(Unknown Source)
