[15:36:58][NioProcessor-2] - client exception
java.io.IOException: ‘∂≥Ã÷˜ª˙«ø∆»πÿ±’¡À“ª∏ˆœ÷”–µƒ¡¨Ω”°£
	at sun.nio.ch.SocketDispatcher.read0(Native Method)
	at sun.nio.ch.SocketDispatcher.read(Unknown Source)
	at sun.nio.ch.IOUtil.readIntoNativeBuffer(Unknown Source)
	at sun.nio.ch.IOUtil.read(Unknown Source)
	at sun.nio.ch.SocketChannelImpl.read(Unknown Source)
	at org.apache.mina.transport.socket.nio.NioProcessor.read(NioProcessor.java:273)
	at org.apache.mina.transport.socket.nio.NioProcessor.read(NioProcessor.java:44)
	at org.apache.mina.core.polling.AbstractPollingIoProcessor.read(AbstractPollingIoProcessor.java:690)
	at org.apache.mina.core.polling.AbstractPollingIoProcessor.process(AbstractPollingIoProcessor.java:664)
	at org.apache.mina.core.polling.AbstractPollingIoProcessor.process(AbstractPollingIoProcessor.java:653)
	at org.apache.mina.core.polling.AbstractPollingIoProcessor.access$600(AbstractPollingIoProcessor.java:67)
	at org.apache.mina.core.polling.AbstractPollingIoProcessor$Processor.run(AbstractPollingIoProcessor.java:1124)
	at org.apache.mina.util.NamePreservingRunnable.run(NamePreservingRunnable.java:64)
	at java.util.concurrent.ThreadPoolExecutor.runWorker(Unknown Source)
	at java.util.concurrent.ThreadPoolExecutor$Worker.run(Unknown Source)
	at java.lang.Thread.run(Unknown Source)
[15:37:08][game_server_parent.master.ServerStartup.main()] - ±æ∑˛serverIdŒ™10001
[15:37:08][game_server_parent.master.ServerStartup.main()] - ≥ı ºªØ ˝æ›ø‚¡¨Ω”≥ÿ°≠°≠
[15:37:08][game_server_parent.master.ServerStartup.main()] - Proxool 0.9.1 (23-Aug-2008 11:10)
[15:37:08][HouseKeeper] - Proxool statistics legend: "s - r  (a/t/o)" > s=served, r=refused (only shown if non-zero), a=active, t=total, o=offline (being tested)
[15:37:09][game_server_parent.master.ServerStartup.main()] - socket∆Ù∂Ø∂Àø⁄Œ™9528,’˝‘⁄º‡Ã˝øÕªß∂Àµƒ¡¨Ω”
[15:37:15][NioProcessor-2] - /127.0.0.1:22404
[15:37:15][NioProcessor-2] - server exception
java.io.IOException: ‘∂≥Ã÷˜ª˙«ø∆»πÿ±’¡À“ª∏ˆœ÷”–µƒ¡¨Ω”°£
	at sun.nio.ch.SocketDispatcher.read0(Native Method)
	at sun.nio.ch.SocketDispatcher.read(Unknown Source)
	at sun.nio.ch.IOUtil.readIntoNativeBuffer(Unknown Source)
	at sun.nio.ch.IOUtil.read(Unknown Source)
	at sun.nio.ch.SocketChannelImpl.read(Unknown Source)
	at org.apache.mina.transport.socket.nio.NioProcessor.read(NioProcessor.java:273)
	at org.apache.mina.transport.socket.nio.NioProcessor.read(NioProcessor.java:44)
	at org.apache.mina.core.polling.AbstractPollingIoProcessor.read(AbstractPollingIoProcessor.java:690)
	at org.apache.mina.core.polling.AbstractPollingIoProcessor.process(AbstractPollingIoProcessor.java:664)
	at org.apache.mina.core.polling.AbstractPollingIoProcessor.process(AbstractPollingIoProcessor.java:653)
	at org.apache.mina.core.polling.AbstractPollingIoProcessor.access$600(AbstractPollingIoProcessor.java:67)
	at org.apache.mina.core.polling.AbstractPollingIoProcessor$Processor.run(AbstractPollingIoProcessor.java:1124)
	at org.apache.mina.util.NamePreservingRunnable.run(NamePreservingRunnable.java:64)
	at java.util.concurrent.ThreadPoolExecutor.runWorker(Unknown Source)
	at java.util.concurrent.ThreadPoolExecutor$Worker.run(Unknown Source)
	at java.lang.Thread.run(Unknown Source)
[15:37:43][NioProcessor-3] - /127.0.0.1:22418
[15:37:43][NioProcessor-3] - server exception
java.io.IOException: ‘∂≥Ã÷˜ª˙«ø∆»πÿ±’¡À“ª∏ˆœ÷”–µƒ¡¨Ω”°£
	at sun.nio.ch.SocketDispatcher.read0(Native Method)
	at sun.nio.ch.SocketDispatcher.read(Unknown Source)
	at sun.nio.ch.IOUtil.readIntoNativeBuffer(Unknown Source)
	at sun.nio.ch.IOUtil.read(Unknown Source)
	at sun.nio.ch.SocketChannelImpl.read(Unknown Source)
	at org.apache.mina.transport.socket.nio.NioProcessor.read(NioProcessor.java:273)
	at org.apache.mina.transport.socket.nio.NioProcessor.read(NioProcessor.java:44)
	at org.apache.mina.core.polling.AbstractPollingIoProcessor.read(AbstractPollingIoProcessor.java:690)
	at org.apache.mina.core.polling.AbstractPollingIoProcessor.process(AbstractPollingIoProcessor.java:664)
	at org.apache.mina.core.polling.AbstractPollingIoProcessor.process(AbstractPollingIoProcessor.java:653)
	at org.apache.mina.core.polling.AbstractPollingIoProcessor.access$600(AbstractPollingIoProcessor.java:67)
	at org.apache.mina.core.polling.AbstractPollingIoProcessor$Processor.run(AbstractPollingIoProcessor.java:1124)
	at org.apache.mina.util.NamePreservingRunnable.run(NamePreservingRunnable.java:64)
	at java.util.concurrent.ThreadPoolExecutor.runWorker(Unknown Source)
	at java.util.concurrent.ThreadPoolExecutor$Worker.run(Unknown Source)
	at java.lang.Thread.run(Unknown Source)
[16:03:36][NioProcessor-4] - /127.0.0.1:23155
[16:03:36][NioProcessor-4] - server exception
java.io.IOException: ‘∂≥Ã÷˜ª˙«ø∆»πÿ±’¡À“ª∏ˆœ÷”–µƒ¡¨Ω”°£
	at sun.nio.ch.SocketDispatcher.read0(Native Method)
	at sun.nio.ch.SocketDispatcher.read(Unknown Source)
	at sun.nio.ch.IOUtil.readIntoNativeBuffer(Unknown Source)
	at sun.nio.ch.IOUtil.read(Unknown Source)
	at sun.nio.ch.SocketChannelImpl.read(Unknown Source)
	at org.apache.mina.transport.socket.nio.NioProcessor.read(NioProcessor.java:273)
	at org.apache.mina.transport.socket.nio.NioProcessor.read(NioProcessor.java:44)
	at org.apache.mina.core.polling.AbstractPollingIoProcessor.read(AbstractPollingIoProcessor.java:690)
	at org.apache.mina.core.polling.AbstractPollingIoProcessor.process(AbstractPollingIoProcessor.java:664)
	at org.apache.mina.core.polling.AbstractPollingIoProcessor.process(AbstractPollingIoProcessor.java:653)
	at org.apache.mina.core.polling.AbstractPollingIoProcessor.access$600(AbstractPollingIoProcessor.java:67)
	at org.apache.mina.core.polling.AbstractPollingIoProcessor$Processor.run(AbstractPollingIoProcessor.java:1124)
	at org.apache.mina.util.NamePreservingRunnable.run(NamePreservingRunnable.java:64)
	at java.util.concurrent.ThreadPoolExecutor.runWorker(Unknown Source)
	at java.util.concurrent.ThreadPoolExecutor$Worker.run(Unknown Source)
	at java.lang.Thread.run(Unknown Source)
[16:03:48][NioProcessor-1] - /127.0.0.1:23163
[16:03:48][NioProcessor-1] - server exception
java.io.IOException: ‘∂≥Ã÷˜ª˙«ø∆»πÿ±’¡À“ª∏ˆœ÷”–µƒ¡¨Ω”°£
	at sun.nio.ch.SocketDispatcher.read0(Native Method)
	at sun.nio.ch.SocketDispatcher.read(Unknown Source)
	at sun.nio.ch.IOUtil.readIntoNativeBuffer(Unknown Source)
	at sun.nio.ch.IOUtil.read(Unknown Source)
	at sun.nio.ch.SocketChannelImpl.read(Unknown Source)
	at org.apache.mina.transport.socket.nio.NioProcessor.read(NioProcessor.java:273)
	at org.apache.mina.transport.socket.nio.NioProcessor.read(NioProcessor.java:44)
	at org.apache.mina.core.polling.AbstractPollingIoProcessor.read(AbstractPollingIoProcessor.java:690)
	at org.apache.mina.core.polling.AbstractPollingIoProcessor.process(AbstractPollingIoProcessor.java:664)
	at org.apache.mina.core.polling.AbstractPollingIoProcessor.process(AbstractPollingIoProcessor.java:653)
	at org.apache.mina.core.polling.AbstractPollingIoProcessor.access$600(AbstractPollingIoProcessor.java:67)
	at org.apache.mina.core.polling.AbstractPollingIoProcessor$Processor.run(AbstractPollingIoProcessor.java:1124)
	at org.apache.mina.util.NamePreservingRunnable.run(NamePreservingRunnable.java:64)
	at java.util.concurrent.ThreadPoolExecutor.runWorker(Unknown Source)
	at java.util.concurrent.ThreadPoolExecutor$Worker.run(Unknown Source)
	at java.lang.Thread.run(Unknown Source)
[16:05:30][NioProcessor-2] - /127.0.0.1:23232
[16:06:53][NioProcessor-2] - server exception
java.io.IOException: ‘∂≥Ã÷˜ª˙«ø∆»πÿ±’¡À“ª∏ˆœ÷”–µƒ¡¨Ω”°£
	at sun.nio.ch.SocketDispatcher.read0(Native Method)
	at sun.nio.ch.SocketDispatcher.read(Unknown Source)
	at sun.nio.ch.IOUtil.readIntoNativeBuffer(Unknown Source)
	at sun.nio.ch.IOUtil.read(Unknown Source)
	at sun.nio.ch.SocketChannelImpl.read(Unknown Source)
	at org.apache.mina.transport.socket.nio.NioProcessor.read(NioProcessor.java:273)
	at org.apache.mina.transport.socket.nio.NioProcessor.read(NioProcessor.java:44)
	at org.apache.mina.core.polling.AbstractPollingIoProcessor.read(AbstractPollingIoProcessor.java:690)
	at org.apache.mina.core.polling.AbstractPollingIoProcessor.process(AbstractPollingIoProcessor.java:664)
	at org.apache.mina.core.polling.AbstractPollingIoProcessor.process(AbstractPollingIoProcessor.java:653)
	at org.apache.mina.core.polling.AbstractPollingIoProcessor.access$600(AbstractPollingIoProcessor.java:67)
	at org.apache.mina.core.polling.AbstractPollingIoProcessor$Processor.run(AbstractPollingIoProcessor.java:1124)
	at org.apache.mina.util.NamePreservingRunnable.run(NamePreservingRunnable.java:64)
	at java.util.concurrent.ThreadPoolExecutor.runWorker(Unknown Source)
	at java.util.concurrent.ThreadPoolExecutor$Worker.run(Unknown Source)
	at java.lang.Thread.run(Unknown Source)
[16:09:17][NioProcessor-3] - /127.0.0.1:23357
[16:09:55][NioProcessor-3] - server exception
java.io.IOException: ‘∂≥Ã÷˜ª˙«ø∆»πÿ±’¡À“ª∏ˆœ÷”–µƒ¡¨Ω”°£
	at sun.nio.ch.SocketDispatcher.read0(Native Method)
	at sun.nio.ch.SocketDispatcher.read(Unknown Source)
	at sun.nio.ch.IOUtil.readIntoNativeBuffer(Unknown Source)
	at sun.nio.ch.IOUtil.read(Unknown Source)
	at sun.nio.ch.SocketChannelImpl.read(Unknown Source)
	at org.apache.mina.transport.socket.nio.NioProcessor.read(NioProcessor.java:273)
	at org.apache.mina.transport.socket.nio.NioProcessor.read(NioProcessor.java:44)
	at org.apache.mina.core.polling.AbstractPollingIoProcessor.read(AbstractPollingIoProcessor.java:690)
	at org.apache.mina.core.polling.AbstractPollingIoProcessor.process(AbstractPollingIoProcessor.java:664)
	at org.apache.mina.core.polling.AbstractPollingIoProcessor.process(AbstractPollingIoProcessor.java:653)
	at org.apache.mina.core.polling.AbstractPollingIoProcessor.access$600(AbstractPollingIoProcessor.java:67)
	at org.apache.mina.core.polling.AbstractPollingIoProcessor$Processor.run(AbstractPollingIoProcessor.java:1124)
	at org.apache.mina.util.NamePreservingRunnable.run(NamePreservingRunnable.java:64)
	at java.util.concurrent.ThreadPoolExecutor.runWorker(Unknown Source)
	at java.util.concurrent.ThreadPoolExecutor$Worker.run(Unknown Source)
	at java.lang.Thread.run(Unknown Source)
[16:14:40][main] - Êú¨ÊúçserverId‰∏∫10001
[16:14:40][main] - ÂàùÂßãÂåñÊï∞ÊçÆÂ∫ìËøûÊé•Ê±†‚Ä¶‚Ä¶
[16:14:40][main] - Proxool 0.9.1 (23-Aug-2008 11:10)
[16:14:40][HouseKeeper] - Proxool statistics legend: "s - r  (a/t/o)" > s=served, r=refused (only shown if non-zero), a=active, t=total, o=offline (being tested)
[16:14:41][main] - socketÂêØÂä®Á´ØÂè£‰∏∫9528,Ê≠£Âú®ÁõëÂê¨ÂÆ¢Êà∑Á´ØÁöÑËøûÊé•
[16:14:41][main] - 
java.net.BindException: Address already in use: bind
	at sun.nio.ch.Net.bind0(Native Method)
	at sun.nio.ch.Net.bind(Unknown Source)
	at sun.nio.ch.Net.bind(Unknown Source)
	at sun.nio.ch.ServerSocketChannelImpl.bind(Unknown Source)
	at sun.nio.ch.ServerSocketAdaptor.bind(Unknown Source)
	at org.apache.mina.transport.socket.nio.NioSocketAcceptor.open(NioSocketAcceptor.java:198)
	at org.apache.mina.transport.socket.nio.NioSocketAcceptor.open(NioSocketAcceptor.java:51)
	at org.apache.mina.core.polling.AbstractPollingIoAcceptor.registerHandles(AbstractPollingIoAcceptor.java:547)
	at org.apache.mina.core.polling.AbstractPollingIoAcceptor.access$400(AbstractPollingIoAcceptor.java:68)
	at org.apache.mina.core.polling.AbstractPollingIoAcceptor$Acceptor.run(AbstractPollingIoAcceptor.java:422)
	at org.apache.mina.util.NamePreservingRunnable.run(NamePreservingRunnable.java:64)
	at java.util.concurrent.ThreadPoolExecutor.runWorker(Unknown Source)
	at java.util.concurrent.ThreadPoolExecutor$Worker.run(Unknown Source)
	at java.lang.Thread.run(Unknown Source)
[16:14:49][Shutdown Hook] - Shutting down 'user' pool immediately [Shutdown Hook]
[16:14:49][Shutdown Hook] - 'user' pool has been closed down by Shutdown Hook in 13 milliseconds.
[16:14:49][Shutdown Hook] - Shutting down 'data' pool immediately [Shutdown Hook]
[16:14:49][Shutdown Hook] - 'data' pool has been closed down by Shutdown Hook in 10 milliseconds.
[16:14:49][Shutdown Hook] - Stopping Prototyper thread
[16:14:49][Shutdown Hook] - Stopping HouseKeeper thread
[16:14:57][main] - Êú¨ÊúçserverId‰∏∫10001
[16:14:57][main] - ÂàùÂßãÂåñÊï∞ÊçÆÂ∫ìËøûÊé•Ê±†‚Ä¶‚Ä¶
[16:14:57][main] - Proxool 0.9.1 (23-Aug-2008 11:10)
[16:14:57][HouseKeeper] - Proxool statistics legend: "s - r  (a/t/o)" > s=served, r=refused (only shown if non-zero), a=active, t=total, o=offline (being tested)
[16:14:57][main] - socketÂêØÂä®Á´ØÂè£‰∏∫9528,Ê≠£Âú®ÁõëÂê¨ÂÆ¢Êà∑Á´ØÁöÑËøûÊé•
[16:15:05][NioProcessor-2] - /127.0.0.1:23618
[16:15:34][NioProcessor-2] - server exception
java.io.IOException: ËøúÁ®ã‰∏ªÊú∫Âº∫Ëø´ÂÖ≥Èó≠‰∫Ü‰∏Ä‰∏™Áé∞ÊúâÁöÑËøûÊé•„ÄÇ
	at sun.nio.ch.SocketDispatcher.read0(Native Method)
	at sun.nio.ch.SocketDispatcher.read(Unknown Source)
	at sun.nio.ch.IOUtil.readIntoNativeBuffer(Unknown Source)
	at sun.nio.ch.IOUtil.read(Unknown Source)
	at sun.nio.ch.SocketChannelImpl.read(Unknown Source)
	at org.apache.mina.transport.socket.nio.NioProcessor.read(NioProcessor.java:273)
	at org.apache.mina.transport.socket.nio.NioProcessor.read(NioProcessor.java:44)
	at org.apache.mina.core.polling.AbstractPollingIoProcessor.read(AbstractPollingIoProcessor.java:690)
	at org.apache.mina.core.polling.AbstractPollingIoProcessor.process(AbstractPollingIoProcessor.java:664)
	at org.apache.mina.core.polling.AbstractPollingIoProcessor.process(AbstractPollingIoProcessor.java:653)
	at org.apache.mina.core.polling.AbstractPollingIoProcessor.access$600(AbstractPollingIoProcessor.java:67)
	at org.apache.mina.core.polling.AbstractPollingIoProcessor$Processor.run(AbstractPollingIoProcessor.java:1124)
	at org.apache.mina.util.NamePreservingRunnable.run(NamePreservingRunnable.java:64)
	at java.util.concurrent.ThreadPoolExecutor.runWorker(Unknown Source)
	at java.util.concurrent.ThreadPoolExecutor$Worker.run(Unknown Source)
	at java.lang.Thread.run(Unknown Source)
[16:15:43][NioProcessor-3] - /127.0.0.1:23642
[16:16:29][NioProcessor-3] - server exception
java.io.IOException: ËøúÁ®ã‰∏ªÊú∫Âº∫Ëø´ÂÖ≥Èó≠‰∫Ü‰∏Ä‰∏™Áé∞ÊúâÁöÑËøûÊé•„ÄÇ
	at sun.nio.ch.SocketDispatcher.read0(Native Method)
	at sun.nio.ch.SocketDispatcher.read(Unknown Source)
	at sun.nio.ch.IOUtil.readIntoNativeBuffer(Unknown Source)
	at sun.nio.ch.IOUtil.read(Unknown Source)
	at sun.nio.ch.SocketChannelImpl.read(Unknown Source)
	at org.apache.mina.transport.socket.nio.NioProcessor.read(NioProcessor.java:273)
	at org.apache.mina.transport.socket.nio.NioProcessor.read(NioProcessor.java:44)
	at org.apache.mina.core.polling.AbstractPollingIoProcessor.read(AbstractPollingIoProcessor.java:690)
	at org.apache.mina.core.polling.AbstractPollingIoProcessor.process(AbstractPollingIoProcessor.java:664)
	at org.apache.mina.core.polling.AbstractPollingIoProcessor.process(AbstractPollingIoProcessor.java:653)
	at org.apache.mina.core.polling.AbstractPollingIoProcessor.access$600(AbstractPollingIoProcessor.java:67)
	at org.apache.mina.core.polling.AbstractPollingIoProcessor$Processor.run(AbstractPollingIoProcessor.java:1124)
	at org.apache.mina.util.NamePreservingRunnable.run(NamePreservingRunnable.java:64)
	at java.util.concurrent.ThreadPoolExecutor.runWorker(Unknown Source)
	at java.util.concurrent.ThreadPoolExecutor$Worker.run(Unknown Source)
	at java.lang.Thread.run(Unknown Source)
[16:17:53][NioProcessor-4] - /127.0.0.1:23719
[16:18:29][game_server_parent.master.client.ClientStartup.main()] - ±æ∑˛serverIdŒ™10001
[16:18:29][game_server_parent.master.client.ClientStartup.main()] - ø™ º¡¨Ω”socket∑˛ŒÒ∂À{0}
[16:18:29][NioProcessor-1] - /192.168.1.140:23751
[16:19:02][NioProcessor-1] - server exception
org.apache.mina.filter.codec.ProtocolDecoderException: java.lang.ExceptionInInitializerError (Hexdump: 00 00 00 10 00 65 00 01 08 7B 12 08 6B 69 6E 67 73 74 6F 6E)
	at org.apache.mina.filter.codec.ProtocolCodecFilter.messageReceived(ProtocolCodecFilter.java:242)
	at org.apache.mina.core.filterchain.DefaultIoFilterChain.callNextMessageReceived(DefaultIoFilterChain.java:417)
	at org.apache.mina.core.filterchain.DefaultIoFilterChain.access$1200(DefaultIoFilterChain.java:47)
	at org.apache.mina.core.filterchain.DefaultIoFilterChain$EntryImpl$1.messageReceived(DefaultIoFilterChain.java:765)
	at org.apache.mina.core.filterchain.IoFilterAdapter.messageReceived(IoFilterAdapter.java:109)
	at org.apache.mina.core.filterchain.DefaultIoFilterChain.callNextMessageReceived(DefaultIoFilterChain.java:417)
	at org.apache.mina.core.filterchain.DefaultIoFilterChain.fireMessageReceived(DefaultIoFilterChain.java:410)
	at org.apache.mina.core.polling.AbstractPollingIoProcessor.read(AbstractPollingIoProcessor.java:710)
	at org.apache.mina.core.polling.AbstractPollingIoProcessor.process(AbstractPollingIoProcessor.java:664)
	at org.apache.mina.core.polling.AbstractPollingIoProcessor.process(AbstractPollingIoProcessor.java:653)
	at org.apache.mina.core.polling.AbstractPollingIoProcessor.access$600(AbstractPollingIoProcessor.java:67)
	at org.apache.mina.core.polling.AbstractPollingIoProcessor$Processor.run(AbstractPollingIoProcessor.java:1124)
	at org.apache.mina.util.NamePreservingRunnable.run(NamePreservingRunnable.java:64)
	at java.util.concurrent.ThreadPoolExecutor.runWorker(Unknown Source)
	at java.util.concurrent.ThreadPoolExecutor$Worker.run(Unknown Source)
	at java.lang.Thread.run(Unknown Source)
Caused by: java.lang.ExceptionInInitializerError
	at com.baidu.bjf.remoting.protobuf.ProtobufProxy.doCreate(ProtobufProxy.java:285)
	at com.baidu.bjf.remoting.protobuf.ProtobufProxy.create(ProtobufProxy.java:192)
	at com.baidu.bjf.remoting.protobuf.ProtobufProxy.create(ProtobufProxy.java:148)
	at com.baidu.bjf.remoting.protobuf.code.CodedConstant.<clinit>(CodedConstant.java:71)
	at com.baidu.bjf.remoting.protobuf.code.CodeGenerator.getAccessByField(CodeGenerator.java:645)
	at com.baidu.bjf.remoting.protobuf.code.CodeGenerator.getEncodeMethodCode(CodeGenerator.java:493)
	at com.baidu.bjf.remoting.protobuf.code.CodeGenerator.getCode(CodeGenerator.java:171)
	at com.baidu.bjf.remoting.protobuf.ProtobufProxy.doCreate(ProtobufProxy.java:259)
	at com.baidu.bjf.remoting.protobuf.ProtobufProxy.create(ProtobufProxy.java:192)
	at com.baidu.bjf.remoting.protobuf.ProtobufProxy.create(ProtobufProxy.java:148)
	at game_server_parent.master.net.codec.MessageDecoder.readMessage(MessageDecoder.java:94)
	at game_server_parent.master.net.codec.MessageDecoder._decode(MessageDecoder.java:74)
	at game_server_parent.master.net.codec.MessageDecoder.decode(MessageDecoder.java:38)
	at org.apache.mina.filter.codec.ProtocolCodecFilter.messageReceived(ProtocolCodecFilter.java:232)
	... 15 more
Caused by: java.lang.RuntimeException: compiler is null maybe you are on JRE enviroment please change to JDK enviroment.
	at com.baidu.bjf.remoting.protobuf.utils.compiler.JdkCompiler.<init>(JdkCompiler.java:90)
	at com.baidu.bjf.remoting.protobuf.utils.compiler.JdkCompiler.<init>(JdkCompiler.java:80)
	at com.baidu.bjf.remoting.protobuf.utils.JDKCompilerHelper.<clinit>(JDKCompilerHelper.java:32)
	... 29 more
[16:19:29][NioProcessor-1] - server exception
org.apache.mina.filter.codec.ProtocolDecoderException: java.lang.NoClassDefFoundError: Could not initialize class com.baidu.bjf.remoting.protobuf.utils.JDKCompilerHelper (Hexdump: 00 00 00 07 00 65 00 02 08 90 4E 00 00 00 10 00 01 00 01 0A 0A 70 6C 61 79 65 72 4C 76 20 32)
	at org.apache.mina.filter.codec.ProtocolCodecFilter.messageReceived(ProtocolCodecFilter.java:242)
	at org.apache.mina.core.filterchain.DefaultIoFilterChain.callNextMessageReceived(DefaultIoFilterChain.java:417)
	at org.apache.mina.core.filterchain.DefaultIoFilterChain.access$1200(DefaultIoFilterChain.java:47)
	at org.apache.mina.core.filterchain.DefaultIoFilterChain$EntryImpl$1.messageReceived(DefaultIoFilterChain.java:765)
	at org.apache.mina.core.filterchain.IoFilterAdapter.messageReceived(IoFilterAdapter.java:109)
	at org.apache.mina.core.filterchain.DefaultIoFilterChain.callNextMessageReceived(DefaultIoFilterChain.java:417)
	at org.apache.mina.core.filterchain.DefaultIoFilterChain.fireMessageReceived(DefaultIoFilterChain.java:410)
	at org.apache.mina.core.polling.AbstractPollingIoProcessor.read(AbstractPollingIoProcessor.java:710)
	at org.apache.mina.core.polling.AbstractPollingIoProcessor.process(AbstractPollingIoProcessor.java:664)
	at org.apache.mina.core.polling.AbstractPollingIoProcessor.process(AbstractPollingIoProcessor.java:653)
	at org.apache.mina.core.polling.AbstractPollingIoProcessor.access$600(AbstractPollingIoProcessor.java:67)
	at org.apache.mina.core.polling.AbstractPollingIoProcessor$Processor.run(AbstractPollingIoProcessor.java:1124)
	at org.apache.mina.util.NamePreservingRunnable.run(NamePreservingRunnable.java:64)
	at java.util.concurrent.ThreadPoolExecutor.runWorker(Unknown Source)
	at java.util.concurrent.ThreadPoolExecutor$Worker.run(Unknown Source)
	at java.lang.Thread.run(Unknown Source)
Caused by: java.lang.NoClassDefFoundError: Could not initialize class com.baidu.bjf.remoting.protobuf.utils.JDKCompilerHelper
	at com.baidu.bjf.remoting.protobuf.ProtobufProxy.doCreate(ProtobufProxy.java:285)
	at com.baidu.bjf.remoting.protobuf.ProtobufProxy.create(ProtobufProxy.java:192)
	at com.baidu.bjf.remoting.protobuf.ProtobufProxy.create(ProtobufProxy.java:148)
	at game_server_parent.master.net.codec.MessageDecoder.readMessage(MessageDecoder.java:94)
	at game_server_parent.master.net.codec.MessageDecoder._decode(MessageDecoder.java:74)
	at game_server_parent.master.net.codec.MessageDecoder.decode(MessageDecoder.java:38)
	at org.apache.mina.filter.codec.ProtocolCodecFilter.messageReceived(ProtocolCodecFilter.java:232)
	... 15 more
[16:20:01][NioProcessor-1] - server exception
java.io.IOException: ËøúÁ®ã‰∏ªÊú∫Âº∫Ëø´ÂÖ≥Èó≠‰∫Ü‰∏Ä‰∏™Áé∞ÊúâÁöÑËøûÊé•„ÄÇ
	at sun.nio.ch.SocketDispatcher.read0(Native Method)
	at sun.nio.ch.SocketDispatcher.read(Unknown Source)
	at sun.nio.ch.IOUtil.readIntoNativeBuffer(Unknown Source)
	at sun.nio.ch.IOUtil.read(Unknown Source)
	at sun.nio.ch.SocketChannelImpl.read(Unknown Source)
	at org.apache.mina.transport.socket.nio.NioProcessor.read(NioProcessor.java:273)
	at org.apache.mina.transport.socket.nio.NioProcessor.read(NioProcessor.java:44)
	at org.apache.mina.core.polling.AbstractPollingIoProcessor.read(AbstractPollingIoProcessor.java:690)
	at org.apache.mina.core.polling.AbstractPollingIoProcessor.process(AbstractPollingIoProcessor.java:664)
	at org.apache.mina.core.polling.AbstractPollingIoProcessor.process(AbstractPollingIoProcessor.java:653)
	at org.apache.mina.core.polling.AbstractPollingIoProcessor.access$600(AbstractPollingIoProcessor.java:67)
	at org.apache.mina.core.polling.AbstractPollingIoProcessor$Processor.run(AbstractPollingIoProcessor.java:1124)
	at org.apache.mina.util.NamePreservingRunnable.run(NamePreservingRunnable.java:64)
	at java.util.concurrent.ThreadPoolExecutor.runWorker(Unknown Source)
	at java.util.concurrent.ThreadPoolExecutor$Worker.run(Unknown Source)
	at java.lang.Thread.run(Unknown Source)
[16:20:06][game_server_parent.master.client.ClientStartup.main()] - ±æ∑˛serverIdŒ™10001
[16:20:06][game_server_parent.master.client.ClientStartup.main()] - ø™ º¡¨Ω”socket∑˛ŒÒ∂À{0}
[16:20:06][NioProcessor-2] - /192.168.1.140:23811
[16:20:14][NioProcessor-2] - server exception
org.apache.mina.filter.codec.ProtocolDecoderException: java.lang.NoClassDefFoundError: Could not initialize class com.baidu.bjf.remoting.protobuf.utils.JDKCompilerHelper (Hexdump: 00 00 00 10 00 65 00 01 08 7B 12 08 6B 69 6E 67 73 74 6F 6E)
	at org.apache.mina.filter.codec.ProtocolCodecFilter.messageReceived(ProtocolCodecFilter.java:242)
	at org.apache.mina.core.filterchain.DefaultIoFilterChain.callNextMessageReceived(DefaultIoFilterChain.java:417)
	at org.apache.mina.core.filterchain.DefaultIoFilterChain.access$1200(DefaultIoFilterChain.java:47)
	at org.apache.mina.core.filterchain.DefaultIoFilterChain$EntryImpl$1.messageReceived(DefaultIoFilterChain.java:765)
	at org.apache.mina.core.filterchain.IoFilterAdapter.messageReceived(IoFilterAdapter.java:109)
	at org.apache.mina.core.filterchain.DefaultIoFilterChain.callNextMessageReceived(DefaultIoFilterChain.java:417)
	at org.apache.mina.core.filterchain.DefaultIoFilterChain.fireMessageReceived(DefaultIoFilterChain.java:410)
	at org.apache.mina.core.polling.AbstractPollingIoProcessor.read(AbstractPollingIoProcessor.java:710)
	at org.apache.mina.core.polling.AbstractPollingIoProcessor.process(AbstractPollingIoProcessor.java:664)
	at org.apache.mina.core.polling.AbstractPollingIoProcessor.process(AbstractPollingIoProcessor.java:653)
	at org.apache.mina.core.polling.AbstractPollingIoProcessor.access$600(AbstractPollingIoProcessor.java:67)
	at org.apache.mina.core.polling.AbstractPollingIoProcessor$Processor.run(AbstractPollingIoProcessor.java:1124)
	at org.apache.mina.util.NamePreservingRunnable.run(NamePreservingRunnable.java:64)
	at java.util.concurrent.ThreadPoolExecutor.runWorker(Unknown Source)
	at java.util.concurrent.ThreadPoolExecutor$Worker.run(Unknown Source)
	at java.lang.Thread.run(Unknown Source)
Caused by: java.lang.NoClassDefFoundError: Could not initialize class com.baidu.bjf.remoting.protobuf.utils.JDKCompilerHelper
	at com.baidu.bjf.remoting.protobuf.ProtobufProxy.doCreate(ProtobufProxy.java:285)
	at com.baidu.bjf.remoting.protobuf.ProtobufProxy.create(ProtobufProxy.java:192)
	at com.baidu.bjf.remoting.protobuf.ProtobufProxy.create(ProtobufProxy.java:148)
	at game_server_parent.master.net.codec.MessageDecoder.readMessage(MessageDecoder.java:94)
	at game_server_parent.master.net.codec.MessageDecoder._decode(MessageDecoder.java:74)
	at game_server_parent.master.net.codec.MessageDecoder.decode(MessageDecoder.java:38)
	at org.apache.mina.filter.codec.ProtocolCodecFilter.messageReceived(ProtocolCodecFilter.java:232)
	... 15 more
[16:20:16][NioProcessor-2] - server exception
org.apache.mina.filter.codec.ProtocolDecoderException: java.lang.NoClassDefFoundError: Could not initialize class com.baidu.bjf.remoting.protobuf.utils.JDKCompilerHelper (Hexdump: 00 00 00 07 00 65 00 02 08 90 4E 00 00 00 10 00 01 00 01 0A 0A 70 6C 61 79 65 72 4C 76 20 32)
	at org.apache.mina.filter.codec.ProtocolCodecFilter.messageReceived(ProtocolCodecFilter.java:242)
	at org.apache.mina.core.filterchain.DefaultIoFilterChain.callNextMessageReceived(DefaultIoFilterChain.java:417)
	at org.apache.mina.core.filterchain.DefaultIoFilterChain.access$1200(DefaultIoFilterChain.java:47)
	at org.apache.mina.core.filterchain.DefaultIoFilterChain$EntryImpl$1.messageReceived(DefaultIoFilterChain.java:765)
	at org.apache.mina.core.filterchain.IoFilterAdapter.messageReceived(IoFilterAdapter.java:109)
	at org.apache.mina.core.filterchain.DefaultIoFilterChain.callNextMessageReceived(DefaultIoFilterChain.java:417)
	at org.apache.mina.core.filterchain.DefaultIoFilterChain.fireMessageReceived(DefaultIoFilterChain.java:410)
	at org.apache.mina.core.polling.AbstractPollingIoProcessor.read(AbstractPollingIoProcessor.java:710)
	at org.apache.mina.core.polling.AbstractPollingIoProcessor.process(AbstractPollingIoProcessor.java:664)
	at org.apache.mina.core.polling.AbstractPollingIoProcessor.process(AbstractPollingIoProcessor.java:653)
	at org.apache.mina.core.polling.AbstractPollingIoProcessor.access$600(AbstractPollingIoProcessor.java:67)
	at org.apache.mina.core.polling.AbstractPollingIoProcessor$Processor.run(AbstractPollingIoProcessor.java:1124)
	at org.apache.mina.util.NamePreservingRunnable.run(NamePreservingRunnable.java:64)
	at java.util.concurrent.ThreadPoolExecutor.runWorker(Unknown Source)
	at java.util.concurrent.ThreadPoolExecutor$Worker.run(Unknown Source)
	at java.lang.Thread.run(Unknown Source)
Caused by: java.lang.NoClassDefFoundError: Could not initialize class com.baidu.bjf.remoting.protobuf.utils.JDKCompilerHelper
	at com.baidu.bjf.remoting.protobuf.ProtobufProxy.doCreate(ProtobufProxy.java:285)
	at com.baidu.bjf.remoting.protobuf.ProtobufProxy.create(ProtobufProxy.java:192)
	at com.baidu.bjf.remoting.protobuf.ProtobufProxy.create(ProtobufProxy.java:148)
	at game_server_parent.master.net.codec.MessageDecoder.readMessage(MessageDecoder.java:94)
	at game_server_parent.master.net.codec.MessageDecoder._decode(MessageDecoder.java:74)
	at game_server_parent.master.net.codec.MessageDecoder.decode(MessageDecoder.java:38)
	at org.apache.mina.filter.codec.ProtocolCodecFilter.messageReceived(ProtocolCodecFilter.java:232)
	... 15 more
[16:20:43][NioProcessor-4] - server exception
java.io.IOException: ËøúÁ®ã‰∏ªÊú∫Âº∫Ëø´ÂÖ≥Èó≠‰∫Ü‰∏Ä‰∏™Áé∞ÊúâÁöÑËøûÊé•„ÄÇ
	at sun.nio.ch.SocketDispatcher.read0(Native Method)
	at sun.nio.ch.SocketDispatcher.read(Unknown Source)
	at sun.nio.ch.IOUtil.readIntoNativeBuffer(Unknown Source)
	at sun.nio.ch.IOUtil.read(Unknown Source)
	at sun.nio.ch.SocketChannelImpl.read(Unknown Source)
	at org.apache.mina.transport.socket.nio.NioProcessor.read(NioProcessor.java:273)
	at org.apache.mina.transport.socket.nio.NioProcessor.read(NioProcessor.java:44)
	at org.apache.mina.core.polling.AbstractPollingIoProcessor.read(AbstractPollingIoProcessor.java:690)
	at org.apache.mina.core.polling.AbstractPollingIoProcessor.process(AbstractPollingIoProcessor.java:664)
	at org.apache.mina.core.polling.AbstractPollingIoProcessor.process(AbstractPollingIoProcessor.java:653)
	at org.apache.mina.core.polling.AbstractPollingIoProcessor.access$600(AbstractPollingIoProcessor.java:67)
	at org.apache.mina.core.polling.AbstractPollingIoProcessor$Processor.run(AbstractPollingIoProcessor.java:1124)
	at org.apache.mina.util.NamePreservingRunnable.run(NamePreservingRunnable.java:64)
	at java.util.concurrent.ThreadPoolExecutor.runWorker(Unknown Source)
	at java.util.concurrent.ThreadPoolExecutor$Worker.run(Unknown Source)
	at java.lang.Thread.run(Unknown Source)
[16:21:15][NioProcessor-2] - server exception
java.io.IOException: ËøúÁ®ã‰∏ªÊú∫Âº∫Ëø´ÂÖ≥Èó≠‰∫Ü‰∏Ä‰∏™Áé∞ÊúâÁöÑËøûÊé•„ÄÇ
	at sun.nio.ch.SocketDispatcher.read0(Native Method)
	at sun.nio.ch.SocketDispatcher.read(Unknown Source)
	at sun.nio.ch.IOUtil.readIntoNativeBuffer(Unknown Source)
	at sun.nio.ch.IOUtil.read(Unknown Source)
	at sun.nio.ch.SocketChannelImpl.read(Unknown Source)
	at org.apache.mina.transport.socket.nio.NioProcessor.read(NioProcessor.java:273)
	at org.apache.mina.transport.socket.nio.NioProcessor.read(NioProcessor.java:44)
	at org.apache.mina.core.polling.AbstractPollingIoProcessor.read(AbstractPollingIoProcessor.java:690)
	at org.apache.mina.core.polling.AbstractPollingIoProcessor.process(AbstractPollingIoProcessor.java:664)
	at org.apache.mina.core.polling.AbstractPollingIoProcessor.process(AbstractPollingIoProcessor.java:653)
	at org.apache.mina.core.polling.AbstractPollingIoProcessor.access$600(AbstractPollingIoProcessor.java:67)
	at org.apache.mina.core.polling.AbstractPollingIoProcessor$Processor.run(AbstractPollingIoProcessor.java:1124)
	at org.apache.mina.util.NamePreservingRunnable.run(NamePreservingRunnable.java:64)
	at java.util.concurrent.ThreadPoolExecutor.runWorker(Unknown Source)
	at java.util.concurrent.ThreadPoolExecutor$Worker.run(Unknown Source)
	at java.lang.Thread.run(Unknown Source)
[16:21:19][game_server_parent.master.client.ClientStartup.main()] - ±æ∑˛serverIdŒ™10001
[16:21:20][game_server_parent.master.client.ClientStartup.main()] - ø™ º¡¨Ω”socket∑˛ŒÒ∂À{0}
[16:21:20][NioProcessor-3] - /192.168.1.140:23871
[16:21:31][NioProcessor-3] - server exception
org.apache.mina.filter.codec.ProtocolDecoderException: java.lang.NoClassDefFoundError: Could not initialize class com.baidu.bjf.remoting.protobuf.utils.JDKCompilerHelper (Hexdump: 00 00 00 10 00 65 00 01 08 7B 12 08 6B 69 6E 67 73 74 6F 6E)
	at org.apache.mina.filter.codec.ProtocolCodecFilter.messageReceived(ProtocolCodecFilter.java:242)
	at org.apache.mina.core.filterchain.DefaultIoFilterChain.callNextMessageReceived(DefaultIoFilterChain.java:417)
	at org.apache.mina.core.filterchain.DefaultIoFilterChain.access$1200(DefaultIoFilterChain.java:47)
	at org.apache.mina.core.filterchain.DefaultIoFilterChain$EntryImpl$1.messageReceived(DefaultIoFilterChain.java:765)
	at org.apache.mina.core.filterchain.IoFilterAdapter.messageReceived(IoFilterAdapter.java:109)
	at org.apache.mina.core.filterchain.DefaultIoFilterChain.callNextMessageReceived(DefaultIoFilterChain.java:417)
	at org.apache.mina.core.filterchain.DefaultIoFilterChain.fireMessageReceived(DefaultIoFilterChain.java:410)
	at org.apache.mina.core.polling.AbstractPollingIoProcessor.read(AbstractPollingIoProcessor.java:710)
	at org.apache.mina.core.polling.AbstractPollingIoProcessor.process(AbstractPollingIoProcessor.java:664)
	at org.apache.mina.core.polling.AbstractPollingIoProcessor.process(AbstractPollingIoProcessor.java:653)
	at org.apache.mina.core.polling.AbstractPollingIoProcessor.access$600(AbstractPollingIoProcessor.java:67)
	at org.apache.mina.core.polling.AbstractPollingIoProcessor$Processor.run(AbstractPollingIoProcessor.java:1124)
	at org.apache.mina.util.NamePreservingRunnable.run(NamePreservingRunnable.java:64)
	at java.util.concurrent.ThreadPoolExecutor.runWorker(Unknown Source)
	at java.util.concurrent.ThreadPoolExecutor$Worker.run(Unknown Source)
	at java.lang.Thread.run(Unknown Source)
Caused by: java.lang.NoClassDefFoundError: Could not initialize class com.baidu.bjf.remoting.protobuf.utils.JDKCompilerHelper
	at com.baidu.bjf.remoting.protobuf.ProtobufProxy.doCreate(ProtobufProxy.java:285)
	at com.baidu.bjf.remoting.protobuf.ProtobufProxy.create(ProtobufProxy.java:192)
	at com.baidu.bjf.remoting.protobuf.ProtobufProxy.create(ProtobufProxy.java:148)
	at game_server_parent.master.net.codec.MessageDecoder.readMessage(MessageDecoder.java:94)
	at game_server_parent.master.net.codec.MessageDecoder._decode(MessageDecoder.java:74)
	at game_server_parent.master.net.codec.MessageDecoder.decode(MessageDecoder.java:38)
	at org.apache.mina.filter.codec.ProtocolCodecFilter.messageReceived(ProtocolCodecFilter.java:232)
	... 15 more
[16:21:32][NioProcessor-3] - server exception
org.apache.mina.filter.codec.ProtocolDecoderException: java.lang.NoClassDefFoundError: Could not initialize class com.baidu.bjf.remoting.protobuf.utils.JDKCompilerHelper (Hexdump: 00 00 00 07 00 65 00 02 08 90 4E 00 00 00 10 00 01 00 01 0A 0A 70 6C 61 79 65 72 4C 76 20 32)
	at org.apache.mina.filter.codec.ProtocolCodecFilter.messageReceived(ProtocolCodecFilter.java:242)
	at org.apache.mina.core.filterchain.DefaultIoFilterChain.callNextMessageReceived(DefaultIoFilterChain.java:417)
	at org.apache.mina.core.filterchain.DefaultIoFilterChain.access$1200(DefaultIoFilterChain.java:47)
	at org.apache.mina.core.filterchain.DefaultIoFilterChain$EntryImpl$1.messageReceived(DefaultIoFilterChain.java:765)
	at org.apache.mina.core.filterchain.IoFilterAdapter.messageReceived(IoFilterAdapter.java:109)
	at org.apache.mina.core.filterchain.DefaultIoFilterChain.callNextMessageReceived(DefaultIoFilterChain.java:417)
	at org.apache.mina.core.filterchain.DefaultIoFilterChain.fireMessageReceived(DefaultIoFilterChain.java:410)
	at org.apache.mina.core.polling.AbstractPollingIoProcessor.read(AbstractPollingIoProcessor.java:710)
	at org.apache.mina.core.polling.AbstractPollingIoProcessor.process(AbstractPollingIoProcessor.java:664)
	at org.apache.mina.core.polling.AbstractPollingIoProcessor.process(AbstractPollingIoProcessor.java:653)
	at org.apache.mina.core.polling.AbstractPollingIoProcessor.access$600(AbstractPollingIoProcessor.java:67)
	at org.apache.mina.core.polling.AbstractPollingIoProcessor$Processor.run(AbstractPollingIoProcessor.java:1124)
	at org.apache.mina.util.NamePreservingRunnable.run(NamePreservingRunnable.java:64)
	at java.util.concurrent.ThreadPoolExecutor.runWorker(Unknown Source)
	at java.util.concurrent.ThreadPoolExecutor$Worker.run(Unknown Source)
	at java.lang.Thread.run(Unknown Source)
Caused by: java.lang.NoClassDefFoundError: Could not initialize class com.baidu.bjf.remoting.protobuf.utils.JDKCompilerHelper
	at com.baidu.bjf.remoting.protobuf.ProtobufProxy.doCreate(ProtobufProxy.java:285)
	at com.baidu.bjf.remoting.protobuf.ProtobufProxy.create(ProtobufProxy.java:192)
	at com.baidu.bjf.remoting.protobuf.ProtobufProxy.create(ProtobufProxy.java:148)
	at game_server_parent.master.net.codec.MessageDecoder.readMessage(MessageDecoder.java:94)
	at game_server_parent.master.net.codec.MessageDecoder._decode(MessageDecoder.java:74)
	at game_server_parent.master.net.codec.MessageDecoder.decode(MessageDecoder.java:38)
	at org.apache.mina.filter.codec.ProtocolCodecFilter.messageReceived(ProtocolCodecFilter.java:232)
	... 15 more
[16:21:41][NioProcessor-4] - /127.0.0.1:23879
[16:22:54][NioProcessor-4] - server exception
java.io.IOException: ËøúÁ®ã‰∏ªÊú∫Âº∫Ëø´ÂÖ≥Èó≠‰∫Ü‰∏Ä‰∏™Áé∞ÊúâÁöÑËøûÊé•„ÄÇ
	at sun.nio.ch.SocketDispatcher.read0(Native Method)
	at sun.nio.ch.SocketDispatcher.read(Unknown Source)
	at sun.nio.ch.IOUtil.readIntoNativeBuffer(Unknown Source)
	at sun.nio.ch.IOUtil.read(Unknown Source)
	at sun.nio.ch.SocketChannelImpl.read(Unknown Source)
	at org.apache.mina.transport.socket.nio.NioProcessor.read(NioProcessor.java:273)
	at org.apache.mina.transport.socket.nio.NioProcessor.read(NioProcessor.java:44)
	at org.apache.mina.core.polling.AbstractPollingIoProcessor.read(AbstractPollingIoProcessor.java:690)
	at org.apache.mina.core.polling.AbstractPollingIoProcessor.process(AbstractPollingIoProcessor.java:664)
	at org.apache.mina.core.polling.AbstractPollingIoProcessor.process(AbstractPollingIoProcessor.java:653)
	at org.apache.mina.core.polling.AbstractPollingIoProcessor.access$600(AbstractPollingIoProcessor.java:67)
	at org.apache.mina.core.polling.AbstractPollingIoProcessor$Processor.run(AbstractPollingIoProcessor.java:1124)
	at org.apache.mina.util.NamePreservingRunnable.run(NamePreservingRunnable.java:64)
	at java.util.concurrent.ThreadPoolExecutor.runWorker(Unknown Source)
	at java.util.concurrent.ThreadPoolExecutor$Worker.run(Unknown Source)
	at java.lang.Thread.run(Unknown Source)
[16:23:25][NioProcessor-1] - /127.0.0.1:23938
[16:25:06][NioProcessor-1] - server exception
java.io.IOException: ËøúÁ®ã‰∏ªÊú∫Âº∫Ëø´ÂÖ≥Èó≠‰∫Ü‰∏Ä‰∏™Áé∞ÊúâÁöÑËøûÊé•„ÄÇ
	at sun.nio.ch.SocketDispatcher.read0(Native Method)
	at sun.nio.ch.SocketDispatcher.read(Unknown Source)
	at sun.nio.ch.IOUtil.readIntoNativeBuffer(Unknown Source)
	at sun.nio.ch.IOUtil.read(Unknown Source)
	at sun.nio.ch.SocketChannelImpl.read(Unknown Source)
	at org.apache.mina.transport.socket.nio.NioProcessor.read(NioProcessor.java:273)
	at org.apache.mina.transport.socket.nio.NioProcessor.read(NioProcessor.java:44)
	at org.apache.mina.core.polling.AbstractPollingIoProcessor.read(AbstractPollingIoProcessor.java:690)
	at org.apache.mina.core.polling.AbstractPollingIoProcessor.process(AbstractPollingIoProcessor.java:664)
	at org.apache.mina.core.polling.AbstractPollingIoProcessor.process(AbstractPollingIoProcessor.java:653)
	at org.apache.mina.core.polling.AbstractPollingIoProcessor.access$600(AbstractPollingIoProcessor.java:67)
	at org.apache.mina.core.polling.AbstractPollingIoProcessor$Processor.run(AbstractPollingIoProcessor.java:1124)
	at org.apache.mina.util.NamePreservingRunnable.run(NamePreservingRunnable.java:64)
	at java.util.concurrent.ThreadPoolExecutor.runWorker(Unknown Source)
	at java.util.concurrent.ThreadPoolExecutor$Worker.run(Unknown Source)
	at java.lang.Thread.run(Unknown Source)
[16:29:10][NioProcessor-2] - /127.0.0.1:24259
[16:29:25][NioProcessor-2] - server exception
java.io.IOException: ËøúÁ®ã‰∏ªÊú∫Âº∫Ëø´ÂÖ≥Èó≠‰∫Ü‰∏Ä‰∏™Áé∞ÊúâÁöÑËøûÊé•„ÄÇ
	at sun.nio.ch.SocketDispatcher.read0(Native Method)
	at sun.nio.ch.SocketDispatcher.read(Unknown Source)
	at sun.nio.ch.IOUtil.readIntoNativeBuffer(Unknown Source)
	at sun.nio.ch.IOUtil.read(Unknown Source)
	at sun.nio.ch.SocketChannelImpl.read(Unknown Source)
	at org.apache.mina.transport.socket.nio.NioProcessor.read(NioProcessor.java:273)
	at org.apache.mina.transport.socket.nio.NioProcessor.read(NioProcessor.java:44)
	at org.apache.mina.core.polling.AbstractPollingIoProcessor.read(AbstractPollingIoProcessor.java:690)
	at org.apache.mina.core.polling.AbstractPollingIoProcessor.process(AbstractPollingIoProcessor.java:664)
	at org.apache.mina.core.polling.AbstractPollingIoProcessor.process(AbstractPollingIoProcessor.java:653)
	at org.apache.mina.core.polling.AbstractPollingIoProcessor.access$600(AbstractPollingIoProcessor.java:67)
	at org.apache.mina.core.polling.AbstractPollingIoProcessor$Processor.run(AbstractPollingIoProcessor.java:1124)
	at org.apache.mina.util.NamePreservingRunnable.run(NamePreservingRunnable.java:64)
	at java.util.concurrent.ThreadPoolExecutor.runWorker(Unknown Source)
	at java.util.concurrent.ThreadPoolExecutor$Worker.run(Unknown Source)
	at java.lang.Thread.run(Unknown Source)
[16:31:18][NioProcessor-3] - /127.0.0.1:24334
[16:31:26][NioProcessor-3] - server exception
java.io.IOException: ËøúÁ®ã‰∏ªÊú∫Âº∫Ëø´ÂÖ≥Èó≠‰∫Ü‰∏Ä‰∏™Áé∞ÊúâÁöÑËøûÊé•„ÄÇ
	at sun.nio.ch.SocketDispatcher.read0(Native Method)
	at sun.nio.ch.SocketDispatcher.read(Unknown Source)
	at sun.nio.ch.IOUtil.readIntoNativeBuffer(Unknown Source)
	at sun.nio.ch.IOUtil.read(Unknown Source)
	at sun.nio.ch.SocketChannelImpl.read(Unknown Source)
	at org.apache.mina.transport.socket.nio.NioProcessor.read(NioProcessor.java:273)
	at org.apache.mina.transport.socket.nio.NioProcessor.read(NioProcessor.java:44)
	at org.apache.mina.core.polling.AbstractPollingIoProcessor.read(AbstractPollingIoProcessor.java:690)
	at org.apache.mina.core.polling.AbstractPollingIoProcessor.process(AbstractPollingIoProcessor.java:664)
	at org.apache.mina.core.polling.AbstractPollingIoProcessor.process(AbstractPollingIoProcessor.java:653)
	at org.apache.mina.core.polling.AbstractPollingIoProcessor.access$600(AbstractPollingIoProcessor.java:67)
	at org.apache.mina.core.polling.AbstractPollingIoProcessor$Processor.run(AbstractPollingIoProcessor.java:1124)
	at org.apache.mina.util.NamePreservingRunnable.run(NamePreservingRunnable.java:64)
	at java.util.concurrent.ThreadPoolExecutor.runWorker(Unknown Source)
	at java.util.concurrent.ThreadPoolExecutor$Worker.run(Unknown Source)
	at java.lang.Thread.run(Unknown Source)
[16:31:30][NioProcessor-4] - /127.0.0.1:24347
[16:31:55][NioProcessor-4] - server exception
java.io.IOException: ËøúÁ®ã‰∏ªÊú∫Âº∫Ëø´ÂÖ≥Èó≠‰∫Ü‰∏Ä‰∏™Áé∞ÊúâÁöÑËøûÊé•„ÄÇ
	at sun.nio.ch.SocketDispatcher.read0(Native Method)
	at sun.nio.ch.SocketDispatcher.read(Unknown Source)
	at sun.nio.ch.IOUtil.readIntoNativeBuffer(Unknown Source)
	at sun.nio.ch.IOUtil.read(Unknown Source)
	at sun.nio.ch.SocketChannelImpl.read(Unknown Source)
	at org.apache.mina.transport.socket.nio.NioProcessor.read(NioProcessor.java:273)
	at org.apache.mina.transport.socket.nio.NioProcessor.read(NioProcessor.java:44)
	at org.apache.mina.core.polling.AbstractPollingIoProcessor.read(AbstractPollingIoProcessor.java:690)
	at org.apache.mina.core.polling.AbstractPollingIoProcessor.process(AbstractPollingIoProcessor.java:664)
	at org.apache.mina.core.polling.AbstractPollingIoProcessor.process(AbstractPollingIoProcessor.java:653)
	at org.apache.mina.core.polling.AbstractPollingIoProcessor.access$600(AbstractPollingIoProcessor.java:67)
	at org.apache.mina.core.polling.AbstractPollingIoProcessor$Processor.run(AbstractPollingIoProcessor.java:1124)
	at org.apache.mina.util.NamePreservingRunnable.run(NamePreservingRunnable.java:64)
	at java.util.concurrent.ThreadPoolExecutor.runWorker(Unknown Source)
	at java.util.concurrent.ThreadPoolExecutor$Worker.run(Unknown Source)
	at java.lang.Thread.run(Unknown Source)
[16:39:16][NioProcessor-1] - /127.0.0.1:24707
[16:39:55][NioProcessor-1] - server exception
java.io.IOException: ËøúÁ®ã‰∏ªÊú∫Âº∫Ëø´ÂÖ≥Èó≠‰∫Ü‰∏Ä‰∏™Áé∞ÊúâÁöÑËøûÊé•„ÄÇ
	at sun.nio.ch.SocketDispatcher.read0(Native Method)
	at sun.nio.ch.SocketDispatcher.read(Unknown Source)
	at sun.nio.ch.IOUtil.readIntoNativeBuffer(Unknown Source)
	at sun.nio.ch.IOUtil.read(Unknown Source)
	at sun.nio.ch.SocketChannelImpl.read(Unknown Source)
	at org.apache.mina.transport.socket.nio.NioProcessor.read(NioProcessor.java:273)
	at org.apache.mina.transport.socket.nio.NioProcessor.read(NioProcessor.java:44)
	at org.apache.mina.core.polling.AbstractPollingIoProcessor.read(AbstractPollingIoProcessor.java:690)
	at org.apache.mina.core.polling.AbstractPollingIoProcessor.process(AbstractPollingIoProcessor.java:664)
	at org.apache.mina.core.polling.AbstractPollingIoProcessor.process(AbstractPollingIoProcessor.java:653)
	at org.apache.mina.core.polling.AbstractPollingIoProcessor.access$600(AbstractPollingIoProcessor.java:67)
	at org.apache.mina.core.polling.AbstractPollingIoProcessor$Processor.run(AbstractPollingIoProcessor.java:1124)
	at org.apache.mina.util.NamePreservingRunnable.run(NamePreservingRunnable.java:64)
	at java.util.concurrent.ThreadPoolExecutor.runWorker(Unknown Source)
	at java.util.concurrent.ThreadPoolExecutor$Worker.run(Unknown Source)
	at java.lang.Thread.run(Unknown Source)
[16:42:25][NioProcessor-2] - /127.0.0.1:24815
[16:42:42][NioProcessor-2] - server exception
org.apache.mina.filter.codec.ProtocolDecoderException: java.lang.NullPointerException: Parameter cls is null (Hexdump: 00 00 00 29 00 00 00 00 0A 12 50 72 6F 74 6F 42 75 66 5F 4C 6F 67 69 63 44 61 74 61 12 0F 50 72 6F 74 6F 42 75 66 5F 31 32 33 34 35 36)
	at org.apache.mina.filter.codec.ProtocolCodecFilter.messageReceived(ProtocolCodecFilter.java:242)
	at org.apache.mina.core.filterchain.DefaultIoFilterChain.callNextMessageReceived(DefaultIoFilterChain.java:417)
	at org.apache.mina.core.filterchain.DefaultIoFilterChain.access$1200(DefaultIoFilterChain.java:47)
	at org.apache.mina.core.filterchain.DefaultIoFilterChain$EntryImpl$1.messageReceived(DefaultIoFilterChain.java:765)
	at org.apache.mina.core.filterchain.IoFilterAdapter.messageReceived(IoFilterAdapter.java:109)
	at org.apache.mina.core.filterchain.DefaultIoFilterChain.callNextMessageReceived(DefaultIoFilterChain.java:417)
	at org.apache.mina.core.filterchain.DefaultIoFilterChain.fireMessageReceived(DefaultIoFilterChain.java:410)
	at org.apache.mina.core.polling.AbstractPollingIoProcessor.read(AbstractPollingIoProcessor.java:710)
	at org.apache.mina.core.polling.AbstractPollingIoProcessor.process(AbstractPollingIoProcessor.java:664)
	at org.apache.mina.core.polling.AbstractPollingIoProcessor.process(AbstractPollingIoProcessor.java:653)
	at org.apache.mina.core.polling.AbstractPollingIoProcessor.access$600(AbstractPollingIoProcessor.java:67)
	at org.apache.mina.core.polling.AbstractPollingIoProcessor$Processor.run(AbstractPollingIoProcessor.java:1124)
	at org.apache.mina.util.NamePreservingRunnable.run(NamePreservingRunnable.java:64)
	at java.util.concurrent.ThreadPoolExecutor.runWorker(Unknown Source)
	at java.util.concurrent.ThreadPoolExecutor$Worker.run(Unknown Source)
	at java.lang.Thread.run(Unknown Source)
Caused by: java.lang.NullPointerException: Parameter cls is null
	at com.baidu.bjf.remoting.protobuf.ProtobufProxy.doCreate(ProtobufProxy.java:220)
	at com.baidu.bjf.remoting.protobuf.ProtobufProxy.create(ProtobufProxy.java:192)
	at com.baidu.bjf.remoting.protobuf.ProtobufProxy.create(ProtobufProxy.java:148)
	at game_server_parent.master.net.codec.MessageDecoder.readMessage(MessageDecoder.java:94)
	at game_server_parent.master.net.codec.MessageDecoder._decode(MessageDecoder.java:74)
	at game_server_parent.master.net.codec.MessageDecoder.decode(MessageDecoder.java:38)
	at org.apache.mina.filter.codec.ProtocolCodecFilter.messageReceived(ProtocolCodecFilter.java:232)
	... 15 more
[16:42:55][NioProcessor-2] - client exception
java.io.IOException: ‘∂≥Ã÷˜ª˙«ø∆»πÿ±’¡À“ª∏ˆœ÷”–µƒ¡¨Ω”°£
	at sun.nio.ch.SocketDispatcher.read0(Native Method)
	at sun.nio.ch.SocketDispatcher.read(Unknown Source)
	at sun.nio.ch.IOUtil.readIntoNativeBuffer(Unknown Source)
	at sun.nio.ch.IOUtil.read(Unknown Source)
	at sun.nio.ch.SocketChannelImpl.read(Unknown Source)
	at org.apache.mina.transport.socket.nio.NioProcessor.read(NioProcessor.java:273)
	at org.apache.mina.transport.socket.nio.NioProcessor.read(NioProcessor.java:44)
	at org.apache.mina.core.polling.AbstractPollingIoProcessor.read(AbstractPollingIoProcessor.java:690)
	at org.apache.mina.core.polling.AbstractPollingIoProcessor.process(AbstractPollingIoProcessor.java:664)
	at org.apache.mina.core.polling.AbstractPollingIoProcessor.process(AbstractPollingIoProcessor.java:653)
	at org.apache.mina.core.polling.AbstractPollingIoProcessor.access$600(AbstractPollingIoProcessor.java:67)
	at org.apache.mina.core.polling.AbstractPollingIoProcessor$Processor.run(AbstractPollingIoProcessor.java:1124)
	at org.apache.mina.util.NamePreservingRunnable.run(NamePreservingRunnable.java:64)
	at java.util.concurrent.ThreadPoolExecutor.runWorker(Unknown Source)
	at java.util.concurrent.ThreadPoolExecutor$Worker.run(Unknown Source)
	at java.lang.Thread.run(Unknown Source)
[16:43:06][game_server_parent.master.ServerStartup.main()] - ±æ∑˛serverIdŒ™10001
[16:43:06][game_server_parent.master.ServerStartup.main()] - ≥ı ºªØ ˝æ›ø‚¡¨Ω”≥ÿ°≠°≠
[16:43:06][game_server_parent.master.ServerStartup.main()] - Proxool 0.9.1 (23-Aug-2008 11:10)
[16:43:06][HouseKeeper] - Proxool statistics legend: "s - r  (a/t/o)" > s=served, r=refused (only shown if non-zero), a=active, t=total, o=offline (being tested)
[16:43:07][game_server_parent.master.ServerStartup.main()] - socket∆Ù∂Ø∂Àø⁄Œ™9528,’˝‘⁄º‡Ã˝øÕªß∂Àµƒ¡¨Ω”
[16:43:14][NioProcessor-2] - /127.0.0.1:24866
[16:43:14][NioProcessor-2] - server exception
org.apache.mina.filter.codec.ProtocolDecoderException: java.lang.NullPointerException: Parameter cls is null (Hexdump: 00 00 00 29 00 00 00 00 0A 12 50 72 6F 74 6F 42 75 66 5F 4C 6F 67 69 63 44 61 74 61 12 0F 50 72 6F 74 6F 42 75 66 5F 31 32 33 34 35 36)
	at org.apache.mina.filter.codec.ProtocolCodecFilter.messageReceived(ProtocolCodecFilter.java:242)
	at org.apache.mina.core.filterchain.DefaultIoFilterChain.callNextMessageReceived(DefaultIoFilterChain.java:417)
	at org.apache.mina.core.filterchain.DefaultIoFilterChain.access$1200(DefaultIoFilterChain.java:47)
	at org.apache.mina.core.filterchain.DefaultIoFilterChain$EntryImpl$1.messageReceived(DefaultIoFilterChain.java:765)
	at org.apache.mina.core.filterchain.IoFilterAdapter.messageReceived(IoFilterAdapter.java:109)
	at org.apache.mina.core.filterchain.DefaultIoFilterChain.callNextMessageReceived(DefaultIoFilterChain.java:417)
	at org.apache.mina.core.filterchain.DefaultIoFilterChain.fireMessageReceived(DefaultIoFilterChain.java:410)
	at org.apache.mina.core.polling.AbstractPollingIoProcessor.read(AbstractPollingIoProcessor.java:710)
	at org.apache.mina.core.polling.AbstractPollingIoProcessor.process(AbstractPollingIoProcessor.java:664)
	at org.apache.mina.core.polling.AbstractPollingIoProcessor.process(AbstractPollingIoProcessor.java:653)
	at org.apache.mina.core.polling.AbstractPollingIoProcessor.access$600(AbstractPollingIoProcessor.java:67)
	at org.apache.mina.core.polling.AbstractPollingIoProcessor$Processor.run(AbstractPollingIoProcessor.java:1124)
	at org.apache.mina.util.NamePreservingRunnable.run(NamePreservingRunnable.java:64)
	at java.util.concurrent.ThreadPoolExecutor.runWorker(Unknown Source)
	at java.util.concurrent.ThreadPoolExecutor$Worker.run(Unknown Source)
	at java.lang.Thread.run(Unknown Source)
Caused by: java.lang.NullPointerException: Parameter cls is null
	at com.baidu.bjf.remoting.protobuf.ProtobufProxy.doCreate(ProtobufProxy.java:220)
	at com.baidu.bjf.remoting.protobuf.ProtobufProxy.create(ProtobufProxy.java:192)
	at com.baidu.bjf.remoting.protobuf.ProtobufProxy.create(ProtobufProxy.java:148)
	at game_server_parent.master.net.codec.MessageDecoder.readMessage(MessageDecoder.java:94)
	at game_server_parent.master.net.codec.MessageDecoder._decode(MessageDecoder.java:74)
	at game_server_parent.master.net.codec.MessageDecoder.decode(MessageDecoder.java:38)
	at org.apache.mina.filter.codec.ProtocolCodecFilter.messageReceived(ProtocolCodecFilter.java:232)
	... 15 more
[16:44:10][game_server_parent.master.client.ClientStartup.main()] - ±æ∑˛serverIdŒ™10001
[16:44:10][game_server_parent.master.client.ClientStartup.main()] - ø™ º¡¨Ω”socket∑˛ŒÒ∂À{0}
[16:44:10][NioProcessor-3] - /192.168.1.140:24902
[16:44:12][NioProcessor-3] -  ’µΩœ˚œ¢-->ReqLoginMessage [accountId=123, password=kingston]
[16:44:12][NioProcessor-3] -  ’µΩœ˚œ¢-->ReqSelectPlayerMessage [playerId=10000]
[16:44:14][NioProcessor-3] -  ’µΩœ˚œ¢-->ReqGmExecMessage [command=playerLv 2]
[16:44:18][NioProcessor-3] - server exception
java.io.IOException: ‘∂≥Ã÷˜ª˙«ø∆»πÿ±’¡À“ª∏ˆœ÷”–µƒ¡¨Ω”°£
	at sun.nio.ch.SocketDispatcher.read0(Native Method)
	at sun.nio.ch.SocketDispatcher.read(Unknown Source)
	at sun.nio.ch.IOUtil.readIntoNativeBuffer(Unknown Source)
	at sun.nio.ch.IOUtil.read(Unknown Source)
	at sun.nio.ch.SocketChannelImpl.read(Unknown Source)
	at org.apache.mina.transport.socket.nio.NioProcessor.read(NioProcessor.java:273)
	at org.apache.mina.transport.socket.nio.NioProcessor.read(NioProcessor.java:44)
	at org.apache.mina.core.polling.AbstractPollingIoProcessor.read(AbstractPollingIoProcessor.java:690)
	at org.apache.mina.core.polling.AbstractPollingIoProcessor.process(AbstractPollingIoProcessor.java:664)
	at org.apache.mina.core.polling.AbstractPollingIoProcessor.process(AbstractPollingIoProcessor.java:653)
	at org.apache.mina.core.polling.AbstractPollingIoProcessor.access$600(AbstractPollingIoProcessor.java:67)
	at org.apache.mina.core.polling.AbstractPollingIoProcessor$Processor.run(AbstractPollingIoProcessor.java:1124)
	at org.apache.mina.util.NamePreservingRunnable.run(NamePreservingRunnable.java:64)
	at java.util.concurrent.ThreadPoolExecutor.runWorker(Unknown Source)
	at java.util.concurrent.ThreadPoolExecutor$Worker.run(Unknown Source)
	at java.lang.Thread.run(Unknown Source)
[16:45:46][NioProcessor-2] - server exception
java.io.IOException: ‘∂≥Ã÷˜ª˙«ø∆»πÿ±’¡À“ª∏ˆœ÷”–µƒ¡¨Ω”°£
	at sun.nio.ch.SocketDispatcher.read0(Native Method)
	at sun.nio.ch.SocketDispatcher.read(Unknown Source)
	at sun.nio.ch.IOUtil.readIntoNativeBuffer(Unknown Source)
	at sun.nio.ch.IOUtil.read(Unknown Source)
	at sun.nio.ch.SocketChannelImpl.read(Unknown Source)
	at org.apache.mina.transport.socket.nio.NioProcessor.read(NioProcessor.java:273)
	at org.apache.mina.transport.socket.nio.NioProcessor.read(NioProcessor.java:44)
	at org.apache.mina.core.polling.AbstractPollingIoProcessor.read(AbstractPollingIoProcessor.java:690)
	at org.apache.mina.core.polling.AbstractPollingIoProcessor.process(AbstractPollingIoProcessor.java:664)
	at org.apache.mina.core.polling.AbstractPollingIoProcessor.process(AbstractPollingIoProcessor.java:653)
	at org.apache.mina.core.polling.AbstractPollingIoProcessor.access$600(AbstractPollingIoProcessor.java:67)
	at org.apache.mina.core.polling.AbstractPollingIoProcessor$Processor.run(AbstractPollingIoProcessor.java:1124)
	at org.apache.mina.util.NamePreservingRunnable.run(NamePreservingRunnable.java:64)
	at java.util.concurrent.ThreadPoolExecutor.runWorker(Unknown Source)
	at java.util.concurrent.ThreadPoolExecutor$Worker.run(Unknown Source)
	at java.lang.Thread.run(Unknown Source)
[16:46:51][NioProcessor-4] - /127.0.0.1:25034
[16:46:51][NioProcessor-4] - server exception
org.apache.mina.filter.codec.ProtocolDecoderException: java.lang.NullPointerException: Parameter cls is null (Hexdump: 00 00 00 29 00 00 00 00 36 35 34 33 32 31 5F 66 75 42 6F 74 6F 72 50 0F 12 61 74 61 44 63 69 67 6F 4C 5F 66 75 42 6F 74 6F 72 50 12 0A)
	at org.apache.mina.filter.codec.ProtocolCodecFilter.messageReceived(ProtocolCodecFilter.java:242)
	at org.apache.mina.core.filterchain.DefaultIoFilterChain.callNextMessageReceived(DefaultIoFilterChain.java:417)
	at org.apache.mina.core.filterchain.DefaultIoFilterChain.access$1200(DefaultIoFilterChain.java:47)
	at org.apache.mina.core.filterchain.DefaultIoFilterChain$EntryImpl$1.messageReceived(DefaultIoFilterChain.java:765)
	at org.apache.mina.core.filterchain.IoFilterAdapter.messageReceived(IoFilterAdapter.java:109)
	at org.apache.mina.core.filterchain.DefaultIoFilterChain.callNextMessageReceived(DefaultIoFilterChain.java:417)
	at org.apache.mina.core.filterchain.DefaultIoFilterChain.fireMessageReceived(DefaultIoFilterChain.java:410)
	at org.apache.mina.core.polling.AbstractPollingIoProcessor.read(AbstractPollingIoProcessor.java:710)
	at org.apache.mina.core.polling.AbstractPollingIoProcessor.process(AbstractPollingIoProcessor.java:664)
	at org.apache.mina.core.polling.AbstractPollingIoProcessor.process(AbstractPollingIoProcessor.java:653)
	at org.apache.mina.core.polling.AbstractPollingIoProcessor.access$600(AbstractPollingIoProcessor.java:67)
	at org.apache.mina.core.polling.AbstractPollingIoProcessor$Processor.run(AbstractPollingIoProcessor.java:1124)
	at org.apache.mina.util.NamePreservingRunnable.run(NamePreservingRunnable.java:64)
	at java.util.concurrent.ThreadPoolExecutor.runWorker(Unknown Source)
	at java.util.concurrent.ThreadPoolExecutor$Worker.run(Unknown Source)
	at java.lang.Thread.run(Unknown Source)
Caused by: java.lang.NullPointerException: Parameter cls is null
	at com.baidu.bjf.remoting.protobuf.ProtobufProxy.doCreate(ProtobufProxy.java:220)
	at com.baidu.bjf.remoting.protobuf.ProtobufProxy.create(ProtobufProxy.java:192)
	at com.baidu.bjf.remoting.protobuf.ProtobufProxy.create(ProtobufProxy.java:148)
	at game_server_parent.master.net.codec.MessageDecoder.readMessage(MessageDecoder.java:94)
	at game_server_parent.master.net.codec.MessageDecoder._decode(MessageDecoder.java:74)
	at game_server_parent.master.net.codec.MessageDecoder.decode(MessageDecoder.java:38)
	at org.apache.mina.filter.codec.ProtocolCodecFilter.messageReceived(ProtocolCodecFilter.java:232)
	... 15 more
[16:46:59][NioProcessor-4] - server exception
java.io.IOException: ‘∂≥Ã÷˜ª˙«ø∆»πÿ±’¡À“ª∏ˆœ÷”–µƒ¡¨Ω”°£
	at sun.nio.ch.SocketDispatcher.read0(Native Method)
	at sun.nio.ch.SocketDispatcher.read(Unknown Source)
	at sun.nio.ch.IOUtil.readIntoNativeBuffer(Unknown Source)
	at sun.nio.ch.IOUtil.read(Unknown Source)
	at sun.nio.ch.SocketChannelImpl.read(Unknown Source)
	at org.apache.mina.transport.socket.nio.NioProcessor.read(NioProcessor.java:273)
	at org.apache.mina.transport.socket.nio.NioProcessor.read(NioProcessor.java:44)
	at org.apache.mina.core.polling.AbstractPollingIoProcessor.read(AbstractPollingIoProcessor.java:690)
	at org.apache.mina.core.polling.AbstractPollingIoProcessor.process(AbstractPollingIoProcessor.java:664)
	at org.apache.mina.core.polling.AbstractPollingIoProcessor.process(AbstractPollingIoProcessor.java:653)
	at org.apache.mina.core.polling.AbstractPollingIoProcessor.access$600(AbstractPollingIoProcessor.java:67)
	at org.apache.mina.core.polling.AbstractPollingIoProcessor$Processor.run(AbstractPollingIoProcessor.java:1124)
	at org.apache.mina.util.NamePreservingRunnable.run(NamePreservingRunnable.java:64)
	at java.util.concurrent.ThreadPoolExecutor.runWorker(Unknown Source)
	at java.util.concurrent.ThreadPoolExecutor$Worker.run(Unknown Source)
	at java.lang.Thread.run(Unknown Source)
[16:49:31][NioProcessor-1] - /127.0.0.1:25119
[16:49:31][NioProcessor-1] - server exception
org.apache.mina.filter.codec.ProtocolDecoderException: java.lang.NullPointerException: Parameter cls is null (Hexdump: 00 00 00 29 00 00 00 00 36 35 34 33 32 31 5F 66 75 42 6F 74 6F 72 50 0F 12 61 74 61 44 63 69 67 6F 4C 5F 66 75 42 6F 74 6F 72 50 12 0A)
	at org.apache.mina.filter.codec.ProtocolCodecFilter.messageReceived(ProtocolCodecFilter.java:242)
	at org.apache.mina.core.filterchain.DefaultIoFilterChain.callNextMessageReceived(DefaultIoFilterChain.java:417)
	at org.apache.mina.core.filterchain.DefaultIoFilterChain.access$1200(DefaultIoFilterChain.java:47)
	at org.apache.mina.core.filterchain.DefaultIoFilterChain$EntryImpl$1.messageReceived(DefaultIoFilterChain.java:765)
	at org.apache.mina.core.filterchain.IoFilterAdapter.messageReceived(IoFilterAdapter.java:109)
	at org.apache.mina.core.filterchain.DefaultIoFilterChain.callNextMessageReceived(DefaultIoFilterChain.java:417)
	at org.apache.mina.core.filterchain.DefaultIoFilterChain.fireMessageReceived(DefaultIoFilterChain.java:410)
	at org.apache.mina.core.polling.AbstractPollingIoProcessor.read(AbstractPollingIoProcessor.java:710)
	at org.apache.mina.core.polling.AbstractPollingIoProcessor.process(AbstractPollingIoProcessor.java:664)
	at org.apache.mina.core.polling.AbstractPollingIoProcessor.process(AbstractPollingIoProcessor.java:653)
	at org.apache.mina.core.polling.AbstractPollingIoProcessor.access$600(AbstractPollingIoProcessor.java:67)
	at org.apache.mina.core.polling.AbstractPollingIoProcessor$Processor.run(AbstractPollingIoProcessor.java:1124)
	at org.apache.mina.util.NamePreservingRunnable.run(NamePreservingRunnable.java:64)
	at java.util.concurrent.ThreadPoolExecutor.runWorker(Unknown Source)
	at java.util.concurrent.ThreadPoolExecutor$Worker.run(Unknown Source)
	at java.lang.Thread.run(Unknown Source)
Caused by: java.lang.NullPointerException: Parameter cls is null
	at com.baidu.bjf.remoting.protobuf.ProtobufProxy.doCreate(ProtobufProxy.java:220)
	at com.baidu.bjf.remoting.protobuf.ProtobufProxy.create(ProtobufProxy.java:192)
	at com.baidu.bjf.remoting.protobuf.ProtobufProxy.create(ProtobufProxy.java:148)
	at game_server_parent.master.net.codec.MessageDecoder.readMessage(MessageDecoder.java:94)
	at game_server_parent.master.net.codec.MessageDecoder._decode(MessageDecoder.java:74)
	at game_server_parent.master.net.codec.MessageDecoder.decode(MessageDecoder.java:38)
	at org.apache.mina.filter.codec.ProtocolCodecFilter.messageReceived(ProtocolCodecFilter.java:232)
	... 15 more
[16:49:53][NioProcessor-1] - server exception
java.io.IOException: ‘∂≥Ã÷˜ª˙«ø∆»πÿ±’¡À“ª∏ˆœ÷”–µƒ¡¨Ω”°£
	at sun.nio.ch.SocketDispatcher.read0(Native Method)
	at sun.nio.ch.SocketDispatcher.read(Unknown Source)
	at sun.nio.ch.IOUtil.readIntoNativeBuffer(Unknown Source)
	at sun.nio.ch.IOUtil.read(Unknown Source)
	at sun.nio.ch.SocketChannelImpl.read(Unknown Source)
	at org.apache.mina.transport.socket.nio.NioProcessor.read(NioProcessor.java:273)
	at org.apache.mina.transport.socket.nio.NioProcessor.read(NioProcessor.java:44)
	at org.apache.mina.core.polling.AbstractPollingIoProcessor.read(AbstractPollingIoProcessor.java:690)
	at org.apache.mina.core.polling.AbstractPollingIoProcessor.process(AbstractPollingIoProcessor.java:664)
	at org.apache.mina.core.polling.AbstractPollingIoProcessor.process(AbstractPollingIoProcessor.java:653)
	at org.apache.mina.core.polling.AbstractPollingIoProcessor.access$600(AbstractPollingIoProcessor.java:67)
	at org.apache.mina.core.polling.AbstractPollingIoProcessor$Processor.run(AbstractPollingIoProcessor.java:1124)
	at org.apache.mina.util.NamePreservingRunnable.run(NamePreservingRunnable.java:64)
	at java.util.concurrent.ThreadPoolExecutor.runWorker(Unknown Source)
	at java.util.concurrent.ThreadPoolExecutor$Worker.run(Unknown Source)
	at java.lang.Thread.run(Unknown Source)
[16:50:47][NioProcessor-2] - /127.0.0.1:25157
[16:51:00][NioProcessor-2] - server exception
java.io.IOException: ‘∂≥Ã÷˜ª˙«ø∆»πÿ±’¡À“ª∏ˆœ÷”–µƒ¡¨Ω”°£
	at sun.nio.ch.SocketDispatcher.read0(Native Method)
	at sun.nio.ch.SocketDispatcher.read(Unknown Source)
	at sun.nio.ch.IOUtil.readIntoNativeBuffer(Unknown Source)
	at sun.nio.ch.IOUtil.read(Unknown Source)
	at sun.nio.ch.SocketChannelImpl.read(Unknown Source)
	at org.apache.mina.transport.socket.nio.NioProcessor.read(NioProcessor.java:273)
	at org.apache.mina.transport.socket.nio.NioProcessor.read(NioProcessor.java:44)
	at org.apache.mina.core.polling.AbstractPollingIoProcessor.read(AbstractPollingIoProcessor.java:690)
	at org.apache.mina.core.polling.AbstractPollingIoProcessor.process(AbstractPollingIoProcessor.java:664)
	at org.apache.mina.core.polling.AbstractPollingIoProcessor.process(AbstractPollingIoProcessor.java:653)
	at org.apache.mina.core.polling.AbstractPollingIoProcessor.access$600(AbstractPollingIoProcessor.java:67)
	at org.apache.mina.core.polling.AbstractPollingIoProcessor$Processor.run(AbstractPollingIoProcessor.java:1124)
	at org.apache.mina.util.NamePreservingRunnable.run(NamePreservingRunnable.java:64)
	at java.util.concurrent.ThreadPoolExecutor.runWorker(Unknown Source)
	at java.util.concurrent.ThreadPoolExecutor$Worker.run(Unknown Source)
	at java.lang.Thread.run(Unknown Source)
[16:54:24][Shutdown Hook] - Shutting down 'data' pool immediately [Shutdown Hook]
[16:54:24][Shutdown Hook] - 'data' pool has been closed down by Shutdown Hook in 10 milliseconds.
[16:54:24][Shutdown Hook] - Shutting down 'user' pool immediately [Shutdown Hook]
[16:54:24][Shutdown Hook] - 'user' pool has been closed down by Shutdown Hook in 11 milliseconds.
[16:54:24][Shutdown Hook] - Stopping Prototyper thread
[16:54:24][Shutdown Hook] - Stopping HouseKeeper thread
[16:54:41][main] - Êú¨ÊúçserverId‰∏∫10001
[16:54:41][main] - ÂàùÂßãÂåñÊï∞ÊçÆÂ∫ìËøûÊé•Ê±†‚Ä¶‚Ä¶
[16:54:41][main] - Proxool 0.9.1 (23-Aug-2008 11:10)
[16:54:41][HouseKeeper] - Proxool statistics legend: "s - r  (a/t/o)" > s=served, r=refused (only shown if non-zero), a=active, t=total, o=offline (being tested)
[16:54:42][main] - socketÂêØÂä®Á´ØÂè£‰∏∫9528,Ê≠£Âú®ÁõëÂê¨ÂÆ¢Êà∑Á´ØÁöÑËøûÊé•
[16:54:49][NioProcessor-2] - /127.0.0.1:25294
[16:55:04][NioProcessor-2] - server exception
java.io.IOException: ËøúÁ®ã‰∏ªÊú∫Âº∫Ëø´ÂÖ≥Èó≠‰∫Ü‰∏Ä‰∏™Áé∞ÊúâÁöÑËøûÊé•„ÄÇ
	at sun.nio.ch.SocketDispatcher.read0(Native Method)
	at sun.nio.ch.SocketDispatcher.read(Unknown Source)
	at sun.nio.ch.IOUtil.readIntoNativeBuffer(Unknown Source)
	at sun.nio.ch.IOUtil.read(Unknown Source)
	at sun.nio.ch.SocketChannelImpl.read(Unknown Source)
	at org.apache.mina.transport.socket.nio.NioProcessor.read(NioProcessor.java:273)
	at org.apache.mina.transport.socket.nio.NioProcessor.read(NioProcessor.java:44)
	at org.apache.mina.core.polling.AbstractPollingIoProcessor.read(AbstractPollingIoProcessor.java:690)
	at org.apache.mina.core.polling.AbstractPollingIoProcessor.process(AbstractPollingIoProcessor.java:664)
	at org.apache.mina.core.polling.AbstractPollingIoProcessor.process(AbstractPollingIoProcessor.java:653)
	at org.apache.mina.core.polling.AbstractPollingIoProcessor.access$600(AbstractPollingIoProcessor.java:67)
	at org.apache.mina.core.polling.AbstractPollingIoProcessor$Processor.run(AbstractPollingIoProcessor.java:1124)
	at org.apache.mina.util.NamePreservingRunnable.run(NamePreservingRunnable.java:64)
	at java.util.concurrent.ThreadPoolExecutor.runWorker(Unknown Source)
	at java.util.concurrent.ThreadPoolExecutor$Worker.run(Unknown Source)
	at java.lang.Thread.run(Unknown Source)
[16:55:36][NioProcessor-3] - /127.0.0.1:25319
[16:56:24][NioProcessor-3] - server exception
org.apache.mina.filter.codec.ProtocolDecoderException: java.lang.NullPointerException: Parameter cls is null (Hexdump: 00 00 00 29 00 00 00 00 36 35 34 33 32 31 5F 66 75 42 6F 74 6F 72 50 0F 12 61 74 61 44 63 69 67 6F 4C 5F 66 75 42 6F 74 6F 72 50 12 0A)
	at org.apache.mina.filter.codec.ProtocolCodecFilter.messageReceived(ProtocolCodecFilter.java:242)
	at org.apache.mina.core.filterchain.DefaultIoFilterChain.callNextMessageReceived(DefaultIoFilterChain.java:417)
	at org.apache.mina.core.filterchain.DefaultIoFilterChain.access$1200(DefaultIoFilterChain.java:47)
	at org.apache.mina.core.filterchain.DefaultIoFilterChain$EntryImpl$1.messageReceived(DefaultIoFilterChain.java:765)
	at org.apache.mina.core.filterchain.IoFilterAdapter.messageReceived(IoFilterAdapter.java:109)
	at org.apache.mina.core.filterchain.DefaultIoFilterChain.callNextMessageReceived(DefaultIoFilterChain.java:417)
	at org.apache.mina.core.filterchain.DefaultIoFilterChain.fireMessageReceived(DefaultIoFilterChain.java:410)
	at org.apache.mina.core.polling.AbstractPollingIoProcessor.read(AbstractPollingIoProcessor.java:710)
	at org.apache.mina.core.polling.AbstractPollingIoProcessor.process(AbstractPollingIoProcessor.java:664)
	at org.apache.mina.core.polling.AbstractPollingIoProcessor.process(AbstractPollingIoProcessor.java:653)
	at org.apache.mina.core.polling.AbstractPollingIoProcessor.access$600(AbstractPollingIoProcessor.java:67)
	at org.apache.mina.core.polling.AbstractPollingIoProcessor$Processor.run(AbstractPollingIoProcessor.java:1124)
	at org.apache.mina.util.NamePreservingRunnable.run(NamePreservingRunnable.java:64)
	at java.util.concurrent.ThreadPoolExecutor.runWorker(Unknown Source)
	at java.util.concurrent.ThreadPoolExecutor$Worker.run(Unknown Source)
	at java.lang.Thread.run(Unknown Source)
Caused by: java.lang.NullPointerException: Parameter cls is null
	at com.baidu.bjf.remoting.protobuf.ProtobufProxy.doCreate(ProtobufProxy.java:220)
	at com.baidu.bjf.remoting.protobuf.ProtobufProxy.create(ProtobufProxy.java:192)
	at com.baidu.bjf.remoting.protobuf.ProtobufProxy.create(ProtobufProxy.java:148)
	at game_server_parent.master.net.codec.MessageDecoder.readMessage(MessageDecoder.java:94)
	at game_server_parent.master.net.codec.MessageDecoder._decode(MessageDecoder.java:74)
	at game_server_parent.master.net.codec.MessageDecoder.decode(MessageDecoder.java:38)
	at org.apache.mina.filter.codec.ProtocolCodecFilter.messageReceived(ProtocolCodecFilter.java:232)
	... 15 more
[16:56:45][main] - Êú¨ÊúçserverId‰∏∫10001
[16:56:46][main] - ÂàùÂßãÂåñÊï∞ÊçÆÂ∫ìËøûÊé•Ê±†‚Ä¶‚Ä¶
[16:56:46][main] - Proxool 0.9.1 (23-Aug-2008 11:10)
[16:56:46][HouseKeeper] - Proxool statistics legend: "s - r  (a/t/o)" > s=served, r=refused (only shown if non-zero), a=active, t=total, o=offline (being tested)
[16:56:46][main] - socketÂêØÂä®Á´ØÂè£‰∏∫9528,Ê≠£Âú®ÁõëÂê¨ÂÆ¢Êà∑Á´ØÁöÑËøûÊé•
[16:56:56][NioProcessor-2] - /127.0.0.1:25378
[16:56:59][NioProcessor-2] - ËØªÂèñÊ∂àÊÅØÂá∫Èîô,Ê®°ÂùóÂè∑0ÔºåÁ±ªÂûã0,ÂºÇÂ∏∏{}
java.lang.NullPointerException: Parameter cls is null
	at com.baidu.bjf.remoting.protobuf.ProtobufProxy.doCreate(ProtobufProxy.java:220)
	at com.baidu.bjf.remoting.protobuf.ProtobufProxy.create(ProtobufProxy.java:192)
	at com.baidu.bjf.remoting.protobuf.ProtobufProxy.create(ProtobufProxy.java:148)
	at game_server_parent.master.net.codec.MessageDecoder.readMessage(MessageDecoder.java:94)
	at game_server_parent.master.net.codec.MessageDecoder._decode(MessageDecoder.java:74)
	at game_server_parent.master.net.codec.MessageDecoder.decode(MessageDecoder.java:38)
	at org.apache.mina.filter.codec.ProtocolCodecFilter.messageReceived(ProtocolCodecFilter.java:232)
	at org.apache.mina.core.filterchain.DefaultIoFilterChain.callNextMessageReceived(DefaultIoFilterChain.java:417)
	at org.apache.mina.core.filterchain.DefaultIoFilterChain.access$1200(DefaultIoFilterChain.java:47)
	at org.apache.mina.core.filterchain.DefaultIoFilterChain$EntryImpl$1.messageReceived(DefaultIoFilterChain.java:765)
	at org.apache.mina.core.filterchain.IoFilterAdapter.messageReceived(IoFilterAdapter.java:109)
	at org.apache.mina.core.filterchain.DefaultIoFilterChain.callNextMessageReceived(DefaultIoFilterChain.java:417)
	at org.apache.mina.core.filterchain.DefaultIoFilterChain.fireMessageReceived(DefaultIoFilterChain.java:410)
	at org.apache.mina.core.polling.AbstractPollingIoProcessor.read(AbstractPollingIoProcessor.java:710)
	at org.apache.mina.core.polling.AbstractPollingIoProcessor.process(AbstractPollingIoProcessor.java:664)
	at org.apache.mina.core.polling.AbstractPollingIoProcessor.process(AbstractPollingIoProcessor.java:653)
	at org.apache.mina.core.polling.AbstractPollingIoProcessor.access$600(AbstractPollingIoProcessor.java:67)
	at org.apache.mina.core.polling.AbstractPollingIoProcessor$Processor.run(AbstractPollingIoProcessor.java:1124)
	at org.apache.mina.util.NamePreservingRunnable.run(NamePreservingRunnable.java:64)
	at java.util.concurrent.ThreadPoolExecutor.runWorker(Unknown Source)
	at java.util.concurrent.ThreadPoolExecutor$Worker.run(Unknown Source)
	at java.lang.Thread.run(Unknown Source)
[16:56:59][NioProcessor-2] - server exception
org.apache.mina.filter.codec.ProtocolDecoderException: java.lang.IllegalArgumentException: message (Hexdump: 00 00 00 29 00 00 00 00 36 35 34 33 32 31 5F 66 75 42 6F 74 6F 72 50 0F 12 61 74 61 44 63 69 67 6F 4C 5F 66 75 42 6F 74 6F 72 50 12 0A)
	at org.apache.mina.filter.codec.ProtocolCodecFilter.messageReceived(ProtocolCodecFilter.java:242)
	at org.apache.mina.core.filterchain.DefaultIoFilterChain.callNextMessageReceived(DefaultIoFilterChain.java:417)
	at org.apache.mina.core.filterchain.DefaultIoFilterChain.access$1200(DefaultIoFilterChain.java:47)
	at org.apache.mina.core.filterchain.DefaultIoFilterChain$EntryImpl$1.messageReceived(DefaultIoFilterChain.java:765)
	at org.apache.mina.core.filterchain.IoFilterAdapter.messageReceived(IoFilterAdapter.java:109)
	at org.apache.mina.core.filterchain.DefaultIoFilterChain.callNextMessageReceived(DefaultIoFilterChain.java:417)
	at org.apache.mina.core.filterchain.DefaultIoFilterChain.fireMessageReceived(DefaultIoFilterChain.java:410)
	at org.apache.mina.core.polling.AbstractPollingIoProcessor.read(AbstractPollingIoProcessor.java:710)
	at org.apache.mina.core.polling.AbstractPollingIoProcessor.process(AbstractPollingIoProcessor.java:664)
	at org.apache.mina.core.polling.AbstractPollingIoProcessor.process(AbstractPollingIoProcessor.java:653)
	at org.apache.mina.core.polling.AbstractPollingIoProcessor.access$600(AbstractPollingIoProcessor.java:67)
	at org.apache.mina.core.polling.AbstractPollingIoProcessor$Processor.run(AbstractPollingIoProcessor.java:1124)
	at org.apache.mina.util.NamePreservingRunnable.run(NamePreservingRunnable.java:64)
	at java.util.concurrent.ThreadPoolExecutor.runWorker(Unknown Source)
	at java.util.concurrent.ThreadPoolExecutor$Worker.run(Unknown Source)
	at java.lang.Thread.run(Unknown Source)
Caused by: java.lang.IllegalArgumentException: message
	at org.apache.mina.filter.codec.AbstractProtocolDecoderOutput.write(AbstractProtocolDecoderOutput.java:43)
	at game_server_parent.master.net.codec.MessageDecoder._decode(MessageDecoder.java:75)
	at game_server_parent.master.net.codec.MessageDecoder.decode(MessageDecoder.java:38)
	at org.apache.mina.filter.codec.ProtocolCodecFilter.messageReceived(ProtocolCodecFilter.java:232)
	... 15 more
[16:59:43][NioProcessor-2] - server exception
java.io.IOException: ËøúÁ®ã‰∏ªÊú∫Âº∫Ëø´ÂÖ≥Èó≠‰∫Ü‰∏Ä‰∏™Áé∞ÊúâÁöÑËøûÊé•„ÄÇ
	at sun.nio.ch.SocketDispatcher.read0(Native Method)
	at sun.nio.ch.SocketDispatcher.read(Unknown Source)
	at sun.nio.ch.IOUtil.readIntoNativeBuffer(Unknown Source)
	at sun.nio.ch.IOUtil.read(Unknown Source)
	at sun.nio.ch.SocketChannelImpl.read(Unknown Source)
	at org.apache.mina.transport.socket.nio.NioProcessor.read(NioProcessor.java:273)
	at org.apache.mina.transport.socket.nio.NioProcessor.read(NioProcessor.java:44)
	at org.apache.mina.core.polling.AbstractPollingIoProcessor.read(AbstractPollingIoProcessor.java:690)
	at org.apache.mina.core.polling.AbstractPollingIoProcessor.process(AbstractPollingIoProcessor.java:664)
	at org.apache.mina.core.polling.AbstractPollingIoProcessor.process(AbstractPollingIoProcessor.java:653)
	at org.apache.mina.core.polling.AbstractPollingIoProcessor.access$600(AbstractPollingIoProcessor.java:67)
	at org.apache.mina.core.polling.AbstractPollingIoProcessor$Processor.run(AbstractPollingIoProcessor.java:1124)
	at org.apache.mina.util.NamePreservingRunnable.run(NamePreservingRunnable.java:64)
	at java.util.concurrent.ThreadPoolExecutor.runWorker(Unknown Source)
	at java.util.concurrent.ThreadPoolExecutor$Worker.run(Unknown Source)
	at java.lang.Thread.run(Unknown Source)
[16:59:54][NioProcessor-3] - /127.0.0.1:25456
[16:59:59][NioProcessor-3] - ËØªÂèñÊ∂àÊÅØÂá∫Èîô,Ê®°ÂùóÂè∑0ÔºåÁ±ªÂûã0,ÂºÇÂ∏∏{}
java.lang.NullPointerException: Parameter cls is null
	at com.baidu.bjf.remoting.protobuf.ProtobufProxy.doCreate(ProtobufProxy.java:220)
	at com.baidu.bjf.remoting.protobuf.ProtobufProxy.create(ProtobufProxy.java:192)
	at com.baidu.bjf.remoting.protobuf.ProtobufProxy.create(ProtobufProxy.java:148)
	at game_server_parent.master.net.codec.MessageDecoder.readMessage(MessageDecoder.java:94)
	at game_server_parent.master.net.codec.MessageDecoder._decode(MessageDecoder.java:74)
	at game_server_parent.master.net.codec.MessageDecoder.decode(MessageDecoder.java:38)
	at org.apache.mina.filter.codec.ProtocolCodecFilter.messageReceived(ProtocolCodecFilter.java:232)
	at org.apache.mina.core.filterchain.DefaultIoFilterChain.callNextMessageReceived(DefaultIoFilterChain.java:417)
	at org.apache.mina.core.filterchain.DefaultIoFilterChain.access$1200(DefaultIoFilterChain.java:47)
	at org.apache.mina.core.filterchain.DefaultIoFilterChain$EntryImpl$1.messageReceived(DefaultIoFilterChain.java:765)
	at org.apache.mina.core.filterchain.IoFilterAdapter.messageReceived(IoFilterAdapter.java:109)
	at org.apache.mina.core.filterchain.DefaultIoFilterChain.callNextMessageReceived(DefaultIoFilterChain.java:417)
	at org.apache.mina.core.filterchain.DefaultIoFilterChain.fireMessageReceived(DefaultIoFilterChain.java:410)
	at org.apache.mina.core.polling.AbstractPollingIoProcessor.read(AbstractPollingIoProcessor.java:710)
	at org.apache.mina.core.polling.AbstractPollingIoProcessor.process(AbstractPollingIoProcessor.java:664)
	at org.apache.mina.core.polling.AbstractPollingIoProcessor.process(AbstractPollingIoProcessor.java:653)
	at org.apache.mina.core.polling.AbstractPollingIoProcessor.access$600(AbstractPollingIoProcessor.java:67)
	at org.apache.mina.core.polling.AbstractPollingIoProcessor$Processor.run(AbstractPollingIoProcessor.java:1124)
	at org.apache.mina.util.NamePreservingRunnable.run(NamePreservingRunnable.java:64)
	at java.util.concurrent.ThreadPoolExecutor.runWorker(Unknown Source)
	at java.util.concurrent.ThreadPoolExecutor$Worker.run(Unknown Source)
	at java.lang.Thread.run(Unknown Source)
[16:59:59][NioProcessor-3] - server exception
org.apache.mina.filter.codec.ProtocolDecoderException: java.lang.IllegalArgumentException: message (Hexdump: 00 00 00 29 00 00 00 00 36 35 34 33 32 31 5F 66 75 42 6F 74 6F 72 50 0F 12 61 74 61 44 63 69 67 6F 4C 5F 66 75 42 6F 74 6F 72 50 12 0A)
	at org.apache.mina.filter.codec.ProtocolCodecFilter.messageReceived(ProtocolCodecFilter.java:242)
	at org.apache.mina.core.filterchain.DefaultIoFilterChain.callNextMessageReceived(DefaultIoFilterChain.java:417)
	at org.apache.mina.core.filterchain.DefaultIoFilterChain.access$1200(DefaultIoFilterChain.java:47)
	at org.apache.mina.core.filterchain.DefaultIoFilterChain$EntryImpl$1.messageReceived(DefaultIoFilterChain.java:765)
	at org.apache.mina.core.filterchain.IoFilterAdapter.messageReceived(IoFilterAdapter.java:109)
	at org.apache.mina.core.filterchain.DefaultIoFilterChain.callNextMessageReceived(DefaultIoFilterChain.java:417)
	at org.apache.mina.core.filterchain.DefaultIoFilterChain.fireMessageReceived(DefaultIoFilterChain.java:410)
	at org.apache.mina.core.polling.AbstractPollingIoProcessor.read(AbstractPollingIoProcessor.java:710)
	at org.apache.mina.core.polling.AbstractPollingIoProcessor.process(AbstractPollingIoProcessor.java:664)
	at org.apache.mina.core.polling.AbstractPollingIoProcessor.process(AbstractPollingIoProcessor.java:653)
	at org.apache.mina.core.polling.AbstractPollingIoProcessor.access$600(AbstractPollingIoProcessor.java:67)
	at org.apache.mina.core.polling.AbstractPollingIoProcessor$Processor.run(AbstractPollingIoProcessor.java:1124)
	at org.apache.mina.util.NamePreservingRunnable.run(NamePreservingRunnable.java:64)
	at java.util.concurrent.ThreadPoolExecutor.runWorker(Unknown Source)
	at java.util.concurrent.ThreadPoolExecutor$Worker.run(Unknown Source)
	at java.lang.Thread.run(Unknown Source)
Caused by: java.lang.IllegalArgumentException: message
	at org.apache.mina.filter.codec.AbstractProtocolDecoderOutput.write(AbstractProtocolDecoderOutput.java:43)
	at game_server_parent.master.net.codec.MessageDecoder._decode(MessageDecoder.java:75)
	at game_server_parent.master.net.codec.MessageDecoder.decode(MessageDecoder.java:38)
	at org.apache.mina.filter.codec.ProtocolCodecFilter.messageReceived(ProtocolCodecFilter.java:232)
	... 15 more
