[15:22:18][game_server_parent.master.ServerStartup.main()] - socketÆô¶¯¶Ë¿ÚÎª0,ÕıÔÚ¼àÌı¿Í»§¶ËµÄÁ¬½Ó
[15:26:57][game_server_parent.master.ServerStartup.main()] - socketÆô¶¯¶Ë¿ÚÎª0,ÕıÔÚ¼àÌı¿Í»§¶ËµÄÁ¬½Ó
[15:42:34][main] - Can't open configuration file.
java.io.FileNotFoundException: E:\Users\zjj\workspace\master\targetconfigs\server.xml (ç³»ç»Ÿæ‰¾ä¸åˆ°æŒ‡å®šçš„è·¯å¾„ã€‚)
	at java.io.FileInputStream.open(Native Method)
	at java.io.FileInputStream.<init>(FileInputStream.java:146)
	at java.io.FileInputStream.<init>(FileInputStream.java:101)
	at sun.net.www.protocol.file.FileURLConnection.connect(FileURLConnection.java:90)
	at sun.net.www.protocol.file.FileURLConnection.getInputStream(FileURLConnection.java:188)
	at com.sun.org.apache.xerces.internal.impl.XMLEntityManager.setupCurrentEntity(XMLEntityManager.java:613)
	at com.sun.org.apache.xerces.internal.impl.XMLVersionDetector.determineDocVersion(XMLVersionDetector.java:189)
	at com.sun.org.apache.xerces.internal.parsers.XML11Configuration.parse(XML11Configuration.java:812)
	at com.sun.org.apache.xerces.internal.parsers.XML11Configuration.parse(XML11Configuration.java:777)
	at com.sun.org.apache.xerces.internal.parsers.XMLParser.parse(XMLParser.java:141)
	at com.sun.org.apache.xerces.internal.parsers.DOMParser.parse(DOMParser.java:243)
	at com.sun.org.apache.xerces.internal.jaxp.DocumentBuilderImpl.parse(DocumentBuilderImpl.java:347)
	at javax.xml.parsers.DocumentBuilder.parse(DocumentBuilder.java:177)
	at game_server_parent.master.utils.XmlUtils.loadConfigFile(XmlUtils.java:36)
	at game_server_parent.master.utils.XmlUtils.loadConfigRootElement(XmlUtils.java:55)
	at game_server_parent.master.ServerConfig.initFromConfigFile(ServerConfig.java:38)
	at game_server_parent.master.ServerConfig.main(ServerConfig.java:57)
