[17:02:35][main] - 本服serverId为10001,后台端口为8080
[17:02:35][main] - 初始化数据库连接池……
[17:02:35][main] - Proxool 0.9.1 (23-Aug-2008 11:10)
[17:02:35][HouseKeeper] - Proxool statistics legend: "s - r  (a/t/o)" > s=served, r=refused (only shown if non-zero), a=active, t=total, o=offline (being tested)
[17:02:35][main] - socket启动端口为9528,正在监听客户端的连接
[17:02:36][main] - 游戏服务启动，耗时[955]毫秒
[17:02:47][NioProcessor-2] - 打开一个客户端连接/127.0.0.1:49497
[17:02:55][NioProcessor-2] - 收到消息-->ReqLoginMessage [accountId=10000, password=winturn]
[17:03:12][NioProcessor-2] - 收到消息-->ReqKapaiUpdateMessage [kapais count=2]
[17:03:12][message-task-handler-thread-1] - KapaiListener捕捉到事件EventKapaiUpdate [playerId=10000,eventType=KAPAI_UPDATE]
[17:04:02][NioProcessor-2] - 收到消息-->ReqKapaiUpdateMessage [kapais count=2]
[17:04:02][message-task-handler-thread-1] - KapaiListener捕捉到事件EventKapaiUpdate [playerId=10000,eventType=KAPAI_UPDATE]
[17:12:41][main] - 本服serverId为10001,后台端口为8080
[17:12:41][main] - 初始化数据库连接池……
[17:12:41][main] - Proxool 0.9.1 (23-Aug-2008 11:10)
[17:12:41][HouseKeeper] - Proxool statistics legend: "s - r  (a/t/o)" > s=served, r=refused (only shown if non-zero), a=active, t=total, o=offline (being tested)
[17:12:42][main] - socket启动端口为9528,正在监听客户端的连接
[17:12:42][main] - 游戏服务启动，耗时[951]毫秒
[17:12:53][NioProcessor-2] - 打开一个客户端连接/127.0.0.1:49790
[17:13:06][NioProcessor-2] - 收到消息-->ReqKapaiUpdateMessage [kapais count=2]
[17:13:10][NioProcessor-2] - 收到消息-->ReqKapaiUpdateMessage [kapais count=2]
[17:13:15][NioProcessor-2] - 客户端连接错误/127.0.0.1:49790， server exception 远程主机强迫关闭了一个现有的连接。
[17:13:15][NioProcessor-2] - 客户端/127.0.0.1:49790 断开连接
[17:13:21][NioProcessor-3] - 打开一个客户端连接/127.0.0.1:49802
[17:13:31][NioProcessor-3] - 收到消息-->ReqLoginMessage [accountId=10000, password=winturn]
[17:13:43][NioProcessor-3] - 收到消息-->ReqKapaiUpdateMessage [kapais count=2]
[17:13:43][message-task-handler-thread-1] - KapaiListener捕捉到事件EventKapaiUpdate [playerId=10000,eventType=KAPAI_UPDATE]
[17:18:14][main] - 本服serverId为10001,后台端口为8080
[17:18:14][main] - 初始化数据库连接池……
[17:18:14][main] - Proxool 0.9.1 (23-Aug-2008 11:10)
[17:18:14][HouseKeeper] - Proxool statistics legend: "s - r  (a/t/o)" > s=served, r=refused (only shown if non-zero), a=active, t=total, o=offline (being tested)
[17:18:15][main] - socket启动端口为9528,正在监听客户端的连接
[17:18:15][main] - 游戏服务启动，耗时[908]毫秒
[17:18:25][NioProcessor-2] - 打开一个客户端连接/127.0.0.1:49969
[17:18:28][NioProcessor-2] - 收到消息-->ReqLoginMessage [accountId=10000, password=winturn]
[17:18:37][NioProcessor-2] - 收到消息-->ReqKapaiUpdateMessage [kapais count=2]
[17:18:37][message-task-handler-thread-1] - KapaiListener捕捉到事件EventKapaiUpdate [playerId=10000,eventType=KAPAI_UPDATE]
[17:21:24][db-save-service-thread-1] - [save] UPDATE kapai SET `player_id` = '10000', `kapai_id` = '10007', `xingji` = '1', `id` = '2815129898714333196', `s_dengji` = '2', `bingzhong` = '1011', `pinzhi` = '1', `dalei` = '1', `jiachengbi` = '0', `jingyan` = '100' WHERE 1=1 AND `id` = '2815129898714333196'
[17:24:29][main] - 本服serverId为10001,后台端口为8080
[17:24:29][main] - 服务启动报错
game_server_parent.master.orm.OrmConfigExcpetion: Kapai entity 没有查询索引主键字段
	at game_server_parent.master.orm.OrmProcessor.createBridge(OrmProcessor.java:78)
	at game_server_parent.master.orm.OrmProcessor.initOrmBridges(OrmProcessor.java:38)
	at game_server_parent.master.GameServer.frameworkStart(GameServer.java:80)
	at game_server_parent.master.GameServer.start(GameServer.java:55)
	at game_server_parent.master.ServerStartup.main(ServerStartup.java:24)
[17:24:29][Thread-1] - 游戏进程准备关闭
[17:26:39][main] - 本服serverId为10001,后台端口为8080
[17:26:39][main] - 服务启动报错
game_server_parent.master.orm.OrmConfigExcpetion: Kapai entity 没有查询索引主键字段
	at game_server_parent.master.orm.OrmProcessor.createBridge(OrmProcessor.java:78)
	at game_server_parent.master.orm.OrmProcessor.initOrmBridges(OrmProcessor.java:38)
	at game_server_parent.master.GameServer.frameworkStart(GameServer.java:80)
	at game_server_parent.master.GameServer.start(GameServer.java:55)
	at game_server_parent.master.ServerStartup.main(ServerStartup.java:24)
[17:26:39][Thread-1] - 游戏进程准备关闭
[17:27:09][main] - 本服serverId为10001,后台端口为8080
[17:28:16][main] - 服务启动报错
game_server_parent.master.orm.OrmConfigExcpetion: Kapai entity 没有查询索引主键字段
	at game_server_parent.master.orm.OrmProcessor.createBridge(OrmProcessor.java:78)
	at game_server_parent.master.orm.OrmProcessor.initOrmBridges(OrmProcessor.java:38)
	at game_server_parent.master.GameServer.frameworkStart(GameServer.java:80)
	at game_server_parent.master.GameServer.start(GameServer.java:55)
	at game_server_parent.master.ServerStartup.main(ServerStartup.java:24)
[17:28:16][Thread-1] - 游戏进程准备关闭
[17:28:20][main] - 本服serverId为10001,后台端口为8080
[17:29:59][main] - 服务启动报错
game_server_parent.master.orm.OrmConfigExcpetion: Kapai entity 没有查询索引主键字段
	at game_server_parent.master.orm.OrmProcessor.createBridge(OrmProcessor.java:78)
	at game_server_parent.master.orm.OrmProcessor.initOrmBridges(OrmProcessor.java:38)
	at game_server_parent.master.GameServer.frameworkStart(GameServer.java:80)
	at game_server_parent.master.GameServer.start(GameServer.java:55)
	at game_server_parent.master.ServerStartup.main(ServerStartup.java:24)
[17:29:59][Thread-1] - 游戏进程准备关闭
[17:30:54][main] - 本服serverId为10001,后台端口为8080
[17:31:09][main] - 初始化数据库连接池……
[17:31:09][main] - Proxool 0.9.1 (23-Aug-2008 11:10)
[17:31:09][HouseKeeper] - Proxool statistics legend: "s - r  (a/t/o)" > s=served, r=refused (only shown if non-zero), a=active, t=total, o=offline (being tested)
[17:31:10][main] - socket启动端口为9528,正在监听客户端的连接
[17:31:10][main] - 游戏服务启动，耗时[16443]毫秒
[17:31:17][NioProcessor-2] - 打开一个客户端连接/127.0.0.1:50354
[17:31:20][NioProcessor-2] - 收到消息-->ReqLoginMessage [accountId=10000, password=winturn]
[17:32:18][NioProcessor-2] - 收到消息-->ReqKapaiUpdateMessage [kapais count=2]
[17:32:18][message-task-handler-thread-1] - KapaiListener捕捉到事件EventKapaiUpdate [playerId=10000,eventType=KAPAI_UPDATE]
[17:32:57][db-save-service-thread-1] - [save] UPDATE kapai SET `player_id` = '10000', `kapai_id` = '10007', `xingji` = '1', `id` = '2815129898767876108', `s_dengji` = '2', `bingzhong` = '1011', `pinzhi` = '1', `dalei` = '1', `jiachengbi` = '0', `jingyan` = '100' WHERE 1=1 AND `kapai_id` = '10007'
[17:49:35][main] - 本服serverId为10001,后台端口为8080
[17:49:35][main] - 初始化数据库连接池……
[17:49:35][main] - Proxool 0.9.1 (23-Aug-2008 11:10)
[17:49:35][HouseKeeper] - Proxool statistics legend: "s - r  (a/t/o)" > s=served, r=refused (only shown if non-zero), a=active, t=total, o=offline (being tested)
[17:49:35][main] - socket启动端口为9528,正在监听客户端的连接
[17:49:35][main] - 游戏服务启动，耗时[888]毫秒
[17:49:42][NioProcessor-2] - 打开一个客户端连接/127.0.0.1:51260
[17:49:47][NioProcessor-2] - 收到消息-->ReqLoginMessage [accountId=10000, password=winturn]
[17:49:59][NioProcessor-2] - 收到消息-->ReqKapaiUpdateMessage [kapais count=2]
[17:49:59][message-task-handler-thread-1] - KapaiListener捕捉到事件EventKapaiUpdate [playerId=10000,eventType=KAPAI_UPDATE]
[17:49:59][db-save-service-thread-1] - [save] UPDATE kapai SET `player_id` = '10000', `kapai_id` = '10000', `xingji` = '1', `id` = '2815129898837278732', `s_dengji` = '2', `bingzhong` = '1011', `pinzhi` = '1', `dalei` = '1', `jiachengbi` = '0', `jingyan` = '70' WHERE 1=1 AND `kapai_id` = '10000'
[17:51:23][NioProcessor-2] - 客户端连接错误/127.0.0.1:51260， server exception 远程主机强迫关闭了一个现有的连接。
[17:51:23][NioProcessor-2] - 客户端/127.0.0.1:51260 断开连接
[17:51:50][NioProcessor-3] - 打开一个客户端连接/127.0.0.1:51338
[17:51:53][NioProcessor-3] - 收到消息-->ReqLoginMessage [accountId=10000, password=winturn]
[17:52:30][NioProcessor-3] - 收到消息-->ReqKapaiUpdateMessage [kapais count=2]
[17:52:30][message-task-handler-thread-1] - KapaiListener捕捉到事件EventKapaiUpdate [playerId=10000,eventType=KAPAI_UPDATE]
[17:52:30][db-save-service-thread-1] - [save] UPDATE kapai SET `player_id` = '10000', `kapai_id` = '10000', `xingji` = '1', `id` = '2815129898837278732', `s_dengji` = '3', `bingzhong` = '1011', `pinzhi` = '1', `dalei` = '1', `jiachengbi` = '0', `jingyan` = '140' WHERE 1=1 AND `kapai_id` = '10000'
[17:54:36][NioProcessor-3] - 收到消息-->ReqKapaiUpdateMessage [kapais count=2]
[17:54:36][message-task-handler-thread-1] - KapaiListener捕捉到事件EventKapaiUpdate [playerId=10000,eventType=KAPAI_UPDATE]
[17:54:36][db-save-service-thread-1] - [save] UPDATE kapai SET `player_id` = '10000', `kapai_id` = '10001', `xingji` = '2', `id` = '2815129898855432218', `s_dengji` = '2', `bingzhong` = '1012', `pinzhi` = '2', `dalei` = '2', `jiachengbi` = '0', `jingyan` = '70' WHERE 1=1 AND `kapai_id` = '10001'
[17:56:31][NioProcessor-3] - 客户端连接错误/127.0.0.1:51338， server exception 远程主机强迫关闭了一个现有的连接。
[17:56:31][NioProcessor-3] - 客户端/127.0.0.1:51338 断开连接
[17:56:35][NioProcessor-4] - 打开一个客户端连接/127.0.0.1:51504
[17:56:37][NioProcessor-4] - 收到消息-->ReqLoginMessage [accountId=10000, password=winturn]
[17:56:54][NioProcessor-4] - 客户端连接错误/127.0.0.1:51504， server exception 远程主机强迫关闭了一个现有的连接。
[17:56:54][NioProcessor-4] - 客户端/127.0.0.1:51504 断开连接
[17:57:58][NioProcessor-1] - 打开一个客户端连接/127.0.0.1:51551
[17:58:01][NioProcessor-1] - 收到消息-->ReqLoginMessage [accountId=10000, password=winturn]
[17:58:08][NioProcessor-1] - 收到消息-->ReqKapaiUpdateMessage [kapais count=2]
[17:58:08][message-task-handler-thread-1] - KapaiListener捕捉到事件EventKapaiUpdate [playerId=10000,eventType=KAPAI_UPDATE]
[17:58:08][db-save-service-thread-1] - [save] UPDATE kapai SET `player_id` = '10000', `kapai_id` = '10000', `xingji` = '1', `id` = '2815129898837278732', `s_dengji` = '4', `bingzhong` = '1011', `pinzhi` = '1', `dalei` = '1', `jiachengbi` = '0', `jingyan` = '210' WHERE 1=1 AND `kapai_id` = '10000'
[17:58:16][NioProcessor-1] - 收到消息-->ReqKapaiUpdateMessage [kapais count=2]
[17:58:16][message-task-handler-thread-1] - KapaiListener捕捉到事件EventKapaiUpdate [playerId=10000,eventType=KAPAI_UPDATE]
[17:58:16][db-save-service-thread-1] - [save] UPDATE kapai SET `player_id` = '10000', `kapai_id` = '10000', `xingji` = '1', `id` = '2815129898837278732', `s_dengji` = '5', `bingzhong` = '1011', `pinzhi` = '1', `dalei` = '1', `jiachengbi` = '0', `jingyan` = '280' WHERE 1=1 AND `kapai_id` = '10000'
[17:58:50][NioProcessor-1] - 收到消息-->ReqKapaiUpdateMessage [kapais count=2]
[17:58:50][message-task-handler-thread-1] - KapaiListener捕捉到事件EventKapaiUpdate [playerId=10000,eventType=KAPAI_UPDATE]
[17:58:50][db-save-service-thread-1] - [save] UPDATE kapai SET `player_id` = '10000', `kapai_id` = '10000', `xingji` = '1', `id` = '2815129898837278732', `s_dengji` = '6', `bingzhong` = '1011', `pinzhi` = '1', `dalei` = '1', `jiachengbi` = '0', `jingyan` = '380' WHERE 1=1 AND `kapai_id` = '10000'
